<?xml version="1.0" encoding="UTF-8"?>
<!-- Generated by org.testng.reporters.JUnitXMLReporter -->
<testsuite hostname="QTLSYS2-72pc" ignored="5" tests="0" failures="0" timestamp="23 Jul 2019 08:44:26 GMT" time="0.015" errors="0">
  <testcase name="QC_AgeStore_Void_Txn" time="0.0" classname="tests.QCStore">
    <ignored/>
  </testcase> <!-- QC_AgeStore_Void_Txn -->
  <testcase name="QC_NewLoan_Promotion_Txn" time="0.0" classname="tests.QCStore">
    <ignored/>
  </testcase> <!-- QC_NewLoan_Promotion_Txn -->
  <testcase name="QC_Installmentpayment_Txn" time="0.0" classname="tests.QCStore">
    <ignored/>
  </testcase> <!-- QC_Installmentpayment_Txn -->
  <testcase name="QC_PDL_MidDay_Deposit" time="0.0" classname="tests.QCStore">
    <ignored/>
  </testcase> <!-- QC_PDL_MidDay_Deposit -->
  <testcase name="QC_NewLoan_Void_Txn" time="0.0" classname="tests.QCStore">
    <ignored/>
  </testcase> <!-- QC_NewLoan_Void_Txn -->
</testsuite>
