<?xml version="1.0" encoding="UTF-8"?>
<testng-results skipped="0" failed="0" ignored="0" total="1" passed="1">
  <reporter-output>
    <line>
      <![CDATA[substraction]]>
    </line>
  </reporter-output>
  <suite name="Default suite" duration-ms="19" started-at="2019-07-29T10:29:20Z" finished-at="2019-07-29T10:29:20Z">
    <groups>
      <group name="Jyothi7">
        <method signature="Java_programme.testCase19()[pri:19, instance:tests.Java_programme@4fe3c938]" name="testCase19" class="tests.Java_programme"/>
      </group> <!-- Jyothi7 -->
    </groups>
    <test name="Default test" duration-ms="19" started-at="2019-07-29T10:29:20Z" finished-at="2019-07-29T10:29:20Z">
      <class name="tests.Java_programme">
        <test-method status="PASS" signature="beforeSuite()[pri:0, instance:tests.Java_programme@4fe3c938]" name="beforeSuite" is-config="true" duration-ms="7" started-at="2019-07-29T10:29:20Z" finished-at="2019-07-29T10:29:20Z">
          <reporter-output>
          </reporter-output>
        </test-method> <!-- beforeSuite -->
        <test-method status="PASS" signature="beforeTest()[pri:0, instance:tests.Java_programme@4fe3c938]" name="beforeTest" is-config="true" duration-ms="0" started-at="2019-07-29T10:29:20Z" finished-at="2019-07-29T10:29:20Z">
          <reporter-output>
          </reporter-output>
        </test-method> <!-- beforeTest -->
        <test-method status="PASS" signature="beforeClass()[pri:0, instance:tests.Java_programme@4fe3c938]" name="beforeClass" is-config="true" duration-ms="0" started-at="2019-07-29T10:29:20Z" finished-at="2019-07-29T10:29:20Z">
          <reporter-output>
          </reporter-output>
        </test-method> <!-- beforeClass -->
        <test-method status="PASS" signature="beforeMethod()[pri:0, instance:tests.Java_programme@4fe3c938]" name="beforeMethod" is-config="true" duration-ms="1" started-at="2019-07-29T10:29:20Z" finished-at="2019-07-29T10:29:20Z">
          <reporter-output>
          </reporter-output>
        </test-method> <!-- beforeMethod -->
        <test-method status="PASS" signature="testCase19()[pri:19, instance:tests.Java_programme@4fe3c938]" name="testCase19" duration-ms="4" started-at="2019-07-29T10:29:20Z" finished-at="2019-07-29T10:29:20Z">
          <reporter-output>
            <line>
              <![CDATA[substraction]]>
            </line>
          </reporter-output>
        </test-method> <!-- testCase19 -->
        <test-method status="PASS" signature="afterMethod()[pri:0, instance:tests.Java_programme@4fe3c938]" name="afterMethod" is-config="true" duration-ms="1" started-at="2019-07-29T10:29:20Z" finished-at="2019-07-29T10:29:20Z">
          <reporter-output>
          </reporter-output>
        </test-method> <!-- afterMethod -->
        <test-method status="PASS" signature="afterClass()[pri:0, instance:tests.Java_programme@4fe3c938]" name="afterClass" is-config="true" duration-ms="0" started-at="2019-07-29T10:29:20Z" finished-at="2019-07-29T10:29:20Z">
          <reporter-output>
          </reporter-output>
        </test-method> <!-- afterClass -->
        <test-method status="PASS" signature="afterTest()[pri:0, instance:tests.Java_programme@4fe3c938]" name="afterTest" is-config="true" duration-ms="0" started-at="2019-07-29T10:29:20Z" finished-at="2019-07-29T10:29:20Z">
          <reporter-output>
          </reporter-output>
        </test-method> <!-- afterTest -->
        <test-method status="PASS" signature="afterSuite()[pri:0, instance:tests.Java_programme@4fe3c938]" name="afterSuite" is-config="true" duration-ms="0" started-at="2019-07-29T10:29:20Z" finished-at="2019-07-29T10:29:20Z">
          <reporter-output>
          </reporter-output>
        </test-method> <!-- afterSuite -->
      </class> <!-- tests.Java_programme -->
    </test> <!-- Default test -->
  </suite> <!-- Default suite -->
</testng-results>
