<?xml version="1.0" encoding="UTF-8"?>
<testng-results skipped="0" failed="0" ignored="0" total="1" passed="1">
  <reporter-output>
  </reporter-output>
  <suite name="Suite" duration-ms="26788" started-at="2020-06-15T06:18:33Z" finished-at="2020-06-15T06:18:59Z">
    <groups>
      <group name="Jyothi_PDL_Accounting">
        <method signature="QCStore.QC_Full_BuybackReturn_NSF_PaymentTxn()[pri:11, instance:tests.QCStore@370736d9]" name="QC_Full_BuybackReturn_NSF_PaymentTxn" class="tests.QCStore"/>
      </group> <!-- Jyothi_PDL_Accounting -->
    </groups>
    <test name="Test" duration-ms="26788" started-at="2020-06-15T06:18:33Z" finished-at="2020-06-15T06:18:59Z">
      <class name="tests.QCStore">
        <test-method status="PASS" signature="setup()[pri:0, instance:tests.QCStore@370736d9]" name="setup" is-config="true" duration-ms="81" started-at="2020-06-15T06:18:33Z" finished-at="2020-06-15T06:18:33Z">
          <reporter-output>
          </reporter-output>
        </test-method> <!-- setup -->
        <test-method status="PASS" signature="killProcess()[pri:0, instance:tests.QCStore@370736d9]" name="killProcess" is-config="true" duration-ms="0" started-at="2020-06-15T06:18:33Z" finished-at="2020-06-15T06:18:33Z">
          <reporter-output>
          </reporter-output>
        </test-method> <!-- killProcess -->
        <test-method status="PASS" signature="QC_Full_BuybackReturn_NSF_PaymentTxn()[pri:11, instance:tests.QCStore@370736d9]" name="QC_Full_BuybackReturn_NSF_PaymentTxn" duration-ms="25910" started-at="2020-06-15T06:18:33Z" finished-at="2020-06-15T06:18:59Z">
          <reporter-output>
          </reporter-output>
        </test-method> <!-- QC_Full_BuybackReturn_NSF_PaymentTxn -->
        <test-method status="PASS" signature="endReport()[pri:0, instance:tests.QCStore@370736d9]" name="endReport" is-config="true" duration-ms="1" started-at="2020-06-15T06:18:59Z" finished-at="2020-06-15T06:18:59Z">
          <reporter-output>
          </reporter-output>
        </test-method> <!-- endReport -->
        <test-method status="PASS" signature="getResult(org.testng.ITestResult)[pri:0, instance:tests.QCStore@370736d9]" name="getResult" is-config="true" duration-ms="781" started-at="2020-06-15T06:18:59Z" finished-at="2020-06-15T06:18:59Z">
          <params>
            <param index="0">
              <value>
                <![CDATA[[TestResult name=QC_Full_BuybackReturn_NSF_PaymentTxn status=SUCCESS method=QCStore.QC_Full_BuybackReturn_NSF_PaymentTxn()[pri:11, instance:tests.QCStore@370736d9] output={null}]]]>
              </value>
            </param>
          </params>
          <reporter-output>
          </reporter-output>
        </test-method> <!-- getResult -->
      </class> <!-- tests.QCStore -->
    </test> <!-- Test -->
  </suite> <!-- Suite -->
</testng-results>
