<?xml version="1.0" encoding="UTF-8"?>
<testng-results skipped="0" failed="0" ignored="0" total="1" passed="1">
  <reporter-output>
  </reporter-output>
  <suite name="Suite" duration-ms="3356321" started-at="2019-03-24T17:30:28Z" finished-at="2019-03-24T18:26:24Z">
    <groups>
      <group name="Ratikanta_ILP">
        <method signature="QCStore.QC_3Payments_Refinance_Semimonthly_StepUp_LoanAmt_Edit_Txn_Testdata()[pri:2, instance:tests.QCStore@6d7b4f4c]" name="QC_3Payments_Refinance_Semimonthly_StepUp_LoanAmt_Edit_Txn_Testdata" class="tests.QCStore"/>
      </group> <!-- Ratikanta_ILP -->
    </groups>
    <test name="Test" duration-ms="3356321" started-at="2019-03-24T17:30:28Z" finished-at="2019-03-24T18:26:24Z">
      <class name="tests.QCStore">
        <test-method status="PASS" signature="setup()[pri:0, instance:tests.QCStore@6d7b4f4c]" name="setup" is-config="true" duration-ms="121" started-at="2019-03-24T17:30:28Z" finished-at="2019-03-24T17:30:28Z">
          <reporter-output>
          </reporter-output>
        </test-method> <!-- setup -->
        <test-method status="PASS" signature="killProcess()[pri:0, instance:tests.QCStore@6d7b4f4c]" name="killProcess" is-config="true" duration-ms="5000" started-at="2019-03-24T17:30:28Z" finished-at="2019-03-24T17:30:33Z">
          <reporter-output>
          </reporter-output>
        </test-method> <!-- killProcess -->
        <test-method status="PASS" signature="QC_3Payments_Refinance_Semimonthly_StepUp_LoanAmt_Edit_Txn_Testdata()[pri:2, instance:tests.QCStore@6d7b4f4c]" name="QC_3Payments_Refinance_Semimonthly_StepUp_LoanAmt_Edit_Txn_Testdata" duration-ms="3350955" started-at="2019-03-24T17:30:33Z" finished-at="2019-03-24T18:26:24Z">
          <reporter-output>
          </reporter-output>
        </test-method> <!-- QC_3Payments_Refinance_Semimonthly_StepUp_LoanAmt_Edit_Txn_Testdata -->
        <test-method status="PASS" signature="endReport()[pri:0, instance:tests.QCStore@6d7b4f4c]" name="endReport" is-config="true" duration-ms="1" started-at="2019-03-24T18:26:24Z" finished-at="2019-03-24T18:26:24Z">
          <reporter-output>
          </reporter-output>
        </test-method> <!-- endReport -->
        <test-method status="PASS" signature="getResult(org.testng.ITestResult)[pri:0, instance:tests.QCStore@6d7b4f4c]" name="getResult" is-config="true" duration-ms="222" started-at="2019-03-24T18:26:24Z" finished-at="2019-03-24T18:26:24Z">
          <params>
            <param index="0">
              <value>
                <![CDATA[[TestResult name=QC_3Payments_Refinance_Semimonthly_StepUp_LoanAmt_Edit_Txn_Testdata status=SUCCESS method=QCStore.QC_3Payments_Refinance_Semimonthly_StepUp_LoanAmt_Edit_Txn_Testdata()[pri:2, instance:tests.QCStore@6d7b4f4c] output={null}]]]>
              </value>
            </param>
          </params>
          <reporter-output>
          </reporter-output>
        </test-method> <!-- getResult -->
      </class> <!-- tests.QCStore -->
    </test> <!-- Test -->
  </suite> <!-- Suite -->
</testng-results>
