
<!DOCTYPE html>
<html>
	<head>
		<!--
			ExtentReports Library 2.41.1 | http://relevantcodes.com/extentreports-for-selenium/ | https://github.com/anshooarora/
			Copyright (c) 2015, Anshoo Arora (Relevant Codes) | Copyrights licensed under the New BSD License | http://opensource.org/licenses/BSD-3-Clause
			Documentation: http://extentreports.relevantcodes.com 
		-->

		<meta charset='UTF-8' /> 
		<meta name='description' content='ExtentReports (by Anshoo Arora) is a reporting library for automation testing for .NET and Java. It creates detailed and beautiful HTML reports for modern browsers. ExtentReports shows test and step summary along with dashboards, system and environment details for quick analysis of your tests.' />
		<meta name='robots' content='noodp, noydir' />
		<meta name='viewport' content='width=device-width, initial-scale=1' />
		<meta name='extentx' id='extentx' content='' />
		
		<title>
				ExtentReports 2.0
		</title>
		
		
		<link href='https://fonts.googleapis.com/css?family=Source+Sans+Pro:400,600' rel='stylesheet' type='text/css'>
		<link href='https://cdn.rawgit.com/anshooarora/extentreports/6032d73243ba4fe4fb8769eb9c315d4fdf16fe68/cdn/extent.css' type='text/css' rel='stylesheet' />
		
		<style>
				
            
                
            
        
		</style>
	</head>
	
	
	<body class='extent default standard hide-overflow'>
		<!-- nav -->
		<nav>
			<div class='logo-container blue darken-2'>
				<a class='logo-content' href='http://extentreports.relevantcodes.com'>
					<span>ExtentReports</span>
				</a>
				<a href='#' data-activates='slide-out' class='button-collapse hide-on-large-only'><i class='mdi-navigation-apps'></i></a>
			</div>
			<ul id='slide-out' class='side-nav fixed hide-on-med-and-down'>
				<li class='analysis waves-effect active'><a href='#!' class='test-view' onclick="_updateCurrentStage(0)"><i class='mdi-action-dashboard'></i>Test Details</a></li>
				<li class='analysis waves-effect'>
					<a href='#!' onclick="_updateCurrentStage(-1)" class='dashboard-view'><i class='mdi-action-track-changes'></i></i>Analysis</a>
				</li>
			</ul>
			<span class='report-name'>Automation Report</span> <span class='report-headline'></span>
			<ul class='right hide-on-med-and-down nav-right'>
				<li class='theme-selector' alt='Click to toggle dark theme. To enable by default, use js configuration $("body").addClass("dark");' title='Click to toggle dark theme. To enable by default, use js configuration $("body").addClass("dark");'>
					<i class='mdi-hardware-desktop-windows'></i>
				</li>
				<li>
					<span class='suite-started-time'>2019-07-25 21:20:56</span>
				</li>
				<li>
					<span>v2.41.1</span>
				</li>
			</ul>
		</nav>
		<!-- /nav -->
		
		<!-- container -->
		<div class='container'>
			
			<!-- dashboard -->
			<div id='dashboard-view' class='row'>
				<div class='time-totals'>
					<div class='col l2 m4 s6'>
						<div class='card suite-total-tests'> 
							<span class='panel-name'>Total Tests</span> 
							<span class='total-tests'> <span class='panel-lead'></span> </span> 
						</div> 
					</div>
					<div class='col l2 m4 s6'>
						<div class='card suite-total-steps'> 
							<span class='panel-name'>Total Steps</span> 
							<span class='total-steps'> <span class='panel-lead'></span> </span> 
						</div> 
					</div>
					<div class='col l2 m4 s12'>
						<div class='card suite-total-time-current'> 
							<span class='panel-name'>Total Time Taken (Current Run)</span> 
							<span class='suite-total-time-current-value panel-lead'>0h 48m 52s+568ms</span> 
						</div> 
					</div>
					<div class='col l2 m4 s12'>
						<div class='card suite-total-time-overall'> 
							<span class='panel-name'>Total Time Taken (Overall)</span> 
							<span class='suite-total-time-overall-value panel-lead'>0h 48m 52s+568ms</span> 
						</div> 
					</div>
					<div class='col l2 m4 s6 suite-start-time'>
						<div class='card accent green-accent'> 
							<span class='panel-name'>Start</span> 
							<span class='panel-lead suite-started-time'>2019-07-25 20:32:04</span> 
						</div> 
					</div>
					<div class='col l2 m4 s6 suite-end-time'>
						<div class='card accent pink-accent'> 
							<span class='panel-name'>End</span> 
							<span class='panel-lead suite-ended-time'>2019-07-25 21:20:56</span> 
						</div> 
					</div>
				</div>
				<div class='charts'>
					<div class='col s12 m6 l4 fh'> 
						<div class='card-panel'> 
							<div>
								<span class='panel-name'>Tests View</span>
							</div> 
							<div class='panel-setting modal-trigger test-count-setting right'>
								<a href='#test-count-setting'><i class='mdi-navigation-more-vert text-md'></i></a>
							</div> 
							<div class='chart-box'>
								<canvas class='text-centered' id='test-analysis'></canvas>
							</div> 
							<div>
								<span class='weight-light'><span class='t-pass-count weight-normal'></span> test(s) passed</span>
							</div> 
							<div>
								<span class='weight-light'><span class='t-fail-count weight-normal'></span> test(s) failed, <span class='t-others-count weight-normal'></span> others</span>
							</div> 
						</div> 
					</div> 
					<div class='col s12 m6 l4 fh'> 
						<div class='card-panel'> 
							<div>
								<span class='panel-name'>Steps View</span>
							</div> 
							<div class='panel-setting modal-trigger step-status-filter right'>
								<a href='#step-status-filter'><i class='mdi-navigation-more-vert text-md'></i></a>
							</div> 
							<div class='chart-box'>
								<canvas class='text-centered' id='step-analysis'></canvas>
							</div> 
							<div>
								<span class='weight-light'><span class='s-pass-count weight-normal'></span> step(s) passed </span>
							</div> 
							<div>
								<span class='weight-light'><span class='s-fail-count weight-normal'></span> step(s) failed, <span class='s-others-count weight-normal'></span> others</span>
							</div> 
						</div> 
					</div>
					<div class='col s12 m12 l4 fh'> 
						<div class='card-panel'> 
							<span class='panel-name'>Pass Percentage</span> 
							<span class='pass-percentage panel-lead'></span> 
							<div class='progress light-blue lighten-3'> 
								<div class='determinate light-blue'></div> 
							</div> 
						</div> 
					</div>
				</div>
				<div class='system-view'>
					<div class='col l4 m12 s12'>
						<div class='card-panel'>
							<span class='label info outline right'>Environment</span>
							<table>
								<thead>
									<tr>
										<th>Param</th>
										<th>Value</th>
									</tr>
								</thead>
								<tbody>
										<tr>
											<td>User Name</td>
											<td>jyothi.v</td>
										</tr>
										<tr>
											<td>OS</td>
											<td>Windows 7</td>
										</tr>
										<tr>
											<td>Java Version</td>
											<td>1.8.0_171</td>
										</tr>
										<tr>
											<td>Host Name</td>
											<td>QTLSYS2-72pc</td>
										</tr>
								</tbody>
							</table>
						</div>
					</div>
				</div>
			</div>
			<!-- /dashboard -->
			
			<!-- tests -->
			<div id='test-view' class='row _addedTable'>
				<div class='col _addedCell1'>
					<div class='contents'>
						<div class='card-panel heading'>
							<h5>Tests</h5>
						</div>
						<div class='card-panel filters'>
							<div>
								<a class='dropdown-button btn-floating btn-small waves-effect waves-light grey tests-toggle' data-activates='tests-toggle' data-constrainwidth='true' data-beloworigin='true' data-hover='true' href='#'>
									<i class='mdi-action-reorder'></i>
								</a>
								<ul id='tests-toggle' class='dropdown-content'>
									<li class='pass'><a href='#!'>Pass</a></li>
									<li class='fail'><a href='#!'>Fail</a></li>
									<li class='skip'><a href='#!'>Skip</a></li>
									<li class='divider'></li>
									<li class='clear'><a href='#!'>Clear Filters</a></li>
								</ul>
							</div>
							<div>
								<a class='btn-floating btn-small waves-effect waves-light grey' id='clear-filters' alt='Clear Filters' title='Clear Filters'>
									<i class='mdi-navigation-close'></i>
								</a>
							</div>
							<div>
								<a class='btn-floating btn-small waves-effect waves-light grey' id='enableDashboard' alt='Enable Dashboard' title='Enable Dashboard'>
									<i class='mdi-action-track-changes'></i>
								</a>
							</div>
							<div>
								<a class='btn-floating btn-small waves-effect waves-light blue enabled' id='refreshCharts' alt='Refresh Charts on Filters' title='Refresh Charts on Filters'>
									<i class='mdi-navigation-refresh'></i>
								</a>
							</div>
							<div class='search' alt='Search Tests' title='Search Tests'>
								<div class='input-field left'>
									<input id='searchTests' type='text' class='validate' placeholder='Search Tests...'>
								</div>
								<a href="#" class='btn-floating btn-small waves-effect waves-light grey'>
									<i class='mdi-action-search'></i>
								</a>
							</div>
						</div>
						<div class='card-panel no-padding-h no-padding-v no-margin-v'>
							<div class='wrapper'>
								<ul id='test-collection' class='test-collection'>
										<li class='collection-item test displayed active fail ' extentid='f140efd6-86a7-4072-9354-8e227e95b303'>
											<div class='test-head'>
												<span class='test-name'>Biweekly_NextPay_NotOn_End </span>
												<span class='test-status label right outline capitalize fail'>fail</span>
												<span class='category-assigned hide '></span>
											</div>
											<div class='test-body'>
												<div class='test-info'>
													<span title='Test started time' alt='Test started time' class='test-started-time label green lighten-1 text-white'>2019-07-25 20:32:09</span>
													<span title='Test ended time' alt='Test ended time' class='test-ended-time label red lighten-1 text-white'></span>
													<span title='Time taken to finish' alt='Time taken to finish' class='test-time-taken label blue-grey lighten-3 text-white'></span>
												</div>
												<div class='test-desc'>Login->Borrower Registratino->New LOC for a Customer with income to validate LOC Amt</div>
												<div class='test-attributes'>
												</div>
												<div class='test-steps'>
													<table class='bordered table-results'>
														<thead>
															<tr>
																<th>Status</th>
																<th>Timestamp</th>
																<th>Details</th>
															</tr>
														</thead>
														<tbody>
																<tr>
																	<td class='status info' title='info' alt='info'><i class='mdi-action-info-outline'></i></td>
																	<td class='timestamp'>20:32:13</td>
																	<td class='step-details'><FONT color=green style=Calibri > Opened the CSR URL https://qclocalreg/cc/demoIndex.do</td>
																</tr>
																<tr>
																	<td class='status info' title='info' alt='info'><i class='mdi-action-info-outline'></i></td>
																	<td class='timestamp'>20:32:13</td>
																	<td class='step-details'>CSR Application is launched</td>
																</tr>
																<tr>
																	<td class='status fail' title='fail' alt='fail'><i class='mdi-navigation-cancel'></i></td>
																	<td class='timestamp'>20:32:39</td>
																	<td class='step-details'>CSR login is failed</td>
																</tr>
																<tr>
																	<td class='status info' title='info' alt='info'><i class='mdi-action-info-outline'></i></td>
																	<td class='timestamp'>20:32:39</td>
																	<td class='step-details'>Borrower Registration has started</td>
																</tr>
																<tr>
																	<td class='status info' title='info' alt='info'><i class='mdi-action-info-outline'></i></td>
																	<td class='timestamp'>20:33:19</td>
																	<td class='step-details'>Exception occured org.openqa.selenium.NoSuchFrameException: No frame element found by name or id bottom
Build info: version: '3.14.0', revision: 'aacccce0', time: '2018-08-02T20:19:58.91Z'
System info: host: 'QTLSYS2-72PC', ip: '192.168.2.72', os.name: 'Windows 7', os</td>
																</tr>
																<tr>
																	<td class='status info' title='info' alt='info'><i class='mdi-action-info-outline'></i></td>
																	<td class='timestamp'>20:33:20</td>
																	<td class='step-details'><a href='C:\Copy of QC_Batch1\QC_Batch\QC_LOC/ExecutionReports/QCStore/LOC/FailedTestsScreenshots/ACHDeposit_EODs_Return_ReDeposit_Return2019.07.25.08.33.19.png' data-featherlight='image'><img class='report-img' src='file:///C:\Copy of QC_Batch1\QC_Batch\QC_LOC/ExecutionReports/QCStore/LOC/FailedTestsScreenshots/ACHDeposit_EODs_Return_ReDeposit_Return2019.07.25.08.33.19.png' /></a></td>
																</tr>
																<tr>
																	<td class='status info' title='info' alt='info'><i class='mdi-action-info-outline'></i></td>
																	<td class='timestamp'>20:33:20</td>
																	<td class='step-details'>Borrower Registration process is initiated again due to Application sync issue</td>
																</tr>
																<tr>
																	<td class='status info' title='info' alt='info'><i class='mdi-action-info-outline'></i></td>
																	<td class='timestamp'>20:33:26</td>
																	<td class='step-details'>Borrower Registration has started</td>
																</tr>
																<tr>
																	<td class='status info' title='info' alt='info'><i class='mdi-action-info-outline'></i></td>
																	<td class='timestamp'>20:33:47</td>
																	<td class='step-details'>Exception occured org.openqa.selenium.NoSuchElementException: Unable to find element with xpath == /html/body/blink/table/tbody/tr/td[4] (WARNING: The server did not provide any stacktrace information)
Command duration or timeout: 0 milliseconds
For documentation on t</td>
																</tr>
																<tr>
																	<td class='status info' title='info' alt='info'><i class='mdi-action-info-outline'></i></td>
																	<td class='timestamp'>20:33:47</td>
																	<td class='step-details'><a href='C:\Copy of QC_Batch1\QC_Batch\QC_LOC/ExecutionReports/QCStore/LOC/FailedTestsScreenshots/ACHDeposit_EODs_Return_ReDeposit_Return2019.07.25.08.33.47.png' data-featherlight='image'><img class='report-img' src='file:///C:\Copy of QC_Batch1\QC_Batch\QC_LOC/ExecutionReports/QCStore/LOC/FailedTestsScreenshots/ACHDeposit_EODs_Return_ReDeposit_Return2019.07.25.08.33.47.png' /></a></td>
																</tr>
																<tr>
																	<td class='status info' title='info' alt='info'><i class='mdi-action-info-outline'></i></td>
																	<td class='timestamp'>20:33:47</td>
																	<td class='step-details'>Borrower Registration process is initiated again due to Application sync issue</td>
																</tr>
																<tr>
																	<td class='status info' title='info' alt='info'><i class='mdi-action-info-outline'></i></td>
																	<td class='timestamp'>20:33:47</td>
																	<td class='step-details'>Borrower Registration has started</td>
																</tr>
																<tr>
																	<td class='status info' title='info' alt='info'><i class='mdi-action-info-outline'></i></td>
																	<td class='timestamp'>20:34:08</td>
																	<td class='step-details'>Exception occured org.openqa.selenium.NoSuchElementException: Unable to find element with xpath == /html/body/blink/table/tbody/tr/td[4] (WARNING: The server did not provide any stacktrace information)
Command duration or timeout: 0 milliseconds
For documentation on t</td>
																</tr>
																<tr>
																	<td class='status info' title='info' alt='info'><i class='mdi-action-info-outline'></i></td>
																	<td class='timestamp'>20:34:08</td>
																	<td class='step-details'><a href='C:\Copy of QC_Batch1\QC_Batch\QC_LOC/ExecutionReports/QCStore/LOC/FailedTestsScreenshots/ACHDeposit_EODs_Return_ReDeposit_Return2019.07.25.08.34.08.png' data-featherlight='image'><img class='report-img' src='file:///C:\Copy of QC_Batch1\QC_Batch\QC_LOC/ExecutionReports/QCStore/LOC/FailedTestsScreenshots/ACHDeposit_EODs_Return_ReDeposit_Return2019.07.25.08.34.08.png' /></a></td>
																</tr>
																<tr>
																	<td class='status info' title='info' alt='info'><i class='mdi-action-info-outline'></i></td>
																	<td class='timestamp'>20:34:08</td>
																	<td class='step-details'>Borrower Registration process is initiated again due to Application sync issue</td>
																</tr>
																<tr>
																	<td class='status fail' title='fail' alt='fail'><i class='mdi-navigation-cancel'></i></td>
																	<td class='timestamp'>20:34:08</td>
																	<td class='step-details'>Borrower Registration is failed</td>
																</tr>
																<tr>
																	<td class='status fail' title='fail' alt='fail'><i class='mdi-navigation-cancel'></i></td>
																	<td class='timestamp'>20:34:08</td>
																	<td class='step-details'>Test Case Failed is LOC_Biweekly_NextPay_NotOn_End_Txn</td>
																</tr>
																<tr>
																	<td class='status fail' title='fail' alt='fail'><i class='mdi-navigation-cancel'></i></td>
																	<td class='timestamp'>20:34:09</td>
																	<td class='step-details'><a href='C:\Copy of QC_Batch1\QC_Batch\QC_LOC/ExecutionReports/QCStore/LOC/FailedTestsScreenshots/LOC_Biweekly_NextPay_NotOn_End_Txn2019.07.25.08.34.08.png' data-featherlight='image'><img class='report-img' src='file:///C:\Copy of QC_Batch1\QC_Batch\QC_LOC/ExecutionReports/QCStore/LOC/FailedTestsScreenshots/LOC_Biweekly_NextPay_NotOn_End_Txn2019.07.25.08.34.08.png' /></a></td>
																</tr>
														</tbody>
													</table>
													<ul class='collapsible node-list' data-collapsible='accordion'>
													</ul>
												</div>
											</div>
										</li>
										<li class='collection-item test displayed active fail ' extentid='a962fc90-3f50-42ec-8fae-d02dde51e5d3'>
											<div class='test-head'>
												<span class='test-name'>monthly_NextPay_NotOn_End </span>
												<span class='test-status label right outline capitalize fail'>fail</span>
												<span class='category-assigned hide '></span>
											</div>
											<div class='test-body'>
												<div class='test-info'>
													<span title='Test started time' alt='Test started time' class='test-started-time label green lighten-1 text-white'>2019-07-25 20:34:14</span>
													<span title='Test ended time' alt='Test ended time' class='test-ended-time label red lighten-1 text-white'></span>
													<span title='Time taken to finish' alt='Time taken to finish' class='test-time-taken label blue-grey lighten-3 text-white'></span>
												</div>
												<div class='test-desc'>Login->Borrower Registratino->New LOC for a monthly Customer with income to validate LOC Amt</div>
												<div class='test-attributes'>
												</div>
												<div class='test-steps'>
													<table class='bordered table-results'>
														<thead>
															<tr>
																<th>Status</th>
																<th>Timestamp</th>
																<th>Details</th>
															</tr>
														</thead>
														<tbody>
																<tr>
																	<td class='status info' title='info' alt='info'><i class='mdi-action-info-outline'></i></td>
																	<td class='timestamp'>20:34:18</td>
																	<td class='step-details'><FONT color=green style=Calibri > Opened the CSR URL https://qclocalreg/cc/demoIndex.do</td>
																</tr>
																<tr>
																	<td class='status info' title='info' alt='info'><i class='mdi-action-info-outline'></i></td>
																	<td class='timestamp'>20:34:18</td>
																	<td class='step-details'>CSR Application is launched</td>
																</tr>
																<tr>
																	<td class='status fail' title='fail' alt='fail'><i class='mdi-navigation-cancel'></i></td>
																	<td class='timestamp'>20:34:41</td>
																	<td class='step-details'>CSR login is failed</td>
																</tr>
																<tr>
																	<td class='status info' title='info' alt='info'><i class='mdi-action-info-outline'></i></td>
																	<td class='timestamp'>20:34:41</td>
																	<td class='step-details'>Borrower Registration has started</td>
																</tr>
																<tr>
																	<td class='status info' title='info' alt='info'><i class='mdi-action-info-outline'></i></td>
																	<td class='timestamp'>20:35:21</td>
																	<td class='step-details'>Exception occured org.openqa.selenium.NoSuchFrameException: No frame element found by name or id bottom
Build info: version: '3.14.0', revision: 'aacccce0', time: '2018-08-02T20:19:58.91Z'
System info: host: 'QTLSYS2-72PC', ip: '192.168.2.72', os.name: 'Windows 7', os</td>
																</tr>
																<tr>
																	<td class='status info' title='info' alt='info'><i class='mdi-action-info-outline'></i></td>
																	<td class='timestamp'>20:35:21</td>
																	<td class='step-details'><a href='C:\Copy of QC_Batch1\QC_Batch\QC_LOC/ExecutionReports/QCStore/LOC/FailedTestsScreenshots/ACHDeposit_EODs_Return_ReDeposit_Return2019.07.25.08.35.21.png' data-featherlight='image'><img class='report-img' src='file:///C:\Copy of QC_Batch1\QC_Batch\QC_LOC/ExecutionReports/QCStore/LOC/FailedTestsScreenshots/ACHDeposit_EODs_Return_ReDeposit_Return2019.07.25.08.35.21.png' /></a></td>
																</tr>
																<tr>
																	<td class='status info' title='info' alt='info'><i class='mdi-action-info-outline'></i></td>
																	<td class='timestamp'>20:35:21</td>
																	<td class='step-details'>Borrower Registration process is initiated again due to Application sync issue</td>
																</tr>
																<tr>
																	<td class='status info' title='info' alt='info'><i class='mdi-action-info-outline'></i></td>
																	<td class='timestamp'>20:35:23</td>
																	<td class='step-details'>Borrower Registration has started</td>
																</tr>
																<tr>
																	<td class='status info' title='info' alt='info'><i class='mdi-action-info-outline'></i></td>
																	<td class='timestamp'>20:35:44</td>
																	<td class='step-details'>Exception occured org.openqa.selenium.NoSuchElementException: Unable to find element with xpath == /html/body/blink/table/tbody/tr/td[4] (WARNING: The server did not provide any stacktrace information)
Command duration or timeout: 0 milliseconds
For documentation on t</td>
																</tr>
																<tr>
																	<td class='status info' title='info' alt='info'><i class='mdi-action-info-outline'></i></td>
																	<td class='timestamp'>20:35:44</td>
																	<td class='step-details'><a href='C:\Copy of QC_Batch1\QC_Batch\QC_LOC/ExecutionReports/QCStore/LOC/FailedTestsScreenshots/ACHDeposit_EODs_Return_ReDeposit_Return2019.07.25.08.35.44.png' data-featherlight='image'><img class='report-img' src='file:///C:\Copy of QC_Batch1\QC_Batch\QC_LOC/ExecutionReports/QCStore/LOC/FailedTestsScreenshots/ACHDeposit_EODs_Return_ReDeposit_Return2019.07.25.08.35.44.png' /></a></td>
																</tr>
																<tr>
																	<td class='status info' title='info' alt='info'><i class='mdi-action-info-outline'></i></td>
																	<td class='timestamp'>20:35:44</td>
																	<td class='step-details'>Borrower Registration process is initiated again due to Application sync issue</td>
																</tr>
																<tr>
																	<td class='status info' title='info' alt='info'><i class='mdi-action-info-outline'></i></td>
																	<td class='timestamp'>20:35:44</td>
																	<td class='step-details'>Borrower Registration has started</td>
																</tr>
																<tr>
																	<td class='status info' title='info' alt='info'><i class='mdi-action-info-outline'></i></td>
																	<td class='timestamp'>20:36:04</td>
																	<td class='step-details'>Exception occured org.openqa.selenium.NoSuchElementException: Unable to find element with xpath == /html/body/blink/table/tbody/tr/td[4] (WARNING: The server did not provide any stacktrace information)
Command duration or timeout: 0 milliseconds
For documentation on t</td>
																</tr>
																<tr>
																	<td class='status info' title='info' alt='info'><i class='mdi-action-info-outline'></i></td>
																	<td class='timestamp'>20:36:05</td>
																	<td class='step-details'><a href='C:\Copy of QC_Batch1\QC_Batch\QC_LOC/ExecutionReports/QCStore/LOC/FailedTestsScreenshots/ACHDeposit_EODs_Return_ReDeposit_Return2019.07.25.08.36.04.png' data-featherlight='image'><img class='report-img' src='file:///C:\Copy of QC_Batch1\QC_Batch\QC_LOC/ExecutionReports/QCStore/LOC/FailedTestsScreenshots/ACHDeposit_EODs_Return_ReDeposit_Return2019.07.25.08.36.04.png' /></a></td>
																</tr>
																<tr>
																	<td class='status info' title='info' alt='info'><i class='mdi-action-info-outline'></i></td>
																	<td class='timestamp'>20:36:05</td>
																	<td class='step-details'>Borrower Registration process is initiated again due to Application sync issue</td>
																</tr>
																<tr>
																	<td class='status fail' title='fail' alt='fail'><i class='mdi-navigation-cancel'></i></td>
																	<td class='timestamp'>20:36:05</td>
																	<td class='step-details'>Borrower Registration is failed</td>
																</tr>
																<tr>
																	<td class='status fail' title='fail' alt='fail'><i class='mdi-navigation-cancel'></i></td>
																	<td class='timestamp'>20:36:05</td>
																	<td class='step-details'>Test Case Failed is LOC_monthly_NextPay_NotOn_End_Txn</td>
																</tr>
																<tr>
																	<td class='status fail' title='fail' alt='fail'><i class='mdi-navigation-cancel'></i></td>
																	<td class='timestamp'>20:36:05</td>
																	<td class='step-details'><a href='C:\Copy of QC_Batch1\QC_Batch\QC_LOC/ExecutionReports/QCStore/LOC/FailedTestsScreenshots/LOC_monthly_NextPay_NotOn_End_Txn2019.07.25.08.36.05.png' data-featherlight='image'><img class='report-img' src='file:///C:\Copy of QC_Batch1\QC_Batch\QC_LOC/ExecutionReports/QCStore/LOC/FailedTestsScreenshots/LOC_monthly_NextPay_NotOn_End_Txn2019.07.25.08.36.05.png' /></a></td>
																</tr>
														</tbody>
													</table>
													<ul class='collapsible node-list' data-collapsible='accordion'>
													</ul>
												</div>
											</div>
										</li>
										<li class='collection-item test displayed active fail ' extentid='e33fb75e-3f92-4d42-96f2-f00b6eac5b4d'>
											<div class='test-head'>
												<span class='test-name'>semimonthly_NextPay_NotOn_End </span>
												<span class='test-status label right outline capitalize fail'>fail</span>
												<span class='category-assigned hide '></span>
											</div>
											<div class='test-body'>
												<div class='test-info'>
													<span title='Test started time' alt='Test started time' class='test-started-time label green lighten-1 text-white'>2019-07-25 20:36:11</span>
													<span title='Test ended time' alt='Test ended time' class='test-ended-time label red lighten-1 text-white'></span>
													<span title='Time taken to finish' alt='Time taken to finish' class='test-time-taken label blue-grey lighten-3 text-white'></span>
												</div>
												<div class='test-desc'>Login->Borrower Registratino->New LOC for a semimonthly Customer with income to validate LOC Amt</div>
												<div class='test-attributes'>
												</div>
												<div class='test-steps'>
													<table class='bordered table-results'>
														<thead>
															<tr>
																<th>Status</th>
																<th>Timestamp</th>
																<th>Details</th>
															</tr>
														</thead>
														<tbody>
																<tr>
																	<td class='status info' title='info' alt='info'><i class='mdi-action-info-outline'></i></td>
																	<td class='timestamp'>20:36:15</td>
																	<td class='step-details'><FONT color=green style=Calibri > Opened the CSR URL https://qclocalreg/cc/demoIndex.do</td>
																</tr>
																<tr>
																	<td class='status info' title='info' alt='info'><i class='mdi-action-info-outline'></i></td>
																	<td class='timestamp'>20:36:15</td>
																	<td class='step-details'>CSR Application is launched</td>
																</tr>
																<tr>
																	<td class='status fail' title='fail' alt='fail'><i class='mdi-navigation-cancel'></i></td>
																	<td class='timestamp'>20:36:37</td>
																	<td class='step-details'>CSR login is failed</td>
																</tr>
																<tr>
																	<td class='status info' title='info' alt='info'><i class='mdi-action-info-outline'></i></td>
																	<td class='timestamp'>20:36:37</td>
																	<td class='step-details'>Borrower Registration has started</td>
																</tr>
																<tr>
																	<td class='status info' title='info' alt='info'><i class='mdi-action-info-outline'></i></td>
																	<td class='timestamp'>20:37:18</td>
																	<td class='step-details'>Exception occured org.openqa.selenium.NoSuchFrameException: No frame element found by name or id bottom
Build info: version: '3.14.0', revision: 'aacccce0', time: '2018-08-02T20:19:58.91Z'
System info: host: 'QTLSYS2-72PC', ip: '192.168.2.72', os.name: 'Windows 7', os</td>
																</tr>
																<tr>
																	<td class='status info' title='info' alt='info'><i class='mdi-action-info-outline'></i></td>
																	<td class='timestamp'>20:37:18</td>
																	<td class='step-details'><a href='C:\Copy of QC_Batch1\QC_Batch\QC_LOC/ExecutionReports/QCStore/LOC/FailedTestsScreenshots/ACHDeposit_EODs_Return_ReDeposit_Return2019.07.25.08.37.18.png' data-featherlight='image'><img class='report-img' src='file:///C:\Copy of QC_Batch1\QC_Batch\QC_LOC/ExecutionReports/QCStore/LOC/FailedTestsScreenshots/ACHDeposit_EODs_Return_ReDeposit_Return2019.07.25.08.37.18.png' /></a></td>
																</tr>
																<tr>
																	<td class='status info' title='info' alt='info'><i class='mdi-action-info-outline'></i></td>
																	<td class='timestamp'>20:37:18</td>
																	<td class='step-details'>Borrower Registration process is initiated again due to Application sync issue</td>
																</tr>
																<tr>
																	<td class='status info' title='info' alt='info'><i class='mdi-action-info-outline'></i></td>
																	<td class='timestamp'>20:37:21</td>
																	<td class='step-details'>Borrower Registration has started</td>
																</tr>
																<tr>
																	<td class='status info' title='info' alt='info'><i class='mdi-action-info-outline'></i></td>
																	<td class='timestamp'>20:37:42</td>
																	<td class='step-details'>Exception occured org.openqa.selenium.NoSuchElementException: Unable to find element with xpath == /html/body/blink/table/tbody/tr/td[4] (WARNING: The server did not provide any stacktrace information)
Command duration or timeout: 0 milliseconds
For documentation on t</td>
																</tr>
																<tr>
																	<td class='status info' title='info' alt='info'><i class='mdi-action-info-outline'></i></td>
																	<td class='timestamp'>20:37:42</td>
																	<td class='step-details'><a href='C:\Copy of QC_Batch1\QC_Batch\QC_LOC/ExecutionReports/QCStore/LOC/FailedTestsScreenshots/ACHDeposit_EODs_Return_ReDeposit_Return2019.07.25.08.37.42.png' data-featherlight='image'><img class='report-img' src='file:///C:\Copy of QC_Batch1\QC_Batch\QC_LOC/ExecutionReports/QCStore/LOC/FailedTestsScreenshots/ACHDeposit_EODs_Return_ReDeposit_Return2019.07.25.08.37.42.png' /></a></td>
																</tr>
																<tr>
																	<td class='status info' title='info' alt='info'><i class='mdi-action-info-outline'></i></td>
																	<td class='timestamp'>20:37:42</td>
																	<td class='step-details'>Borrower Registration process is initiated again due to Application sync issue</td>
																</tr>
																<tr>
																	<td class='status info' title='info' alt='info'><i class='mdi-action-info-outline'></i></td>
																	<td class='timestamp'>20:37:42</td>
																	<td class='step-details'>Borrower Registration has started</td>
																</tr>
																<tr>
																	<td class='status info' title='info' alt='info'><i class='mdi-action-info-outline'></i></td>
																	<td class='timestamp'>20:38:03</td>
																	<td class='step-details'>Exception occured org.openqa.selenium.NoSuchElementException: Unable to find element with xpath == /html/body/blink/table/tbody/tr/td[4] (WARNING: The server did not provide any stacktrace information)
Command duration or timeout: 0 milliseconds
For documentation on t</td>
																</tr>
																<tr>
																	<td class='status info' title='info' alt='info'><i class='mdi-action-info-outline'></i></td>
																	<td class='timestamp'>20:38:03</td>
																	<td class='step-details'><a href='C:\Copy of QC_Batch1\QC_Batch\QC_LOC/ExecutionReports/QCStore/LOC/FailedTestsScreenshots/ACHDeposit_EODs_Return_ReDeposit_Return2019.07.25.08.38.03.png' data-featherlight='image'><img class='report-img' src='file:///C:\Copy of QC_Batch1\QC_Batch\QC_LOC/ExecutionReports/QCStore/LOC/FailedTestsScreenshots/ACHDeposit_EODs_Return_ReDeposit_Return2019.07.25.08.38.03.png' /></a></td>
																</tr>
																<tr>
																	<td class='status info' title='info' alt='info'><i class='mdi-action-info-outline'></i></td>
																	<td class='timestamp'>20:38:03</td>
																	<td class='step-details'>Borrower Registration process is initiated again due to Application sync issue</td>
																</tr>
																<tr>
																	<td class='status fail' title='fail' alt='fail'><i class='mdi-navigation-cancel'></i></td>
																	<td class='timestamp'>20:38:03</td>
																	<td class='step-details'>Borrower Registration is failed</td>
																</tr>
																<tr>
																	<td class='status fail' title='fail' alt='fail'><i class='mdi-navigation-cancel'></i></td>
																	<td class='timestamp'>20:38:03</td>
																	<td class='step-details'>Test Case Failed is LOC_semimonthly_NextPay_NotOn_End_Txn</td>
																</tr>
																<tr>
																	<td class='status fail' title='fail' alt='fail'><i class='mdi-navigation-cancel'></i></td>
																	<td class='timestamp'>20:38:03</td>
																	<td class='step-details'><a href='C:\Copy of QC_Batch1\QC_Batch\QC_LOC/ExecutionReports/QCStore/LOC/FailedTestsScreenshots/LOC_semimonthly_NextPay_NotOn_End_Txn2019.07.25.08.38.03.png' data-featherlight='image'><img class='report-img' src='file:///C:\Copy of QC_Batch1\QC_Batch\QC_LOC/ExecutionReports/QCStore/LOC/FailedTestsScreenshots/LOC_semimonthly_NextPay_NotOn_End_Txn2019.07.25.08.38.03.png' /></a></td>
																</tr>
														</tbody>
													</table>
													<ul class='collapsible node-list' data-collapsible='accordion'>
													</ul>
												</div>
											</div>
										</li>
										<li class='collection-item test displayed active fail ' extentid='1bd282e6-0f82-4cb3-8361-22dbb20b6d6c'>
											<div class='test-head'>
												<span class='test-name'>weekly_NextPay_NotOn_End </span>
												<span class='test-status label right outline capitalize fail'>fail</span>
												<span class='category-assigned hide '></span>
											</div>
											<div class='test-body'>
												<div class='test-info'>
													<span title='Test started time' alt='Test started time' class='test-started-time label green lighten-1 text-white'>2019-07-25 20:38:09</span>
													<span title='Test ended time' alt='Test ended time' class='test-ended-time label red lighten-1 text-white'></span>
													<span title='Time taken to finish' alt='Time taken to finish' class='test-time-taken label blue-grey lighten-3 text-white'></span>
												</div>
												<div class='test-desc'>Login->Borrower Registratino->New LOC for a weekly Customer with income to validate LOC Amt</div>
												<div class='test-attributes'>
												</div>
												<div class='test-steps'>
													<table class='bordered table-results'>
														<thead>
															<tr>
																<th>Status</th>
																<th>Timestamp</th>
																<th>Details</th>
															</tr>
														</thead>
														<tbody>
																<tr>
																	<td class='status info' title='info' alt='info'><i class='mdi-action-info-outline'></i></td>
																	<td class='timestamp'>20:38:13</td>
																	<td class='step-details'><FONT color=green style=Calibri > Opened the CSR URL https://qclocalreg/cc/demoIndex.do</td>
																</tr>
																<tr>
																	<td class='status info' title='info' alt='info'><i class='mdi-action-info-outline'></i></td>
																	<td class='timestamp'>20:38:13</td>
																	<td class='step-details'>CSR Application is launched</td>
																</tr>
																<tr>
																	<td class='status fail' title='fail' alt='fail'><i class='mdi-navigation-cancel'></i></td>
																	<td class='timestamp'>20:38:36</td>
																	<td class='step-details'>CSR login is failed</td>
																</tr>
																<tr>
																	<td class='status info' title='info' alt='info'><i class='mdi-action-info-outline'></i></td>
																	<td class='timestamp'>20:38:36</td>
																	<td class='step-details'>Borrower Registration has started</td>
																</tr>
																<tr>
																	<td class='status info' title='info' alt='info'><i class='mdi-action-info-outline'></i></td>
																	<td class='timestamp'>20:39:16</td>
																	<td class='step-details'>Exception occured org.openqa.selenium.NoSuchFrameException: No frame element found by name or id bottom
Build info: version: '3.14.0', revision: 'aacccce0', time: '2018-08-02T20:19:58.91Z'
System info: host: 'QTLSYS2-72PC', ip: '192.168.2.72', os.name: 'Windows 7', os</td>
																</tr>
																<tr>
																	<td class='status info' title='info' alt='info'><i class='mdi-action-info-outline'></i></td>
																	<td class='timestamp'>20:39:16</td>
																	<td class='step-details'><a href='C:\Copy of QC_Batch1\QC_Batch\QC_LOC/ExecutionReports/QCStore/LOC/FailedTestsScreenshots/ACHDeposit_EODs_Return_ReDeposit_Return2019.07.25.08.39.16.png' data-featherlight='image'><img class='report-img' src='file:///C:\Copy of QC_Batch1\QC_Batch\QC_LOC/ExecutionReports/QCStore/LOC/FailedTestsScreenshots/ACHDeposit_EODs_Return_ReDeposit_Return2019.07.25.08.39.16.png' /></a></td>
																</tr>
																<tr>
																	<td class='status info' title='info' alt='info'><i class='mdi-action-info-outline'></i></td>
																	<td class='timestamp'>20:39:16</td>
																	<td class='step-details'>Borrower Registration process is initiated again due to Application sync issue</td>
																</tr>
																<tr>
																	<td class='status info' title='info' alt='info'><i class='mdi-action-info-outline'></i></td>
																	<td class='timestamp'>20:39:17</td>
																	<td class='step-details'>Borrower Registration has started</td>
																</tr>
																<tr>
																	<td class='status info' title='info' alt='info'><i class='mdi-action-info-outline'></i></td>
																	<td class='timestamp'>20:39:38</td>
																	<td class='step-details'>Exception occured org.openqa.selenium.NoSuchElementException: Unable to find element with xpath == /html/body/blink/table/tbody/tr/td[4] (WARNING: The server did not provide any stacktrace information)
Command duration or timeout: 0 milliseconds
For documentation on t</td>
																</tr>
																<tr>
																	<td class='status info' title='info' alt='info'><i class='mdi-action-info-outline'></i></td>
																	<td class='timestamp'>20:39:38</td>
																	<td class='step-details'><a href='C:\Copy of QC_Batch1\QC_Batch\QC_LOC/ExecutionReports/QCStore/LOC/FailedTestsScreenshots/ACHDeposit_EODs_Return_ReDeposit_Return2019.07.25.08.39.38.png' data-featherlight='image'><img class='report-img' src='file:///C:\Copy of QC_Batch1\QC_Batch\QC_LOC/ExecutionReports/QCStore/LOC/FailedTestsScreenshots/ACHDeposit_EODs_Return_ReDeposit_Return2019.07.25.08.39.38.png' /></a></td>
																</tr>
																<tr>
																	<td class='status info' title='info' alt='info'><i class='mdi-action-info-outline'></i></td>
																	<td class='timestamp'>20:39:38</td>
																	<td class='step-details'>Borrower Registration process is initiated again due to Application sync issue</td>
																</tr>
																<tr>
																	<td class='status info' title='info' alt='info'><i class='mdi-action-info-outline'></i></td>
																	<td class='timestamp'>20:39:38</td>
																	<td class='step-details'>Borrower Registration has started</td>
																</tr>
																<tr>
																	<td class='status info' title='info' alt='info'><i class='mdi-action-info-outline'></i></td>
																	<td class='timestamp'>20:39:59</td>
																	<td class='step-details'>Exception occured org.openqa.selenium.NoSuchElementException: Unable to find element with xpath == /html/body/blink/table/tbody/tr/td[4] (WARNING: The server did not provide any stacktrace information)
Command duration or timeout: 0 milliseconds
For documentation on t</td>
																</tr>
																<tr>
																	<td class='status info' title='info' alt='info'><i class='mdi-action-info-outline'></i></td>
																	<td class='timestamp'>20:39:59</td>
																	<td class='step-details'><a href='C:\Copy of QC_Batch1\QC_Batch\QC_LOC/ExecutionReports/QCStore/LOC/FailedTestsScreenshots/ACHDeposit_EODs_Return_ReDeposit_Return2019.07.25.08.39.59.png' data-featherlight='image'><img class='report-img' src='file:///C:\Copy of QC_Batch1\QC_Batch\QC_LOC/ExecutionReports/QCStore/LOC/FailedTestsScreenshots/ACHDeposit_EODs_Return_ReDeposit_Return2019.07.25.08.39.59.png' /></a></td>
																</tr>
																<tr>
																	<td class='status info' title='info' alt='info'><i class='mdi-action-info-outline'></i></td>
																	<td class='timestamp'>20:39:59</td>
																	<td class='step-details'>Borrower Registration process is initiated again due to Application sync issue</td>
																</tr>
																<tr>
																	<td class='status fail' title='fail' alt='fail'><i class='mdi-navigation-cancel'></i></td>
																	<td class='timestamp'>20:39:59</td>
																	<td class='step-details'>Borrower Registration is failed</td>
																</tr>
																<tr>
																	<td class='status fail' title='fail' alt='fail'><i class='mdi-navigation-cancel'></i></td>
																	<td class='timestamp'>20:39:59</td>
																	<td class='step-details'>Test Case Failed is LOC_weekly_NextPay_NotOn_End_Txn</td>
																</tr>
																<tr>
																	<td class='status fail' title='fail' alt='fail'><i class='mdi-navigation-cancel'></i></td>
																	<td class='timestamp'>20:39:59</td>
																	<td class='step-details'><a href='C:\Copy of QC_Batch1\QC_Batch\QC_LOC/ExecutionReports/QCStore/LOC/FailedTestsScreenshots/LOC_weekly_NextPay_NotOn_End_Txn2019.07.25.08.39.59.png' data-featherlight='image'><img class='report-img' src='file:///C:\Copy of QC_Batch1\QC_Batch\QC_LOC/ExecutionReports/QCStore/LOC/FailedTestsScreenshots/LOC_weekly_NextPay_NotOn_End_Txn2019.07.25.08.39.59.png' /></a></td>
																</tr>
														</tbody>
													</table>
													<ul class='collapsible node-list' data-collapsible='accordion'>
													</ul>
												</div>
											</div>
										</li>
										<li class='collection-item test displayed active fail ' extentid='0d8ef24d-20fc-440e-a15b-e725c765cbde'>
											<div class='test-head'>
												<span class='test-name'>Biweekly_Nextpay </span>
												<span class='test-status label right outline capitalize fail'>fail</span>
												<span class='category-assigned hide '></span>
											</div>
											<div class='test-body'>
												<div class='test-info'>
													<span title='Test started time' alt='Test started time' class='test-started-time label green lighten-1 text-white'>2019-07-25 20:40:05</span>
													<span title='Test ended time' alt='Test ended time' class='test-ended-time label red lighten-1 text-white'></span>
													<span title='Time taken to finish' alt='Time taken to finish' class='test-time-taken label blue-grey lighten-3 text-white'></span>
												</div>
												<div class='test-desc'>Login->Borrower Registratino->New LOC for a Customer with income to validate Min LOC Amt</div>
												<div class='test-attributes'>
												</div>
												<div class='test-steps'>
													<table class='bordered table-results'>
														<thead>
															<tr>
																<th>Status</th>
																<th>Timestamp</th>
																<th>Details</th>
															</tr>
														</thead>
														<tbody>
																<tr>
																	<td class='status info' title='info' alt='info'><i class='mdi-action-info-outline'></i></td>
																	<td class='timestamp'>20:40:09</td>
																	<td class='step-details'><FONT color=green style=Calibri > Opened the CSR URL https://qclocalreg/cc/demoIndex.do</td>
																</tr>
																<tr>
																	<td class='status info' title='info' alt='info'><i class='mdi-action-info-outline'></i></td>
																	<td class='timestamp'>20:40:09</td>
																	<td class='step-details'>CSR Application is launched</td>
																</tr>
																<tr>
																	<td class='status fail' title='fail' alt='fail'><i class='mdi-navigation-cancel'></i></td>
																	<td class='timestamp'>20:40:32</td>
																	<td class='step-details'>CSR login is failed</td>
																</tr>
																<tr>
																	<td class='status info' title='info' alt='info'><i class='mdi-action-info-outline'></i></td>
																	<td class='timestamp'>20:40:32</td>
																	<td class='step-details'>Borrower Registration has started</td>
																</tr>
																<tr>
																	<td class='status info' title='info' alt='info'><i class='mdi-action-info-outline'></i></td>
																	<td class='timestamp'>20:41:12</td>
																	<td class='step-details'>Exception occured org.openqa.selenium.NoSuchFrameException: No frame element found by name or id bottom
Build info: version: '3.14.0', revision: 'aacccce0', time: '2018-08-02T20:19:58.91Z'
System info: host: 'QTLSYS2-72PC', ip: '192.168.2.72', os.name: 'Windows 7', os</td>
																</tr>
																<tr>
																	<td class='status info' title='info' alt='info'><i class='mdi-action-info-outline'></i></td>
																	<td class='timestamp'>20:41:12</td>
																	<td class='step-details'><a href='C:\Copy of QC_Batch1\QC_Batch\QC_LOC/ExecutionReports/QCStore/LOC/FailedTestsScreenshots/ACHDeposit_EODs_Return_ReDeposit_Return2019.07.25.08.41.12.png' data-featherlight='image'><img class='report-img' src='file:///C:\Copy of QC_Batch1\QC_Batch\QC_LOC/ExecutionReports/QCStore/LOC/FailedTestsScreenshots/ACHDeposit_EODs_Return_ReDeposit_Return2019.07.25.08.41.12.png' /></a></td>
																</tr>
																<tr>
																	<td class='status info' title='info' alt='info'><i class='mdi-action-info-outline'></i></td>
																	<td class='timestamp'>20:41:12</td>
																	<td class='step-details'>Borrower Registration process is initiated again due to Application sync issue</td>
																</tr>
																<tr>
																	<td class='status info' title='info' alt='info'><i class='mdi-action-info-outline'></i></td>
																	<td class='timestamp'>20:41:14</td>
																	<td class='step-details'>Borrower Registration has started</td>
																</tr>
																<tr>
																	<td class='status info' title='info' alt='info'><i class='mdi-action-info-outline'></i></td>
																	<td class='timestamp'>20:41:34</td>
																	<td class='step-details'>Exception occured org.openqa.selenium.NoSuchElementException: Unable to find element with xpath == /html/body/blink/table/tbody/tr/td[4] (WARNING: The server did not provide any stacktrace information)
Command duration or timeout: 0 milliseconds
For documentation on t</td>
																</tr>
																<tr>
																	<td class='status info' title='info' alt='info'><i class='mdi-action-info-outline'></i></td>
																	<td class='timestamp'>20:41:34</td>
																	<td class='step-details'><a href='C:\Copy of QC_Batch1\QC_Batch\QC_LOC/ExecutionReports/QCStore/LOC/FailedTestsScreenshots/ACHDeposit_EODs_Return_ReDeposit_Return2019.07.25.08.41.34.png' data-featherlight='image'><img class='report-img' src='file:///C:\Copy of QC_Batch1\QC_Batch\QC_LOC/ExecutionReports/QCStore/LOC/FailedTestsScreenshots/ACHDeposit_EODs_Return_ReDeposit_Return2019.07.25.08.41.34.png' /></a></td>
																</tr>
																<tr>
																	<td class='status info' title='info' alt='info'><i class='mdi-action-info-outline'></i></td>
																	<td class='timestamp'>20:41:34</td>
																	<td class='step-details'>Borrower Registration process is initiated again due to Application sync issue</td>
																</tr>
																<tr>
																	<td class='status info' title='info' alt='info'><i class='mdi-action-info-outline'></i></td>
																	<td class='timestamp'>20:41:35</td>
																	<td class='step-details'>Borrower Registration has started</td>
																</tr>
																<tr>
																	<td class='status info' title='info' alt='info'><i class='mdi-action-info-outline'></i></td>
																	<td class='timestamp'>20:41:55</td>
																	<td class='step-details'>Exception occured org.openqa.selenium.NoSuchElementException: Unable to find element with xpath == /html/body/blink/table/tbody/tr/td[4] (WARNING: The server did not provide any stacktrace information)
Command duration or timeout: 0 milliseconds
For documentation on t</td>
																</tr>
																<tr>
																	<td class='status info' title='info' alt='info'><i class='mdi-action-info-outline'></i></td>
																	<td class='timestamp'>20:41:55</td>
																	<td class='step-details'><a href='C:\Copy of QC_Batch1\QC_Batch\QC_LOC/ExecutionReports/QCStore/LOC/FailedTestsScreenshots/ACHDeposit_EODs_Return_ReDeposit_Return2019.07.25.08.41.55.png' data-featherlight='image'><img class='report-img' src='file:///C:\Copy of QC_Batch1\QC_Batch\QC_LOC/ExecutionReports/QCStore/LOC/FailedTestsScreenshots/ACHDeposit_EODs_Return_ReDeposit_Return2019.07.25.08.41.55.png' /></a></td>
																</tr>
																<tr>
																	<td class='status info' title='info' alt='info'><i class='mdi-action-info-outline'></i></td>
																	<td class='timestamp'>20:41:55</td>
																	<td class='step-details'>Borrower Registration process is initiated again due to Application sync issue</td>
																</tr>
																<tr>
																	<td class='status fail' title='fail' alt='fail'><i class='mdi-navigation-cancel'></i></td>
																	<td class='timestamp'>20:41:55</td>
																	<td class='step-details'>Borrower Registration is failed</td>
																</tr>
																<tr>
																	<td class='status fail' title='fail' alt='fail'><i class='mdi-navigation-cancel'></i></td>
																	<td class='timestamp'>20:41:55</td>
																	<td class='step-details'>Test Case Failed is LOC_Biweekly_Nextpay_Txn</td>
																</tr>
																<tr>
																	<td class='status fail' title='fail' alt='fail'><i class='mdi-navigation-cancel'></i></td>
																	<td class='timestamp'>20:41:56</td>
																	<td class='step-details'><a href='C:\Copy of QC_Batch1\QC_Batch\QC_LOC/ExecutionReports/QCStore/LOC/FailedTestsScreenshots/LOC_Biweekly_Nextpay_Txn2019.07.25.08.41.55.png' data-featherlight='image'><img class='report-img' src='file:///C:\Copy of QC_Batch1\QC_Batch\QC_LOC/ExecutionReports/QCStore/LOC/FailedTestsScreenshots/LOC_Biweekly_Nextpay_Txn2019.07.25.08.41.55.png' /></a></td>
																</tr>
														</tbody>
													</table>
													<ul class='collapsible node-list' data-collapsible='accordion'>
													</ul>
												</div>
											</div>
										</li>
										<li class='collection-item test displayed active fail ' extentid='3f32d98a-dc64-4fdc-a8d0-fd385bb0469f'>
											<div class='test-head'>
												<span class='test-name'>NewLoan_MaxLOC </span>
												<span class='test-status label right outline capitalize fail'>fail</span>
												<span class='category-assigned hide '></span>
											</div>
											<div class='test-body'>
												<div class='test-info'>
													<span title='Test started time' alt='Test started time' class='test-started-time label green lighten-1 text-white'>2019-07-25 20:42:01</span>
													<span title='Test ended time' alt='Test ended time' class='test-ended-time label red lighten-1 text-white'></span>
													<span title='Time taken to finish' alt='Time taken to finish' class='test-time-taken label blue-grey lighten-3 text-white'></span>
												</div>
												<div class='test-desc'>Login->Borrower Registratino->New LOC for a Customer with income to validate Max LOC Amt</div>
												<div class='test-attributes'>
												</div>
												<div class='test-steps'>
													<table class='bordered table-results'>
														<thead>
															<tr>
																<th>Status</th>
																<th>Timestamp</th>
																<th>Details</th>
															</tr>
														</thead>
														<tbody>
																<tr>
																	<td class='status info' title='info' alt='info'><i class='mdi-action-info-outline'></i></td>
																	<td class='timestamp'>20:42:05</td>
																	<td class='step-details'><FONT color=green style=Calibri > Opened the CSR URL https://qclocalreg/cc/demoIndex.do</td>
																</tr>
																<tr>
																	<td class='status info' title='info' alt='info'><i class='mdi-action-info-outline'></i></td>
																	<td class='timestamp'>20:42:05</td>
																	<td class='step-details'>CSR Application is launched</td>
																</tr>
																<tr>
																	<td class='status fail' title='fail' alt='fail'><i class='mdi-navigation-cancel'></i></td>
																	<td class='timestamp'>20:42:28</td>
																	<td class='step-details'>CSR login is failed</td>
																</tr>
																<tr>
																	<td class='status info' title='info' alt='info'><i class='mdi-action-info-outline'></i></td>
																	<td class='timestamp'>20:42:28</td>
																	<td class='step-details'>Borrower Registration has started</td>
																</tr>
																<tr>
																	<td class='status info' title='info' alt='info'><i class='mdi-action-info-outline'></i></td>
																	<td class='timestamp'>20:43:08</td>
																	<td class='step-details'>Exception occured org.openqa.selenium.NoSuchFrameException: No frame element found by name or id bottom
Build info: version: '3.14.0', revision: 'aacccce0', time: '2018-08-02T20:19:58.91Z'
System info: host: 'QTLSYS2-72PC', ip: '192.168.2.72', os.name: 'Windows 7', os</td>
																</tr>
																<tr>
																	<td class='status info' title='info' alt='info'><i class='mdi-action-info-outline'></i></td>
																	<td class='timestamp'>20:43:09</td>
																	<td class='step-details'><a href='C:\Copy of QC_Batch1\QC_Batch\QC_LOC/ExecutionReports/QCStore/LOC/FailedTestsScreenshots/ACHDeposit_EODs_Return_ReDeposit_Return2019.07.25.08.43.08.png' data-featherlight='image'><img class='report-img' src='file:///C:\Copy of QC_Batch1\QC_Batch\QC_LOC/ExecutionReports/QCStore/LOC/FailedTestsScreenshots/ACHDeposit_EODs_Return_ReDeposit_Return2019.07.25.08.43.08.png' /></a></td>
																</tr>
																<tr>
																	<td class='status info' title='info' alt='info'><i class='mdi-action-info-outline'></i></td>
																	<td class='timestamp'>20:43:09</td>
																	<td class='step-details'>Borrower Registration process is initiated again due to Application sync issue</td>
																</tr>
																<tr>
																	<td class='status info' title='info' alt='info'><i class='mdi-action-info-outline'></i></td>
																	<td class='timestamp'>20:43:10</td>
																	<td class='step-details'>Borrower Registration has started</td>
																</tr>
																<tr>
																	<td class='status info' title='info' alt='info'><i class='mdi-action-info-outline'></i></td>
																	<td class='timestamp'>20:43:31</td>
																	<td class='step-details'>Exception occured org.openqa.selenium.NoSuchElementException: Unable to find element with xpath == /html/body/blink/table/tbody/tr/td[4] (WARNING: The server did not provide any stacktrace information)
Command duration or timeout: 0 milliseconds
For documentation on t</td>
																</tr>
																<tr>
																	<td class='status info' title='info' alt='info'><i class='mdi-action-info-outline'></i></td>
																	<td class='timestamp'>20:43:31</td>
																	<td class='step-details'><a href='C:\Copy of QC_Batch1\QC_Batch\QC_LOC/ExecutionReports/QCStore/LOC/FailedTestsScreenshots/ACHDeposit_EODs_Return_ReDeposit_Return2019.07.25.08.43.31.png' data-featherlight='image'><img class='report-img' src='file:///C:\Copy of QC_Batch1\QC_Batch\QC_LOC/ExecutionReports/QCStore/LOC/FailedTestsScreenshots/ACHDeposit_EODs_Return_ReDeposit_Return2019.07.25.08.43.31.png' /></a></td>
																</tr>
																<tr>
																	<td class='status info' title='info' alt='info'><i class='mdi-action-info-outline'></i></td>
																	<td class='timestamp'>20:43:31</td>
																	<td class='step-details'>Borrower Registration process is initiated again due to Application sync issue</td>
																</tr>
																<tr>
																	<td class='status info' title='info' alt='info'><i class='mdi-action-info-outline'></i></td>
																	<td class='timestamp'>20:43:31</td>
																	<td class='step-details'>Borrower Registration has started</td>
																</tr>
																<tr>
																	<td class='status info' title='info' alt='info'><i class='mdi-action-info-outline'></i></td>
																	<td class='timestamp'>20:43:52</td>
																	<td class='step-details'>Exception occured org.openqa.selenium.NoSuchElementException: Unable to find element with xpath == /html/body/blink/table/tbody/tr/td[4] (WARNING: The server did not provide any stacktrace information)
Command duration or timeout: 0 milliseconds
For documentation on t</td>
																</tr>
																<tr>
																	<td class='status info' title='info' alt='info'><i class='mdi-action-info-outline'></i></td>
																	<td class='timestamp'>20:43:52</td>
																	<td class='step-details'><a href='C:\Copy of QC_Batch1\QC_Batch\QC_LOC/ExecutionReports/QCStore/LOC/FailedTestsScreenshots/ACHDeposit_EODs_Return_ReDeposit_Return2019.07.25.08.43.52.png' data-featherlight='image'><img class='report-img' src='file:///C:\Copy of QC_Batch1\QC_Batch\QC_LOC/ExecutionReports/QCStore/LOC/FailedTestsScreenshots/ACHDeposit_EODs_Return_ReDeposit_Return2019.07.25.08.43.52.png' /></a></td>
																</tr>
																<tr>
																	<td class='status info' title='info' alt='info'><i class='mdi-action-info-outline'></i></td>
																	<td class='timestamp'>20:43:52</td>
																	<td class='step-details'>Borrower Registration process is initiated again due to Application sync issue</td>
																</tr>
																<tr>
																	<td class='status fail' title='fail' alt='fail'><i class='mdi-navigation-cancel'></i></td>
																	<td class='timestamp'>20:43:52</td>
																	<td class='step-details'>Borrower Registration is failed</td>
																</tr>
																<tr>
																	<td class='status fail' title='fail' alt='fail'><i class='mdi-navigation-cancel'></i></td>
																	<td class='timestamp'>20:43:52</td>
																	<td class='step-details'>Test Case Failed is LOC_NewLoan_MaxLOC_Txn</td>
																</tr>
																<tr>
																	<td class='status fail' title='fail' alt='fail'><i class='mdi-navigation-cancel'></i></td>
																	<td class='timestamp'>20:43:52</td>
																	<td class='step-details'><a href='C:\Copy of QC_Batch1\QC_Batch\QC_LOC/ExecutionReports/QCStore/LOC/FailedTestsScreenshots/LOC_NewLoan_MaxLOC_Txn2019.07.25.08.43.52.png' data-featherlight='image'><img class='report-img' src='file:///C:\Copy of QC_Batch1\QC_Batch\QC_LOC/ExecutionReports/QCStore/LOC/FailedTestsScreenshots/LOC_NewLoan_MaxLOC_Txn2019.07.25.08.43.52.png' /></a></td>
																</tr>
														</tbody>
													</table>
													<ul class='collapsible node-list' data-collapsible='accordion'>
													</ul>
												</div>
											</div>
										</li>
										<li class='collection-item test displayed active fail ' extentid='0941086d-37cc-4bd3-9550-a5549caff663'>
											<div class='test-head'>
												<span class='test-name'>PayOff_after_RescindPeriod </span>
												<span class='test-status label right outline capitalize fail'>fail</span>
												<span class='category-assigned hide '></span>
											</div>
											<div class='test-body'>
												<div class='test-info'>
													<span title='Test started time' alt='Test started time' class='test-started-time label green lighten-1 text-white'>2019-07-25 20:43:58</span>
													<span title='Test ended time' alt='Test ended time' class='test-ended-time label red lighten-1 text-white'></span>
													<span title='Time taken to finish' alt='Time taken to finish' class='test-time-taken label blue-grey lighten-3 text-white'></span>
												</div>
												<div class='test-desc'>Login->Borrower Registratino->New LOC  Payoff after Rescind Period</div>
												<div class='test-attributes'>
												</div>
												<div class='test-steps'>
													<table class='bordered table-results'>
														<thead>
															<tr>
																<th>Status</th>
																<th>Timestamp</th>
																<th>Details</th>
															</tr>
														</thead>
														<tbody>
																<tr>
																	<td class='status info' title='info' alt='info'><i class='mdi-action-info-outline'></i></td>
																	<td class='timestamp'>20:44:02</td>
																	<td class='step-details'><FONT color=green style=Calibri > Opened the CSR URL https://qclocalreg/cc/demoIndex.do</td>
																</tr>
																<tr>
																	<td class='status info' title='info' alt='info'><i class='mdi-action-info-outline'></i></td>
																	<td class='timestamp'>20:44:02</td>
																	<td class='step-details'>CSR Application is launched</td>
																</tr>
																<tr>
																	<td class='status fail' title='fail' alt='fail'><i class='mdi-navigation-cancel'></i></td>
																	<td class='timestamp'>20:44:25</td>
																	<td class='step-details'>CSR login is failed</td>
																</tr>
																<tr>
																	<td class='status info' title='info' alt='info'><i class='mdi-action-info-outline'></i></td>
																	<td class='timestamp'>20:44:25</td>
																	<td class='step-details'>Borrower Registration has started</td>
																</tr>
																<tr>
																	<td class='status info' title='info' alt='info'><i class='mdi-action-info-outline'></i></td>
																	<td class='timestamp'>20:45:05</td>
																	<td class='step-details'>Exception occured org.openqa.selenium.NoSuchFrameException: No frame element found by name or id bottom
Build info: version: '3.14.0', revision: 'aacccce0', time: '2018-08-02T20:19:58.91Z'
System info: host: 'QTLSYS2-72PC', ip: '192.168.2.72', os.name: 'Windows 7', os</td>
																</tr>
																<tr>
																	<td class='status info' title='info' alt='info'><i class='mdi-action-info-outline'></i></td>
																	<td class='timestamp'>20:45:05</td>
																	<td class='step-details'><a href='C:\Copy of QC_Batch1\QC_Batch\QC_LOC/ExecutionReports/QCStore/LOC/FailedTestsScreenshots/ACHDeposit_EODs_Return_ReDeposit_Return2019.07.25.08.45.05.png' data-featherlight='image'><img class='report-img' src='file:///C:\Copy of QC_Batch1\QC_Batch\QC_LOC/ExecutionReports/QCStore/LOC/FailedTestsScreenshots/ACHDeposit_EODs_Return_ReDeposit_Return2019.07.25.08.45.05.png' /></a></td>
																</tr>
																<tr>
																	<td class='status info' title='info' alt='info'><i class='mdi-action-info-outline'></i></td>
																	<td class='timestamp'>20:45:05</td>
																	<td class='step-details'>Borrower Registration process is initiated again due to Application sync issue</td>
																</tr>
																<tr>
																	<td class='status info' title='info' alt='info'><i class='mdi-action-info-outline'></i></td>
																	<td class='timestamp'>20:45:07</td>
																	<td class='step-details'>Borrower Registration has started</td>
																</tr>
																<tr>
																	<td class='status info' title='info' alt='info'><i class='mdi-action-info-outline'></i></td>
																	<td class='timestamp'>20:45:27</td>
																	<td class='step-details'>Exception occured org.openqa.selenium.NoSuchElementException: Unable to find element with xpath == /html/body/blink/table/tbody/tr/td[4] (WARNING: The server did not provide any stacktrace information)
Command duration or timeout: 0 milliseconds
For documentation on t</td>
																</tr>
																<tr>
																	<td class='status info' title='info' alt='info'><i class='mdi-action-info-outline'></i></td>
																	<td class='timestamp'>20:45:27</td>
																	<td class='step-details'><a href='C:\Copy of QC_Batch1\QC_Batch\QC_LOC/ExecutionReports/QCStore/LOC/FailedTestsScreenshots/ACHDeposit_EODs_Return_ReDeposit_Return2019.07.25.08.45.27.png' data-featherlight='image'><img class='report-img' src='file:///C:\Copy of QC_Batch1\QC_Batch\QC_LOC/ExecutionReports/QCStore/LOC/FailedTestsScreenshots/ACHDeposit_EODs_Return_ReDeposit_Return2019.07.25.08.45.27.png' /></a></td>
																</tr>
																<tr>
																	<td class='status info' title='info' alt='info'><i class='mdi-action-info-outline'></i></td>
																	<td class='timestamp'>20:45:27</td>
																	<td class='step-details'>Borrower Registration process is initiated again due to Application sync issue</td>
																</tr>
																<tr>
																	<td class='status info' title='info' alt='info'><i class='mdi-action-info-outline'></i></td>
																	<td class='timestamp'>20:45:28</td>
																	<td class='step-details'>Borrower Registration has started</td>
																</tr>
																<tr>
																	<td class='status info' title='info' alt='info'><i class='mdi-action-info-outline'></i></td>
																	<td class='timestamp'>20:45:48</td>
																	<td class='step-details'>Exception occured org.openqa.selenium.NoSuchElementException: Unable to find element with xpath == /html/body/blink/table/tbody/tr/td[4] (WARNING: The server did not provide any stacktrace information)
Command duration or timeout: 0 milliseconds
For documentation on t</td>
																</tr>
																<tr>
																	<td class='status info' title='info' alt='info'><i class='mdi-action-info-outline'></i></td>
																	<td class='timestamp'>20:45:48</td>
																	<td class='step-details'><a href='C:\Copy of QC_Batch1\QC_Batch\QC_LOC/ExecutionReports/QCStore/LOC/FailedTestsScreenshots/ACHDeposit_EODs_Return_ReDeposit_Return2019.07.25.08.45.48.png' data-featherlight='image'><img class='report-img' src='file:///C:\Copy of QC_Batch1\QC_Batch\QC_LOC/ExecutionReports/QCStore/LOC/FailedTestsScreenshots/ACHDeposit_EODs_Return_ReDeposit_Return2019.07.25.08.45.48.png' /></a></td>
																</tr>
																<tr>
																	<td class='status info' title='info' alt='info'><i class='mdi-action-info-outline'></i></td>
																	<td class='timestamp'>20:45:48</td>
																	<td class='step-details'>Borrower Registration process is initiated again due to Application sync issue</td>
																</tr>
																<tr>
																	<td class='status fail' title='fail' alt='fail'><i class='mdi-navigation-cancel'></i></td>
																	<td class='timestamp'>20:45:49</td>
																	<td class='step-details'>Borrower Registration is failed</td>
																</tr>
																<tr>
																	<td class='status fail' title='fail' alt='fail'><i class='mdi-navigation-cancel'></i></td>
																	<td class='timestamp'>20:45:49</td>
																	<td class='step-details'>Test Case Failed is LOC_PayOff_after_RescindPeriod_Txn</td>
																</tr>
																<tr>
																	<td class='status fail' title='fail' alt='fail'><i class='mdi-navigation-cancel'></i></td>
																	<td class='timestamp'>20:45:49</td>
																	<td class='step-details'><a href='C:\Copy of QC_Batch1\QC_Batch\QC_LOC/ExecutionReports/QCStore/LOC/FailedTestsScreenshots/LOC_PayOff_after_RescindPeriod_Txn2019.07.25.08.45.49.png' data-featherlight='image'><img class='report-img' src='file:///C:\Copy of QC_Batch1\QC_Batch\QC_LOC/ExecutionReports/QCStore/LOC/FailedTestsScreenshots/LOC_PayOff_after_RescindPeriod_Txn2019.07.25.08.45.49.png' /></a></td>
																</tr>
														</tbody>
													</table>
													<ul class='collapsible node-list' data-collapsible='accordion'>
													</ul>
												</div>
											</div>
										</li>
										<li class='collection-item test displayed active fail ' extentid='34a21ea0-f985-4fde-aabb-7e80d5246d7e'>
											<div class='test-head'>
												<span class='test-name'>PayOff_On_DueDate </span>
												<span class='test-status label right outline capitalize fail'>fail</span>
												<span class='category-assigned hide '></span>
											</div>
											<div class='test-body'>
												<div class='test-info'>
													<span title='Test started time' alt='Test started time' class='test-started-time label green lighten-1 text-white'>2019-07-25 20:45:55</span>
													<span title='Test ended time' alt='Test ended time' class='test-ended-time label red lighten-1 text-white'></span>
													<span title='Time taken to finish' alt='Time taken to finish' class='test-time-taken label blue-grey lighten-3 text-white'></span>
												</div>
												<div class='test-desc'>Login->Borrower Registratino->New LOC  Payoff on due date</div>
												<div class='test-attributes'>
												</div>
												<div class='test-steps'>
													<table class='bordered table-results'>
														<thead>
															<tr>
																<th>Status</th>
																<th>Timestamp</th>
																<th>Details</th>
															</tr>
														</thead>
														<tbody>
																<tr>
																	<td class='status info' title='info' alt='info'><i class='mdi-action-info-outline'></i></td>
																	<td class='timestamp'>20:45:59</td>
																	<td class='step-details'><FONT color=green style=Calibri > Opened the CSR URL https://qclocalreg/cc/demoIndex.do</td>
																</tr>
																<tr>
																	<td class='status info' title='info' alt='info'><i class='mdi-action-info-outline'></i></td>
																	<td class='timestamp'>20:45:59</td>
																	<td class='step-details'>CSR Application is launched</td>
																</tr>
																<tr>
																	<td class='status fail' title='fail' alt='fail'><i class='mdi-navigation-cancel'></i></td>
																	<td class='timestamp'>20:46:21</td>
																	<td class='step-details'>CSR login is failed</td>
																</tr>
																<tr>
																	<td class='status info' title='info' alt='info'><i class='mdi-action-info-outline'></i></td>
																	<td class='timestamp'>20:46:21</td>
																	<td class='step-details'>Borrower Registration has started</td>
																</tr>
																<tr>
																	<td class='status info' title='info' alt='info'><i class='mdi-action-info-outline'></i></td>
																	<td class='timestamp'>20:47:02</td>
																	<td class='step-details'>Exception occured org.openqa.selenium.NoSuchFrameException: No frame element found by name or id bottom
Build info: version: '3.14.0', revision: 'aacccce0', time: '2018-08-02T20:19:58.91Z'
System info: host: 'QTLSYS2-72PC', ip: '192.168.2.72', os.name: 'Windows 7', os</td>
																</tr>
																<tr>
																	<td class='status info' title='info' alt='info'><i class='mdi-action-info-outline'></i></td>
																	<td class='timestamp'>20:47:02</td>
																	<td class='step-details'><a href='C:\Copy of QC_Batch1\QC_Batch\QC_LOC/ExecutionReports/QCStore/LOC/FailedTestsScreenshots/ACHDeposit_EODs_Return_ReDeposit_Return2019.07.25.08.47.02.png' data-featherlight='image'><img class='report-img' src='file:///C:\Copy of QC_Batch1\QC_Batch\QC_LOC/ExecutionReports/QCStore/LOC/FailedTestsScreenshots/ACHDeposit_EODs_Return_ReDeposit_Return2019.07.25.08.47.02.png' /></a></td>
																</tr>
																<tr>
																	<td class='status info' title='info' alt='info'><i class='mdi-action-info-outline'></i></td>
																	<td class='timestamp'>20:47:02</td>
																	<td class='step-details'>Borrower Registration process is initiated again due to Application sync issue</td>
																</tr>
																<tr>
																	<td class='status info' title='info' alt='info'><i class='mdi-action-info-outline'></i></td>
																	<td class='timestamp'>20:47:04</td>
																	<td class='step-details'>Borrower Registration has started</td>
																</tr>
																<tr>
																	<td class='status info' title='info' alt='info'><i class='mdi-action-info-outline'></i></td>
																	<td class='timestamp'>20:47:24</td>
																	<td class='step-details'>Exception occured org.openqa.selenium.NoSuchElementException: Unable to find element with xpath == /html/body/blink/table/tbody/tr/td[4] (WARNING: The server did not provide any stacktrace information)
Command duration or timeout: 0 milliseconds
For documentation on t</td>
																</tr>
																<tr>
																	<td class='status info' title='info' alt='info'><i class='mdi-action-info-outline'></i></td>
																	<td class='timestamp'>20:47:24</td>
																	<td class='step-details'><a href='C:\Copy of QC_Batch1\QC_Batch\QC_LOC/ExecutionReports/QCStore/LOC/FailedTestsScreenshots/ACHDeposit_EODs_Return_ReDeposit_Return2019.07.25.08.47.24.png' data-featherlight='image'><img class='report-img' src='file:///C:\Copy of QC_Batch1\QC_Batch\QC_LOC/ExecutionReports/QCStore/LOC/FailedTestsScreenshots/ACHDeposit_EODs_Return_ReDeposit_Return2019.07.25.08.47.24.png' /></a></td>
																</tr>
																<tr>
																	<td class='status info' title='info' alt='info'><i class='mdi-action-info-outline'></i></td>
																	<td class='timestamp'>20:47:24</td>
																	<td class='step-details'>Borrower Registration process is initiated again due to Application sync issue</td>
																</tr>
																<tr>
																	<td class='status info' title='info' alt='info'><i class='mdi-action-info-outline'></i></td>
																	<td class='timestamp'>20:47:25</td>
																	<td class='step-details'>Borrower Registration has started</td>
																</tr>
																<tr>
																	<td class='status info' title='info' alt='info'><i class='mdi-action-info-outline'></i></td>
																	<td class='timestamp'>20:47:45</td>
																	<td class='step-details'>Exception occured org.openqa.selenium.NoSuchElementException: Unable to find element with xpath == /html/body/blink/table/tbody/tr/td[4] (WARNING: The server did not provide any stacktrace information)
Command duration or timeout: 0 milliseconds
For documentation on t</td>
																</tr>
																<tr>
																	<td class='status info' title='info' alt='info'><i class='mdi-action-info-outline'></i></td>
																	<td class='timestamp'>20:47:45</td>
																	<td class='step-details'><a href='C:\Copy of QC_Batch1\QC_Batch\QC_LOC/ExecutionReports/QCStore/LOC/FailedTestsScreenshots/ACHDeposit_EODs_Return_ReDeposit_Return2019.07.25.08.47.45.png' data-featherlight='image'><img class='report-img' src='file:///C:\Copy of QC_Batch1\QC_Batch\QC_LOC/ExecutionReports/QCStore/LOC/FailedTestsScreenshots/ACHDeposit_EODs_Return_ReDeposit_Return2019.07.25.08.47.45.png' /></a></td>
																</tr>
																<tr>
																	<td class='status info' title='info' alt='info'><i class='mdi-action-info-outline'></i></td>
																	<td class='timestamp'>20:47:45</td>
																	<td class='step-details'>Borrower Registration process is initiated again due to Application sync issue</td>
																</tr>
																<tr>
																	<td class='status fail' title='fail' alt='fail'><i class='mdi-navigation-cancel'></i></td>
																	<td class='timestamp'>20:47:46</td>
																	<td class='step-details'>Borrower Registration is failed</td>
																</tr>
																<tr>
																	<td class='status fail' title='fail' alt='fail'><i class='mdi-navigation-cancel'></i></td>
																	<td class='timestamp'>20:47:46</td>
																	<td class='step-details'>Test Case Failed is LOC_PayOff_On_DueDate_Txn</td>
																</tr>
																<tr>
																	<td class='status fail' title='fail' alt='fail'><i class='mdi-navigation-cancel'></i></td>
																	<td class='timestamp'>20:47:46</td>
																	<td class='step-details'><a href='C:\Copy of QC_Batch1\QC_Batch\QC_LOC/ExecutionReports/QCStore/LOC/FailedTestsScreenshots/LOC_PayOff_On_DueDate_Txn2019.07.25.08.47.46.png' data-featherlight='image'><img class='report-img' src='file:///C:\Copy of QC_Batch1\QC_Batch\QC_LOC/ExecutionReports/QCStore/LOC/FailedTestsScreenshots/LOC_PayOff_On_DueDate_Txn2019.07.25.08.47.46.png' /></a></td>
																</tr>
														</tbody>
													</table>
													<ul class='collapsible node-list' data-collapsible='accordion'>
													</ul>
												</div>
											</div>
										</li>
										<li class='collection-item test displayed active fail ' extentid='a9c0fd69-bca9-4fd2-9a25-a38fb83d90ee'>
											<div class='test-head'>
												<span class='test-name'>Payment_PayOff </span>
												<span class='test-status label right outline capitalize fail'>fail</span>
												<span class='category-assigned hide '></span>
											</div>
											<div class='test-body'>
												<div class='test-info'>
													<span title='Test started time' alt='Test started time' class='test-started-time label green lighten-1 text-white'>2019-07-25 20:47:51</span>
													<span title='Test ended time' alt='Test ended time' class='test-ended-time label red lighten-1 text-white'></span>
													<span title='Time taken to finish' alt='Time taken to finish' class='test-time-taken label blue-grey lighten-3 text-white'></span>
												</div>
												<div class='test-desc'>Login->Borrower Registratino->New LOC  Payment -> DueDate->Payoff</div>
												<div class='test-attributes'>
												</div>
												<div class='test-steps'>
													<table class='bordered table-results'>
														<thead>
															<tr>
																<th>Status</th>
																<th>Timestamp</th>
																<th>Details</th>
															</tr>
														</thead>
														<tbody>
																<tr>
																	<td class='status info' title='info' alt='info'><i class='mdi-action-info-outline'></i></td>
																	<td class='timestamp'>20:47:55</td>
																	<td class='step-details'><FONT color=green style=Calibri > Opened the CSR URL https://qclocalreg/cc/demoIndex.do</td>
																</tr>
																<tr>
																	<td class='status info' title='info' alt='info'><i class='mdi-action-info-outline'></i></td>
																	<td class='timestamp'>20:47:55</td>
																	<td class='step-details'>CSR Application is launched</td>
																</tr>
																<tr>
																	<td class='status fail' title='fail' alt='fail'><i class='mdi-navigation-cancel'></i></td>
																	<td class='timestamp'>20:48:18</td>
																	<td class='step-details'>CSR login is failed</td>
																</tr>
																<tr>
																	<td class='status info' title='info' alt='info'><i class='mdi-action-info-outline'></i></td>
																	<td class='timestamp'>20:48:18</td>
																	<td class='step-details'>Borrower Registration has started</td>
																</tr>
																<tr>
																	<td class='status info' title='info' alt='info'><i class='mdi-action-info-outline'></i></td>
																	<td class='timestamp'>20:48:58</td>
																	<td class='step-details'>Exception occured org.openqa.selenium.NoSuchFrameException: No frame element found by name or id bottom
Build info: version: '3.14.0', revision: 'aacccce0', time: '2018-08-02T20:19:58.91Z'
System info: host: 'QTLSYS2-72PC', ip: '192.168.2.72', os.name: 'Windows 7', os</td>
																</tr>
																<tr>
																	<td class='status info' title='info' alt='info'><i class='mdi-action-info-outline'></i></td>
																	<td class='timestamp'>20:48:58</td>
																	<td class='step-details'><a href='C:\Copy of QC_Batch1\QC_Batch\QC_LOC/ExecutionReports/QCStore/LOC/FailedTestsScreenshots/ACHDeposit_EODs_Return_ReDeposit_Return2019.07.25.08.48.58.png' data-featherlight='image'><img class='report-img' src='file:///C:\Copy of QC_Batch1\QC_Batch\QC_LOC/ExecutionReports/QCStore/LOC/FailedTestsScreenshots/ACHDeposit_EODs_Return_ReDeposit_Return2019.07.25.08.48.58.png' /></a></td>
																</tr>
																<tr>
																	<td class='status info' title='info' alt='info'><i class='mdi-action-info-outline'></i></td>
																	<td class='timestamp'>20:48:58</td>
																	<td class='step-details'>Borrower Registration process is initiated again due to Application sync issue</td>
																</tr>
																<tr>
																	<td class='status info' title='info' alt='info'><i class='mdi-action-info-outline'></i></td>
																	<td class='timestamp'>20:49:00</td>
																	<td class='step-details'>Borrower Registration has started</td>
																</tr>
																<tr>
																	<td class='status info' title='info' alt='info'><i class='mdi-action-info-outline'></i></td>
																	<td class='timestamp'>20:49:21</td>
																	<td class='step-details'>Exception occured org.openqa.selenium.NoSuchElementException: Unable to find element with xpath == /html/body/blink/table/tbody/tr/td[4] (WARNING: The server did not provide any stacktrace information)
Command duration or timeout: 0 milliseconds
For documentation on t</td>
																</tr>
																<tr>
																	<td class='status info' title='info' alt='info'><i class='mdi-action-info-outline'></i></td>
																	<td class='timestamp'>20:49:21</td>
																	<td class='step-details'><a href='C:\Copy of QC_Batch1\QC_Batch\QC_LOC/ExecutionReports/QCStore/LOC/FailedTestsScreenshots/ACHDeposit_EODs_Return_ReDeposit_Return2019.07.25.08.49.21.png' data-featherlight='image'><img class='report-img' src='file:///C:\Copy of QC_Batch1\QC_Batch\QC_LOC/ExecutionReports/QCStore/LOC/FailedTestsScreenshots/ACHDeposit_EODs_Return_ReDeposit_Return2019.07.25.08.49.21.png' /></a></td>
																</tr>
																<tr>
																	<td class='status info' title='info' alt='info'><i class='mdi-action-info-outline'></i></td>
																	<td class='timestamp'>20:49:21</td>
																	<td class='step-details'>Borrower Registration process is initiated again due to Application sync issue</td>
																</tr>
																<tr>
																	<td class='status info' title='info' alt='info'><i class='mdi-action-info-outline'></i></td>
																	<td class='timestamp'>20:49:21</td>
																	<td class='step-details'>Borrower Registration has started</td>
																</tr>
																<tr>
																	<td class='status info' title='info' alt='info'><i class='mdi-action-info-outline'></i></td>
																	<td class='timestamp'>20:49:42</td>
																	<td class='step-details'>Exception occured org.openqa.selenium.NoSuchElementException: Unable to find element with xpath == /html/body/blink/table/tbody/tr/td[4] (WARNING: The server did not provide any stacktrace information)
Command duration or timeout: 0 milliseconds
For documentation on t</td>
																</tr>
																<tr>
																	<td class='status info' title='info' alt='info'><i class='mdi-action-info-outline'></i></td>
																	<td class='timestamp'>20:49:42</td>
																	<td class='step-details'><a href='C:\Copy of QC_Batch1\QC_Batch\QC_LOC/ExecutionReports/QCStore/LOC/FailedTestsScreenshots/ACHDeposit_EODs_Return_ReDeposit_Return2019.07.25.08.49.42.png' data-featherlight='image'><img class='report-img' src='file:///C:\Copy of QC_Batch1\QC_Batch\QC_LOC/ExecutionReports/QCStore/LOC/FailedTestsScreenshots/ACHDeposit_EODs_Return_ReDeposit_Return2019.07.25.08.49.42.png' /></a></td>
																</tr>
																<tr>
																	<td class='status info' title='info' alt='info'><i class='mdi-action-info-outline'></i></td>
																	<td class='timestamp'>20:49:42</td>
																	<td class='step-details'>Borrower Registration process is initiated again due to Application sync issue</td>
																</tr>
																<tr>
																	<td class='status fail' title='fail' alt='fail'><i class='mdi-navigation-cancel'></i></td>
																	<td class='timestamp'>20:49:42</td>
																	<td class='step-details'>Borrower Registration is failed</td>
																</tr>
																<tr>
																	<td class='status fail' title='fail' alt='fail'><i class='mdi-navigation-cancel'></i></td>
																	<td class='timestamp'>20:49:42</td>
																	<td class='step-details'>Test Case Failed is LOC_Payment_PayOff_Txn</td>
																</tr>
																<tr>
																	<td class='status fail' title='fail' alt='fail'><i class='mdi-navigation-cancel'></i></td>
																	<td class='timestamp'>20:49:42</td>
																	<td class='step-details'><a href='C:\Copy of QC_Batch1\QC_Batch\QC_LOC/ExecutionReports/QCStore/LOC/FailedTestsScreenshots/LOC_Payment_PayOff_Txn2019.07.25.08.49.42.png' data-featherlight='image'><img class='report-img' src='file:///C:\Copy of QC_Batch1\QC_Batch\QC_LOC/ExecutionReports/QCStore/LOC/FailedTestsScreenshots/LOC_Payment_PayOff_Txn2019.07.25.08.49.42.png' /></a></td>
																</tr>
														</tbody>
													</table>
													<ul class='collapsible node-list' data-collapsible='accordion'>
													</ul>
												</div>
											</div>
										</li>
										<li class='collection-item test displayed active fail ' extentid='3e1f96ab-d32f-4405-92c0-25b8b4556810'>
											<div class='test-head'>
												<span class='test-name'>Payment_GraceDays_PayOff </span>
												<span class='test-status label right outline capitalize fail'>fail</span>
												<span class='category-assigned hide '></span>
											</div>
											<div class='test-body'>
												<div class='test-info'>
													<span title='Test started time' alt='Test started time' class='test-started-time label green lighten-1 text-white'>2019-07-25 20:49:48</span>
													<span title='Test ended time' alt='Test ended time' class='test-ended-time label red lighten-1 text-white'></span>
													<span title='Time taken to finish' alt='Time taken to finish' class='test-time-taken label blue-grey lighten-3 text-white'></span>
												</div>
												<div class='test-desc'>Login->Borrower Registratino->New LOC  Payment ->Gracedays->PayPayoff</div>
												<div class='test-attributes'>
												</div>
												<div class='test-steps'>
													<table class='bordered table-results'>
														<thead>
															<tr>
																<th>Status</th>
																<th>Timestamp</th>
																<th>Details</th>
															</tr>
														</thead>
														<tbody>
																<tr>
																	<td class='status info' title='info' alt='info'><i class='mdi-action-info-outline'></i></td>
																	<td class='timestamp'>20:49:52</td>
																	<td class='step-details'><FONT color=green style=Calibri > Opened the CSR URL https://qclocalreg/cc/demoIndex.do</td>
																</tr>
																<tr>
																	<td class='status info' title='info' alt='info'><i class='mdi-action-info-outline'></i></td>
																	<td class='timestamp'>20:49:52</td>
																	<td class='step-details'>CSR Application is launched</td>
																</tr>
																<tr>
																	<td class='status fail' title='fail' alt='fail'><i class='mdi-navigation-cancel'></i></td>
																	<td class='timestamp'>20:50:15</td>
																	<td class='step-details'>CSR login is failed</td>
																</tr>
																<tr>
																	<td class='status info' title='info' alt='info'><i class='mdi-action-info-outline'></i></td>
																	<td class='timestamp'>20:50:15</td>
																	<td class='step-details'>Borrower Registration has started</td>
																</tr>
																<tr>
																	<td class='status info' title='info' alt='info'><i class='mdi-action-info-outline'></i></td>
																	<td class='timestamp'>20:50:55</td>
																	<td class='step-details'>Exception occured org.openqa.selenium.NoSuchFrameException: No frame element found by name or id bottom
Build info: version: '3.14.0', revision: 'aacccce0', time: '2018-08-02T20:19:58.91Z'
System info: host: 'QTLSYS2-72PC', ip: '192.168.2.72', os.name: 'Windows 7', os</td>
																</tr>
																<tr>
																	<td class='status info' title='info' alt='info'><i class='mdi-action-info-outline'></i></td>
																	<td class='timestamp'>20:50:55</td>
																	<td class='step-details'><a href='C:\Copy of QC_Batch1\QC_Batch\QC_LOC/ExecutionReports/QCStore/LOC/FailedTestsScreenshots/ACHDeposit_EODs_Return_ReDeposit_Return2019.07.25.08.50.55.png' data-featherlight='image'><img class='report-img' src='file:///C:\Copy of QC_Batch1\QC_Batch\QC_LOC/ExecutionReports/QCStore/LOC/FailedTestsScreenshots/ACHDeposit_EODs_Return_ReDeposit_Return2019.07.25.08.50.55.png' /></a></td>
																</tr>
																<tr>
																	<td class='status info' title='info' alt='info'><i class='mdi-action-info-outline'></i></td>
																	<td class='timestamp'>20:50:55</td>
																	<td class='step-details'>Borrower Registration process is initiated again due to Application sync issue</td>
																</tr>
																<tr>
																	<td class='status info' title='info' alt='info'><i class='mdi-action-info-outline'></i></td>
																	<td class='timestamp'>20:50:57</td>
																	<td class='step-details'>Borrower Registration has started</td>
																</tr>
																<tr>
																	<td class='status info' title='info' alt='info'><i class='mdi-action-info-outline'></i></td>
																	<td class='timestamp'>20:51:17</td>
																	<td class='step-details'>Exception occured org.openqa.selenium.NoSuchElementException: Unable to find element with xpath == /html/body/blink/table/tbody/tr/td[4] (WARNING: The server did not provide any stacktrace information)
Command duration or timeout: 0 milliseconds
For documentation on t</td>
																</tr>
																<tr>
																	<td class='status info' title='info' alt='info'><i class='mdi-action-info-outline'></i></td>
																	<td class='timestamp'>20:51:17</td>
																	<td class='step-details'><a href='C:\Copy of QC_Batch1\QC_Batch\QC_LOC/ExecutionReports/QCStore/LOC/FailedTestsScreenshots/ACHDeposit_EODs_Return_ReDeposit_Return2019.07.25.08.51.17.png' data-featherlight='image'><img class='report-img' src='file:///C:\Copy of QC_Batch1\QC_Batch\QC_LOC/ExecutionReports/QCStore/LOC/FailedTestsScreenshots/ACHDeposit_EODs_Return_ReDeposit_Return2019.07.25.08.51.17.png' /></a></td>
																</tr>
																<tr>
																	<td class='status info' title='info' alt='info'><i class='mdi-action-info-outline'></i></td>
																	<td class='timestamp'>20:51:17</td>
																	<td class='step-details'>Borrower Registration process is initiated again due to Application sync issue</td>
																</tr>
																<tr>
																	<td class='status info' title='info' alt='info'><i class='mdi-action-info-outline'></i></td>
																	<td class='timestamp'>20:51:18</td>
																	<td class='step-details'>Borrower Registration has started</td>
																</tr>
																<tr>
																	<td class='status info' title='info' alt='info'><i class='mdi-action-info-outline'></i></td>
																	<td class='timestamp'>20:51:38</td>
																	<td class='step-details'>Exception occured org.openqa.selenium.NoSuchElementException: Unable to find element with xpath == /html/body/blink/table/tbody/tr/td[4] (WARNING: The server did not provide any stacktrace information)
Command duration or timeout: 0 milliseconds
For documentation on t</td>
																</tr>
																<tr>
																	<td class='status info' title='info' alt='info'><i class='mdi-action-info-outline'></i></td>
																	<td class='timestamp'>20:51:38</td>
																	<td class='step-details'><a href='C:\Copy of QC_Batch1\QC_Batch\QC_LOC/ExecutionReports/QCStore/LOC/FailedTestsScreenshots/ACHDeposit_EODs_Return_ReDeposit_Return2019.07.25.08.51.38.png' data-featherlight='image'><img class='report-img' src='file:///C:\Copy of QC_Batch1\QC_Batch\QC_LOC/ExecutionReports/QCStore/LOC/FailedTestsScreenshots/ACHDeposit_EODs_Return_ReDeposit_Return2019.07.25.08.51.38.png' /></a></td>
																</tr>
																<tr>
																	<td class='status info' title='info' alt='info'><i class='mdi-action-info-outline'></i></td>
																	<td class='timestamp'>20:51:38</td>
																	<td class='step-details'>Borrower Registration process is initiated again due to Application sync issue</td>
																</tr>
																<tr>
																	<td class='status fail' title='fail' alt='fail'><i class='mdi-navigation-cancel'></i></td>
																	<td class='timestamp'>20:51:39</td>
																	<td class='step-details'>Borrower Registration is failed</td>
																</tr>
																<tr>
																	<td class='status fail' title='fail' alt='fail'><i class='mdi-navigation-cancel'></i></td>
																	<td class='timestamp'>20:51:39</td>
																	<td class='step-details'>Test Case Failed is LOC_Payment_GraceDays_PayOff_Txn</td>
																</tr>
																<tr>
																	<td class='status fail' title='fail' alt='fail'><i class='mdi-navigation-cancel'></i></td>
																	<td class='timestamp'>20:51:39</td>
																	<td class='step-details'><a href='C:\Copy of QC_Batch1\QC_Batch\QC_LOC/ExecutionReports/QCStore/LOC/FailedTestsScreenshots/LOC_Payment_GraceDays_PayOff_Txn2019.07.25.08.51.39.png' data-featherlight='image'><img class='report-img' src='file:///C:\Copy of QC_Batch1\QC_Batch\QC_LOC/ExecutionReports/QCStore/LOC/FailedTestsScreenshots/LOC_Payment_GraceDays_PayOff_Txn2019.07.25.08.51.39.png' /></a></td>
																</tr>
														</tbody>
													</table>
													<ul class='collapsible node-list' data-collapsible='accordion'>
													</ul>
												</div>
											</div>
										</li>
										<li class='collection-item test displayed active fail ' extentid='88d4bf91-925b-4868-84e9-972e452fe123'>
											<div class='test-head'>
												<span class='test-name'>Payment_Void_PayOff </span>
												<span class='test-status label right outline capitalize fail'>fail</span>
												<span class='category-assigned hide '></span>
											</div>
											<div class='test-body'>
												<div class='test-info'>
													<span title='Test started time' alt='Test started time' class='test-started-time label green lighten-1 text-white'>2019-07-25 20:51:44</span>
													<span title='Test ended time' alt='Test ended time' class='test-ended-time label red lighten-1 text-white'></span>
													<span title='Time taken to finish' alt='Time taken to finish' class='test-time-taken label blue-grey lighten-3 text-white'></span>
												</div>
												<div class='test-desc'>Login->Borrower Registratino->New LOC  Payment -> Void->PPayoff</div>
												<div class='test-attributes'>
												</div>
												<div class='test-steps'>
													<table class='bordered table-results'>
														<thead>
															<tr>
																<th>Status</th>
																<th>Timestamp</th>
																<th>Details</th>
															</tr>
														</thead>
														<tbody>
																<tr>
																	<td class='status info' title='info' alt='info'><i class='mdi-action-info-outline'></i></td>
																	<td class='timestamp'>20:51:49</td>
																	<td class='step-details'><FONT color=green style=Calibri > Opened the CSR URL https://qclocalreg/cc/demoIndex.do</td>
																</tr>
																<tr>
																	<td class='status info' title='info' alt='info'><i class='mdi-action-info-outline'></i></td>
																	<td class='timestamp'>20:51:49</td>
																	<td class='step-details'>CSR Application is launched</td>
																</tr>
																<tr>
																	<td class='status fail' title='fail' alt='fail'><i class='mdi-navigation-cancel'></i></td>
																	<td class='timestamp'>20:52:11</td>
																	<td class='step-details'>CSR login is failed</td>
																</tr>
																<tr>
																	<td class='status info' title='info' alt='info'><i class='mdi-action-info-outline'></i></td>
																	<td class='timestamp'>20:52:11</td>
																	<td class='step-details'>Borrower Registration has started</td>
																</tr>
																<tr>
																	<td class='status info' title='info' alt='info'><i class='mdi-action-info-outline'></i></td>
																	<td class='timestamp'>20:52:52</td>
																	<td class='step-details'>Exception occured org.openqa.selenium.NoSuchFrameException: No frame element found by name or id bottom
Build info: version: '3.14.0', revision: 'aacccce0', time: '2018-08-02T20:19:58.91Z'
System info: host: 'QTLSYS2-72PC', ip: '192.168.2.72', os.name: 'Windows 7', os</td>
																</tr>
																<tr>
																	<td class='status info' title='info' alt='info'><i class='mdi-action-info-outline'></i></td>
																	<td class='timestamp'>20:52:52</td>
																	<td class='step-details'><a href='C:\Copy of QC_Batch1\QC_Batch\QC_LOC/ExecutionReports/QCStore/LOC/FailedTestsScreenshots/ACHDeposit_EODs_Return_ReDeposit_Return2019.07.25.08.52.52.png' data-featherlight='image'><img class='report-img' src='file:///C:\Copy of QC_Batch1\QC_Batch\QC_LOC/ExecutionReports/QCStore/LOC/FailedTestsScreenshots/ACHDeposit_EODs_Return_ReDeposit_Return2019.07.25.08.52.52.png' /></a></td>
																</tr>
																<tr>
																	<td class='status info' title='info' alt='info'><i class='mdi-action-info-outline'></i></td>
																	<td class='timestamp'>20:52:52</td>
																	<td class='step-details'>Borrower Registration process is initiated again due to Application sync issue</td>
																</tr>
																<tr>
																	<td class='status info' title='info' alt='info'><i class='mdi-action-info-outline'></i></td>
																	<td class='timestamp'>20:52:54</td>
																	<td class='step-details'>Borrower Registration has started</td>
																</tr>
																<tr>
																	<td class='status info' title='info' alt='info'><i class='mdi-action-info-outline'></i></td>
																	<td class='timestamp'>20:53:14</td>
																	<td class='step-details'>Exception occured org.openqa.selenium.NoSuchElementException: Unable to find element with xpath == /html/body/blink/table/tbody/tr/td[4] (WARNING: The server did not provide any stacktrace information)
Command duration or timeout: 0 milliseconds
For documentation on t</td>
																</tr>
																<tr>
																	<td class='status info' title='info' alt='info'><i class='mdi-action-info-outline'></i></td>
																	<td class='timestamp'>20:53:14</td>
																	<td class='step-details'><a href='C:\Copy of QC_Batch1\QC_Batch\QC_LOC/ExecutionReports/QCStore/LOC/FailedTestsScreenshots/ACHDeposit_EODs_Return_ReDeposit_Return2019.07.25.08.53.14.png' data-featherlight='image'><img class='report-img' src='file:///C:\Copy of QC_Batch1\QC_Batch\QC_LOC/ExecutionReports/QCStore/LOC/FailedTestsScreenshots/ACHDeposit_EODs_Return_ReDeposit_Return2019.07.25.08.53.14.png' /></a></td>
																</tr>
																<tr>
																	<td class='status info' title='info' alt='info'><i class='mdi-action-info-outline'></i></td>
																	<td class='timestamp'>20:53:14</td>
																	<td class='step-details'>Borrower Registration process is initiated again due to Application sync issue</td>
																</tr>
																<tr>
																	<td class='status info' title='info' alt='info'><i class='mdi-action-info-outline'></i></td>
																	<td class='timestamp'>20:53:15</td>
																	<td class='step-details'>Borrower Registration has started</td>
																</tr>
																<tr>
																	<td class='status info' title='info' alt='info'><i class='mdi-action-info-outline'></i></td>
																	<td class='timestamp'>20:53:35</td>
																	<td class='step-details'>Exception occured org.openqa.selenium.NoSuchElementException: Unable to find element with xpath == /html/body/blink/table/tbody/tr/td[4] (WARNING: The server did not provide any stacktrace information)
Command duration or timeout: 0 milliseconds
For documentation on t</td>
																</tr>
																<tr>
																	<td class='status info' title='info' alt='info'><i class='mdi-action-info-outline'></i></td>
																	<td class='timestamp'>20:53:35</td>
																	<td class='step-details'><a href='C:\Copy of QC_Batch1\QC_Batch\QC_LOC/ExecutionReports/QCStore/LOC/FailedTestsScreenshots/ACHDeposit_EODs_Return_ReDeposit_Return2019.07.25.08.53.35.png' data-featherlight='image'><img class='report-img' src='file:///C:\Copy of QC_Batch1\QC_Batch\QC_LOC/ExecutionReports/QCStore/LOC/FailedTestsScreenshots/ACHDeposit_EODs_Return_ReDeposit_Return2019.07.25.08.53.35.png' /></a></td>
																</tr>
																<tr>
																	<td class='status info' title='info' alt='info'><i class='mdi-action-info-outline'></i></td>
																	<td class='timestamp'>20:53:35</td>
																	<td class='step-details'>Borrower Registration process is initiated again due to Application sync issue</td>
																</tr>
																<tr>
																	<td class='status fail' title='fail' alt='fail'><i class='mdi-navigation-cancel'></i></td>
																	<td class='timestamp'>20:53:36</td>
																	<td class='step-details'>Borrower Registration is failed</td>
																</tr>
																<tr>
																	<td class='status fail' title='fail' alt='fail'><i class='mdi-navigation-cancel'></i></td>
																	<td class='timestamp'>20:53:36</td>
																	<td class='step-details'>Test Case Failed is LOC_Payment_Void_PayOff_Txn</td>
																</tr>
																<tr>
																	<td class='status fail' title='fail' alt='fail'><i class='mdi-navigation-cancel'></i></td>
																	<td class='timestamp'>20:53:36</td>
																	<td class='step-details'><a href='C:\Copy of QC_Batch1\QC_Batch\QC_LOC/ExecutionReports/QCStore/LOC/FailedTestsScreenshots/LOC_Payment_Void_PayOff_Txn2019.07.25.08.53.36.png' data-featherlight='image'><img class='report-img' src='file:///C:\Copy of QC_Batch1\QC_Batch\QC_LOC/ExecutionReports/QCStore/LOC/FailedTestsScreenshots/LOC_Payment_Void_PayOff_Txn2019.07.25.08.53.36.png' /></a></td>
																</tr>
														</tbody>
													</table>
													<ul class='collapsible node-list' data-collapsible='accordion'>
													</ul>
												</div>
											</div>
										</li>
										<li class='collection-item test displayed active fail ' extentid='15e59e5c-08bd-49ec-8494-7faab51c74eb'>
											<div class='test-head'>
												<span class='test-name'>Payment_Return_PayOff </span>
												<span class='test-status label right outline capitalize fail'>fail</span>
												<span class='category-assigned hide '></span>
											</div>
											<div class='test-body'>
												<div class='test-info'>
													<span title='Test started time' alt='Test started time' class='test-started-time label green lighten-1 text-white'>2019-07-25 20:53:41</span>
													<span title='Test ended time' alt='Test ended time' class='test-ended-time label red lighten-1 text-white'></span>
													<span title='Time taken to finish' alt='Time taken to finish' class='test-time-taken label blue-grey lighten-3 text-white'></span>
												</div>
												<div class='test-desc'>Login->Borrower Registratino->New LOC Grace days->Payment check->Check Deposit->Internal transfer->Cash Managemnet->Return->Payoff</div>
												<div class='test-attributes'>
												</div>
												<div class='test-steps'>
													<table class='bordered table-results'>
														<thead>
															<tr>
																<th>Status</th>
																<th>Timestamp</th>
																<th>Details</th>
															</tr>
														</thead>
														<tbody>
																<tr>
																	<td class='status info' title='info' alt='info'><i class='mdi-action-info-outline'></i></td>
																	<td class='timestamp'>20:53:45</td>
																	<td class='step-details'><FONT color=green style=Calibri > Opened the CSR URL https://qclocalreg/cc/demoIndex.do</td>
																</tr>
																<tr>
																	<td class='status info' title='info' alt='info'><i class='mdi-action-info-outline'></i></td>
																	<td class='timestamp'>20:53:45</td>
																	<td class='step-details'>CSR Application is launched</td>
																</tr>
																<tr>
																	<td class='status fail' title='fail' alt='fail'><i class='mdi-navigation-cancel'></i></td>
																	<td class='timestamp'>20:54:08</td>
																	<td class='step-details'>CSR login is failed</td>
																</tr>
																<tr>
																	<td class='status info' title='info' alt='info'><i class='mdi-action-info-outline'></i></td>
																	<td class='timestamp'>20:54:08</td>
																	<td class='step-details'>Borrower Registration has started</td>
																</tr>
																<tr>
																	<td class='status info' title='info' alt='info'><i class='mdi-action-info-outline'></i></td>
																	<td class='timestamp'>20:54:48</td>
																	<td class='step-details'>Exception occured org.openqa.selenium.NoSuchFrameException: No frame element found by name or id bottom
Build info: version: '3.14.0', revision: 'aacccce0', time: '2018-08-02T20:19:58.91Z'
System info: host: 'QTLSYS2-72PC', ip: '192.168.2.72', os.name: 'Windows 7', os</td>
																</tr>
																<tr>
																	<td class='status info' title='info' alt='info'><i class='mdi-action-info-outline'></i></td>
																	<td class='timestamp'>20:54:49</td>
																	<td class='step-details'><a href='C:\Copy of QC_Batch1\QC_Batch\QC_LOC/ExecutionReports/QCStore/LOC/FailedTestsScreenshots/ACHDeposit_EODs_Return_ReDeposit_Return2019.07.25.08.54.48.png' data-featherlight='image'><img class='report-img' src='file:///C:\Copy of QC_Batch1\QC_Batch\QC_LOC/ExecutionReports/QCStore/LOC/FailedTestsScreenshots/ACHDeposit_EODs_Return_ReDeposit_Return2019.07.25.08.54.48.png' /></a></td>
																</tr>
																<tr>
																	<td class='status info' title='info' alt='info'><i class='mdi-action-info-outline'></i></td>
																	<td class='timestamp'>20:54:49</td>
																	<td class='step-details'>Borrower Registration process is initiated again due to Application sync issue</td>
																</tr>
																<tr>
																	<td class='status info' title='info' alt='info'><i class='mdi-action-info-outline'></i></td>
																	<td class='timestamp'>20:54:51</td>
																	<td class='step-details'>Borrower Registration has started</td>
																</tr>
																<tr>
																	<td class='status info' title='info' alt='info'><i class='mdi-action-info-outline'></i></td>
																	<td class='timestamp'>20:55:11</td>
																	<td class='step-details'>Exception occured org.openqa.selenium.NoSuchElementException: Unable to find element with xpath == /html/body/blink/table/tbody/tr/td[4] (WARNING: The server did not provide any stacktrace information)
Command duration or timeout: 0 milliseconds
For documentation on t</td>
																</tr>
																<tr>
																	<td class='status info' title='info' alt='info'><i class='mdi-action-info-outline'></i></td>
																	<td class='timestamp'>20:55:11</td>
																	<td class='step-details'><a href='C:\Copy of QC_Batch1\QC_Batch\QC_LOC/ExecutionReports/QCStore/LOC/FailedTestsScreenshots/ACHDeposit_EODs_Return_ReDeposit_Return2019.07.25.08.55.11.png' data-featherlight='image'><img class='report-img' src='file:///C:\Copy of QC_Batch1\QC_Batch\QC_LOC/ExecutionReports/QCStore/LOC/FailedTestsScreenshots/ACHDeposit_EODs_Return_ReDeposit_Return2019.07.25.08.55.11.png' /></a></td>
																</tr>
																<tr>
																	<td class='status info' title='info' alt='info'><i class='mdi-action-info-outline'></i></td>
																	<td class='timestamp'>20:55:11</td>
																	<td class='step-details'>Borrower Registration process is initiated again due to Application sync issue</td>
																</tr>
																<tr>
																	<td class='status info' title='info' alt='info'><i class='mdi-action-info-outline'></i></td>
																	<td class='timestamp'>20:55:11</td>
																	<td class='step-details'>Borrower Registration has started</td>
																</tr>
																<tr>
																	<td class='status info' title='info' alt='info'><i class='mdi-action-info-outline'></i></td>
																	<td class='timestamp'>20:55:32</td>
																	<td class='step-details'>Exception occured org.openqa.selenium.NoSuchElementException: Unable to find element with xpath == /html/body/blink/table/tbody/tr/td[4] (WARNING: The server did not provide any stacktrace information)
Command duration or timeout: 0 milliseconds
For documentation on t</td>
																</tr>
																<tr>
																	<td class='status info' title='info' alt='info'><i class='mdi-action-info-outline'></i></td>
																	<td class='timestamp'>20:55:32</td>
																	<td class='step-details'><a href='C:\Copy of QC_Batch1\QC_Batch\QC_LOC/ExecutionReports/QCStore/LOC/FailedTestsScreenshots/ACHDeposit_EODs_Return_ReDeposit_Return2019.07.25.08.55.32.png' data-featherlight='image'><img class='report-img' src='file:///C:\Copy of QC_Batch1\QC_Batch\QC_LOC/ExecutionReports/QCStore/LOC/FailedTestsScreenshots/ACHDeposit_EODs_Return_ReDeposit_Return2019.07.25.08.55.32.png' /></a></td>
																</tr>
																<tr>
																	<td class='status info' title='info' alt='info'><i class='mdi-action-info-outline'></i></td>
																	<td class='timestamp'>20:55:32</td>
																	<td class='step-details'>Borrower Registration process is initiated again due to Application sync issue</td>
																</tr>
																<tr>
																	<td class='status fail' title='fail' alt='fail'><i class='mdi-navigation-cancel'></i></td>
																	<td class='timestamp'>20:55:32</td>
																	<td class='step-details'>Borrower Registration is failed</td>
																</tr>
																<tr>
																	<td class='status fail' title='fail' alt='fail'><i class='mdi-navigation-cancel'></i></td>
																	<td class='timestamp'>20:55:32</td>
																	<td class='step-details'>Test Case Failed is LOC_Payment_Return_PayOff_Txn</td>
																</tr>
																<tr>
																	<td class='status fail' title='fail' alt='fail'><i class='mdi-navigation-cancel'></i></td>
																	<td class='timestamp'>20:55:32</td>
																	<td class='step-details'><a href='C:\Copy of QC_Batch1\QC_Batch\QC_LOC/ExecutionReports/QCStore/LOC/FailedTestsScreenshots/LOC_Payment_Return_PayOff_Txn2019.07.25.08.55.32.png' data-featherlight='image'><img class='report-img' src='file:///C:\Copy of QC_Batch1\QC_Batch\QC_LOC/ExecutionReports/QCStore/LOC/FailedTestsScreenshots/LOC_Payment_Return_PayOff_Txn2019.07.25.08.55.32.png' /></a></td>
																</tr>
														</tbody>
													</table>
													<ul class='collapsible node-list' data-collapsible='accordion'>
													</ul>
												</div>
											</div>
										</li>
										<li class='collection-item test displayed active fail ' extentid='ca5318d2-7dc5-46da-a185-d45da54f964c'>
											<div class='test-head'>
												<span class='test-name'>PayOff_RescindPeriod_void </span>
												<span class='test-status label right outline capitalize fail'>fail</span>
												<span class='category-assigned hide '></span>
											</div>
											<div class='test-body'>
												<div class='test-info'>
													<span title='Test started time' alt='Test started time' class='test-started-time label green lighten-1 text-white'>2019-07-25 20:55:38</span>
													<span title='Test ended time' alt='Test ended time' class='test-ended-time label red lighten-1 text-white'></span>
													<span title='Time taken to finish' alt='Time taken to finish' class='test-time-taken label blue-grey lighten-3 text-white'></span>
												</div>
												<div class='test-desc'>Login->Borrower Registratino->New LOC  Payoff after Rescind Period->Void</div>
												<div class='test-attributes'>
												</div>
												<div class='test-steps'>
													<table class='bordered table-results'>
														<thead>
															<tr>
																<th>Status</th>
																<th>Timestamp</th>
																<th>Details</th>
															</tr>
														</thead>
														<tbody>
																<tr>
																	<td class='status info' title='info' alt='info'><i class='mdi-action-info-outline'></i></td>
																	<td class='timestamp'>20:55:42</td>
																	<td class='step-details'><FONT color=green style=Calibri > Opened the CSR URL https://qclocalreg/cc/demoIndex.do</td>
																</tr>
																<tr>
																	<td class='status info' title='info' alt='info'><i class='mdi-action-info-outline'></i></td>
																	<td class='timestamp'>20:55:42</td>
																	<td class='step-details'>CSR Application is launched</td>
																</tr>
																<tr>
																	<td class='status fail' title='fail' alt='fail'><i class='mdi-navigation-cancel'></i></td>
																	<td class='timestamp'>20:56:05</td>
																	<td class='step-details'>CSR login is failed</td>
																</tr>
																<tr>
																	<td class='status info' title='info' alt='info'><i class='mdi-action-info-outline'></i></td>
																	<td class='timestamp'>20:56:05</td>
																	<td class='step-details'>Borrower Registration has started</td>
																</tr>
																<tr>
																	<td class='status info' title='info' alt='info'><i class='mdi-action-info-outline'></i></td>
																	<td class='timestamp'>20:56:45</td>
																	<td class='step-details'>Exception occured org.openqa.selenium.NoSuchFrameException: No frame element found by name or id bottom
Build info: version: '3.14.0', revision: 'aacccce0', time: '2018-08-02T20:19:58.91Z'
System info: host: 'QTLSYS2-72PC', ip: '192.168.2.72', os.name: 'Windows 7', os</td>
																</tr>
																<tr>
																	<td class='status info' title='info' alt='info'><i class='mdi-action-info-outline'></i></td>
																	<td class='timestamp'>20:56:45</td>
																	<td class='step-details'><a href='C:\Copy of QC_Batch1\QC_Batch\QC_LOC/ExecutionReports/QCStore/LOC/FailedTestsScreenshots/ACHDeposit_EODs_Return_ReDeposit_Return2019.07.25.08.56.45.png' data-featherlight='image'><img class='report-img' src='file:///C:\Copy of QC_Batch1\QC_Batch\QC_LOC/ExecutionReports/QCStore/LOC/FailedTestsScreenshots/ACHDeposit_EODs_Return_ReDeposit_Return2019.07.25.08.56.45.png' /></a></td>
																</tr>
																<tr>
																	<td class='status info' title='info' alt='info'><i class='mdi-action-info-outline'></i></td>
																	<td class='timestamp'>20:56:45</td>
																	<td class='step-details'>Borrower Registration process is initiated again due to Application sync issue</td>
																</tr>
																<tr>
																	<td class='status info' title='info' alt='info'><i class='mdi-action-info-outline'></i></td>
																	<td class='timestamp'>20:56:47</td>
																	<td class='step-details'>Borrower Registration has started</td>
																</tr>
																<tr>
																	<td class='status info' title='info' alt='info'><i class='mdi-action-info-outline'></i></td>
																	<td class='timestamp'>20:57:07</td>
																	<td class='step-details'>Exception occured org.openqa.selenium.NoSuchElementException: Unable to find element with xpath == /html/body/blink/table/tbody/tr/td[4] (WARNING: The server did not provide any stacktrace information)
Command duration or timeout: 0 milliseconds
For documentation on t</td>
																</tr>
																<tr>
																	<td class='status info' title='info' alt='info'><i class='mdi-action-info-outline'></i></td>
																	<td class='timestamp'>20:57:08</td>
																	<td class='step-details'><a href='C:\Copy of QC_Batch1\QC_Batch\QC_LOC/ExecutionReports/QCStore/LOC/FailedTestsScreenshots/ACHDeposit_EODs_Return_ReDeposit_Return2019.07.25.08.57.07.png' data-featherlight='image'><img class='report-img' src='file:///C:\Copy of QC_Batch1\QC_Batch\QC_LOC/ExecutionReports/QCStore/LOC/FailedTestsScreenshots/ACHDeposit_EODs_Return_ReDeposit_Return2019.07.25.08.57.07.png' /></a></td>
																</tr>
																<tr>
																	<td class='status info' title='info' alt='info'><i class='mdi-action-info-outline'></i></td>
																	<td class='timestamp'>20:57:08</td>
																	<td class='step-details'>Borrower Registration process is initiated again due to Application sync issue</td>
																</tr>
																<tr>
																	<td class='status info' title='info' alt='info'><i class='mdi-action-info-outline'></i></td>
																	<td class='timestamp'>20:57:08</td>
																	<td class='step-details'>Borrower Registration has started</td>
																</tr>
																<tr>
																	<td class='status info' title='info' alt='info'><i class='mdi-action-info-outline'></i></td>
																	<td class='timestamp'>20:57:28</td>
																	<td class='step-details'>Exception occured org.openqa.selenium.NoSuchElementException: Unable to find element with xpath == /html/body/blink/table/tbody/tr/td[4] (WARNING: The server did not provide any stacktrace information)
Command duration or timeout: 0 milliseconds
For documentation on t</td>
																</tr>
																<tr>
																	<td class='status info' title='info' alt='info'><i class='mdi-action-info-outline'></i></td>
																	<td class='timestamp'>20:57:29</td>
																	<td class='step-details'><a href='C:\Copy of QC_Batch1\QC_Batch\QC_LOC/ExecutionReports/QCStore/LOC/FailedTestsScreenshots/ACHDeposit_EODs_Return_ReDeposit_Return2019.07.25.08.57.28.png' data-featherlight='image'><img class='report-img' src='file:///C:\Copy of QC_Batch1\QC_Batch\QC_LOC/ExecutionReports/QCStore/LOC/FailedTestsScreenshots/ACHDeposit_EODs_Return_ReDeposit_Return2019.07.25.08.57.28.png' /></a></td>
																</tr>
																<tr>
																	<td class='status info' title='info' alt='info'><i class='mdi-action-info-outline'></i></td>
																	<td class='timestamp'>20:57:29</td>
																	<td class='step-details'>Borrower Registration process is initiated again due to Application sync issue</td>
																</tr>
																<tr>
																	<td class='status fail' title='fail' alt='fail'><i class='mdi-navigation-cancel'></i></td>
																	<td class='timestamp'>20:57:29</td>
																	<td class='step-details'>Borrower Registration is failed</td>
																</tr>
																<tr>
																	<td class='status fail' title='fail' alt='fail'><i class='mdi-navigation-cancel'></i></td>
																	<td class='timestamp'>20:57:29</td>
																	<td class='step-details'>Test Case Failed is LOC_PayOff_RescindPeriod_void_Txn</td>
																</tr>
																<tr>
																	<td class='status fail' title='fail' alt='fail'><i class='mdi-navigation-cancel'></i></td>
																	<td class='timestamp'>20:57:29</td>
																	<td class='step-details'><a href='C:\Copy of QC_Batch1\QC_Batch\QC_LOC/ExecutionReports/QCStore/LOC/FailedTestsScreenshots/LOC_PayOff_RescindPeriod_void_Txn2019.07.25.08.57.29.png' data-featherlight='image'><img class='report-img' src='file:///C:\Copy of QC_Batch1\QC_Batch\QC_LOC/ExecutionReports/QCStore/LOC/FailedTestsScreenshots/LOC_PayOff_RescindPeriod_void_Txn2019.07.25.08.57.29.png' /></a></td>
																</tr>
														</tbody>
													</table>
													<ul class='collapsible node-list' data-collapsible='accordion'>
													</ul>
												</div>
											</div>
										</li>
										<li class='collection-item test displayed active fail ' extentid='6cf4326d-1587-4b32-8cbe-1c629a6975ff'>
											<div class='test-head'>
												<span class='test-name'>Payment_PayOff_Void </span>
												<span class='test-status label right outline capitalize fail'>fail</span>
												<span class='category-assigned hide '></span>
											</div>
											<div class='test-body'>
												<div class='test-info'>
													<span title='Test started time' alt='Test started time' class='test-started-time label green lighten-1 text-white'>2019-07-25 20:57:35</span>
													<span title='Test ended time' alt='Test ended time' class='test-ended-time label red lighten-1 text-white'></span>
													<span title='Time taken to finish' alt='Time taken to finish' class='test-time-taken label blue-grey lighten-3 text-white'></span>
												</div>
												<div class='test-desc'>Login->Borrower Registratino->New LOC  Payment -> DueDate->PayPayoff->Void</div>
												<div class='test-attributes'>
												</div>
												<div class='test-steps'>
													<table class='bordered table-results'>
														<thead>
															<tr>
																<th>Status</th>
																<th>Timestamp</th>
																<th>Details</th>
															</tr>
														</thead>
														<tbody>
																<tr>
																	<td class='status info' title='info' alt='info'><i class='mdi-action-info-outline'></i></td>
																	<td class='timestamp'>20:57:39</td>
																	<td class='step-details'><FONT color=green style=Calibri > Opened the CSR URL https://qclocalreg/cc/demoIndex.do</td>
																</tr>
																<tr>
																	<td class='status info' title='info' alt='info'><i class='mdi-action-info-outline'></i></td>
																	<td class='timestamp'>20:57:39</td>
																	<td class='step-details'>CSR Application is launched</td>
																</tr>
																<tr>
																	<td class='status fail' title='fail' alt='fail'><i class='mdi-navigation-cancel'></i></td>
																	<td class='timestamp'>20:58:01</td>
																	<td class='step-details'>CSR login is failed</td>
																</tr>
																<tr>
																	<td class='status info' title='info' alt='info'><i class='mdi-action-info-outline'></i></td>
																	<td class='timestamp'>20:58:01</td>
																	<td class='step-details'>Borrower Registration has started</td>
																</tr>
																<tr>
																	<td class='status info' title='info' alt='info'><i class='mdi-action-info-outline'></i></td>
																	<td class='timestamp'>20:58:42</td>
																	<td class='step-details'>Exception occured org.openqa.selenium.NoSuchFrameException: No frame element found by name or id bottom
Build info: version: '3.14.0', revision: 'aacccce0', time: '2018-08-02T20:19:58.91Z'
System info: host: 'QTLSYS2-72PC', ip: '192.168.2.72', os.name: 'Windows 7', os</td>
																</tr>
																<tr>
																	<td class='status info' title='info' alt='info'><i class='mdi-action-info-outline'></i></td>
																	<td class='timestamp'>20:58:42</td>
																	<td class='step-details'><a href='C:\Copy of QC_Batch1\QC_Batch\QC_LOC/ExecutionReports/QCStore/LOC/FailedTestsScreenshots/ACHDeposit_EODs_Return_ReDeposit_Return2019.07.25.08.58.42.png' data-featherlight='image'><img class='report-img' src='file:///C:\Copy of QC_Batch1\QC_Batch\QC_LOC/ExecutionReports/QCStore/LOC/FailedTestsScreenshots/ACHDeposit_EODs_Return_ReDeposit_Return2019.07.25.08.58.42.png' /></a></td>
																</tr>
																<tr>
																	<td class='status info' title='info' alt='info'><i class='mdi-action-info-outline'></i></td>
																	<td class='timestamp'>20:58:42</td>
																	<td class='step-details'>Borrower Registration process is initiated again due to Application sync issue</td>
																</tr>
																<tr>
																	<td class='status info' title='info' alt='info'><i class='mdi-action-info-outline'></i></td>
																	<td class='timestamp'>20:58:45</td>
																	<td class='step-details'>Borrower Registration has started</td>
																</tr>
																<tr>
																	<td class='status info' title='info' alt='info'><i class='mdi-action-info-outline'></i></td>
																	<td class='timestamp'>20:59:06</td>
																	<td class='step-details'>Exception occured org.openqa.selenium.NoSuchElementException: Unable to find element with xpath == /html/body/blink/table/tbody/tr/td[4] (WARNING: The server did not provide any stacktrace information)
Command duration or timeout: 0 milliseconds
For documentation on t</td>
																</tr>
																<tr>
																	<td class='status info' title='info' alt='info'><i class='mdi-action-info-outline'></i></td>
																	<td class='timestamp'>20:59:06</td>
																	<td class='step-details'><a href='C:\Copy of QC_Batch1\QC_Batch\QC_LOC/ExecutionReports/QCStore/LOC/FailedTestsScreenshots/ACHDeposit_EODs_Return_ReDeposit_Return2019.07.25.08.59.06.png' data-featherlight='image'><img class='report-img' src='file:///C:\Copy of QC_Batch1\QC_Batch\QC_LOC/ExecutionReports/QCStore/LOC/FailedTestsScreenshots/ACHDeposit_EODs_Return_ReDeposit_Return2019.07.25.08.59.06.png' /></a></td>
																</tr>
																<tr>
																	<td class='status info' title='info' alt='info'><i class='mdi-action-info-outline'></i></td>
																	<td class='timestamp'>20:59:06</td>
																	<td class='step-details'>Borrower Registration process is initiated again due to Application sync issue</td>
																</tr>
																<tr>
																	<td class='status info' title='info' alt='info'><i class='mdi-action-info-outline'></i></td>
																	<td class='timestamp'>20:59:06</td>
																	<td class='step-details'>Borrower Registration has started</td>
																</tr>
																<tr>
																	<td class='status info' title='info' alt='info'><i class='mdi-action-info-outline'></i></td>
																	<td class='timestamp'>20:59:27</td>
																	<td class='step-details'>Exception occured org.openqa.selenium.NoSuchElementException: Unable to find element with xpath == /html/body/blink/table/tbody/tr/td[4] (WARNING: The server did not provide any stacktrace information)
Command duration or timeout: 0 milliseconds
For documentation on t</td>
																</tr>
																<tr>
																	<td class='status info' title='info' alt='info'><i class='mdi-action-info-outline'></i></td>
																	<td class='timestamp'>20:59:27</td>
																	<td class='step-details'><a href='C:\Copy of QC_Batch1\QC_Batch\QC_LOC/ExecutionReports/QCStore/LOC/FailedTestsScreenshots/ACHDeposit_EODs_Return_ReDeposit_Return2019.07.25.08.59.27.png' data-featherlight='image'><img class='report-img' src='file:///C:\Copy of QC_Batch1\QC_Batch\QC_LOC/ExecutionReports/QCStore/LOC/FailedTestsScreenshots/ACHDeposit_EODs_Return_ReDeposit_Return2019.07.25.08.59.27.png' /></a></td>
																</tr>
																<tr>
																	<td class='status info' title='info' alt='info'><i class='mdi-action-info-outline'></i></td>
																	<td class='timestamp'>20:59:27</td>
																	<td class='step-details'>Borrower Registration process is initiated again due to Application sync issue</td>
																</tr>
																<tr>
																	<td class='status fail' title='fail' alt='fail'><i class='mdi-navigation-cancel'></i></td>
																	<td class='timestamp'>20:59:27</td>
																	<td class='step-details'>Borrower Registration is failed</td>
																</tr>
																<tr>
																	<td class='status fail' title='fail' alt='fail'><i class='mdi-navigation-cancel'></i></td>
																	<td class='timestamp'>20:59:27</td>
																	<td class='step-details'>Test Case Failed is LOC_Payment_PayOff_Void_Txn</td>
																</tr>
																<tr>
																	<td class='status fail' title='fail' alt='fail'><i class='mdi-navigation-cancel'></i></td>
																	<td class='timestamp'>20:59:27</td>
																	<td class='step-details'><a href='C:\Copy of QC_Batch1\QC_Batch\QC_LOC/ExecutionReports/QCStore/LOC/FailedTestsScreenshots/LOC_Payment_PayOff_Void_Txn2019.07.25.08.59.27.png' data-featherlight='image'><img class='report-img' src='file:///C:\Copy of QC_Batch1\QC_Batch\QC_LOC/ExecutionReports/QCStore/LOC/FailedTestsScreenshots/LOC_Payment_PayOff_Void_Txn2019.07.25.08.59.27.png' /></a></td>
																</tr>
														</tbody>
													</table>
													<ul class='collapsible node-list' data-collapsible='accordion'>
													</ul>
												</div>
											</div>
										</li>
										<li class='collection-item test displayed active fail ' extentid='7c526230-9bc3-4f0a-addd-b1557716267c'>
											<div class='test-head'>
												<span class='test-name'>Payment_Gracedays_PayOff_Void </span>
												<span class='test-status label right outline capitalize fail'>fail</span>
												<span class='category-assigned hide '></span>
											</div>
											<div class='test-body'>
												<div class='test-info'>
													<span title='Test started time' alt='Test started time' class='test-started-time label green lighten-1 text-white'>2019-07-25 20:59:33</span>
													<span title='Test ended time' alt='Test ended time' class='test-ended-time label red lighten-1 text-white'></span>
													<span title='Time taken to finish' alt='Time taken to finish' class='test-time-taken label blue-grey lighten-3 text-white'></span>
												</div>
												<div class='test-desc'>Login->Borrower Registratino->New LOC  Payment -> Gracedays->PayPayoff->Void</div>
												<div class='test-attributes'>
												</div>
												<div class='test-steps'>
													<table class='bordered table-results'>
														<thead>
															<tr>
																<th>Status</th>
																<th>Timestamp</th>
																<th>Details</th>
															</tr>
														</thead>
														<tbody>
																<tr>
																	<td class='status info' title='info' alt='info'><i class='mdi-action-info-outline'></i></td>
																	<td class='timestamp'>20:59:37</td>
																	<td class='step-details'><FONT color=green style=Calibri > Opened the CSR URL https://qclocalreg/cc/demoIndex.do</td>
																</tr>
																<tr>
																	<td class='status info' title='info' alt='info'><i class='mdi-action-info-outline'></i></td>
																	<td class='timestamp'>20:59:37</td>
																	<td class='step-details'>CSR Application is launched</td>
																</tr>
																<tr>
																	<td class='status fail' title='fail' alt='fail'><i class='mdi-navigation-cancel'></i></td>
																	<td class='timestamp'>21:00:00</td>
																	<td class='step-details'>CSR login is failed</td>
																</tr>
																<tr>
																	<td class='status info' title='info' alt='info'><i class='mdi-action-info-outline'></i></td>
																	<td class='timestamp'>21:00:00</td>
																	<td class='step-details'>Borrower Registration has started</td>
																</tr>
																<tr>
																	<td class='status info' title='info' alt='info'><i class='mdi-action-info-outline'></i></td>
																	<td class='timestamp'>21:00:40</td>
																	<td class='step-details'>Exception occured org.openqa.selenium.NoSuchFrameException: No frame element found by name or id bottom
Build info: version: '3.14.0', revision: 'aacccce0', time: '2018-08-02T20:19:58.91Z'
System info: host: 'QTLSYS2-72PC', ip: '192.168.2.72', os.name: 'Windows 7', os</td>
																</tr>
																<tr>
																	<td class='status info' title='info' alt='info'><i class='mdi-action-info-outline'></i></td>
																	<td class='timestamp'>21:00:40</td>
																	<td class='step-details'><a href='C:\Copy of QC_Batch1\QC_Batch\QC_LOC/ExecutionReports/QCStore/LOC/FailedTestsScreenshots/ACHDeposit_EODs_Return_ReDeposit_Return2019.07.25.09.00.40.png' data-featherlight='image'><img class='report-img' src='file:///C:\Copy of QC_Batch1\QC_Batch\QC_LOC/ExecutionReports/QCStore/LOC/FailedTestsScreenshots/ACHDeposit_EODs_Return_ReDeposit_Return2019.07.25.09.00.40.png' /></a></td>
																</tr>
																<tr>
																	<td class='status info' title='info' alt='info'><i class='mdi-action-info-outline'></i></td>
																	<td class='timestamp'>21:00:40</td>
																	<td class='step-details'>Borrower Registration process is initiated again due to Application sync issue</td>
																</tr>
																<tr>
																	<td class='status info' title='info' alt='info'><i class='mdi-action-info-outline'></i></td>
																	<td class='timestamp'>21:00:41</td>
																	<td class='step-details'>Borrower Registration has started</td>
																</tr>
																<tr>
																	<td class='status info' title='info' alt='info'><i class='mdi-action-info-outline'></i></td>
																	<td class='timestamp'>21:01:02</td>
																	<td class='step-details'>Exception occured org.openqa.selenium.NoSuchElementException: Unable to find element with xpath == /html/body/blink/table/tbody/tr/td[4] (WARNING: The server did not provide any stacktrace information)
Command duration or timeout: 0 milliseconds
For documentation on t</td>
																</tr>
																<tr>
																	<td class='status info' title='info' alt='info'><i class='mdi-action-info-outline'></i></td>
																	<td class='timestamp'>21:01:02</td>
																	<td class='step-details'><a href='C:\Copy of QC_Batch1\QC_Batch\QC_LOC/ExecutionReports/QCStore/LOC/FailedTestsScreenshots/ACHDeposit_EODs_Return_ReDeposit_Return2019.07.25.09.01.02.png' data-featherlight='image'><img class='report-img' src='file:///C:\Copy of QC_Batch1\QC_Batch\QC_LOC/ExecutionReports/QCStore/LOC/FailedTestsScreenshots/ACHDeposit_EODs_Return_ReDeposit_Return2019.07.25.09.01.02.png' /></a></td>
																</tr>
																<tr>
																	<td class='status info' title='info' alt='info'><i class='mdi-action-info-outline'></i></td>
																	<td class='timestamp'>21:01:02</td>
																	<td class='step-details'>Borrower Registration process is initiated again due to Application sync issue</td>
																</tr>
																<tr>
																	<td class='status info' title='info' alt='info'><i class='mdi-action-info-outline'></i></td>
																	<td class='timestamp'>21:01:02</td>
																	<td class='step-details'>Borrower Registration has started</td>
																</tr>
																<tr>
																	<td class='status info' title='info' alt='info'><i class='mdi-action-info-outline'></i></td>
																	<td class='timestamp'>21:01:23</td>
																	<td class='step-details'>Exception occured org.openqa.selenium.NoSuchElementException: Unable to find element with xpath == /html/body/blink/table/tbody/tr/td[4] (WARNING: The server did not provide any stacktrace information)
Command duration or timeout: 0 milliseconds
For documentation on t</td>
																</tr>
																<tr>
																	<td class='status info' title='info' alt='info'><i class='mdi-action-info-outline'></i></td>
																	<td class='timestamp'>21:01:23</td>
																	<td class='step-details'><a href='C:\Copy of QC_Batch1\QC_Batch\QC_LOC/ExecutionReports/QCStore/LOC/FailedTestsScreenshots/ACHDeposit_EODs_Return_ReDeposit_Return2019.07.25.09.01.23.png' data-featherlight='image'><img class='report-img' src='file:///C:\Copy of QC_Batch1\QC_Batch\QC_LOC/ExecutionReports/QCStore/LOC/FailedTestsScreenshots/ACHDeposit_EODs_Return_ReDeposit_Return2019.07.25.09.01.23.png' /></a></td>
																</tr>
																<tr>
																	<td class='status info' title='info' alt='info'><i class='mdi-action-info-outline'></i></td>
																	<td class='timestamp'>21:01:23</td>
																	<td class='step-details'>Borrower Registration process is initiated again due to Application sync issue</td>
																</tr>
																<tr>
																	<td class='status fail' title='fail' alt='fail'><i class='mdi-navigation-cancel'></i></td>
																	<td class='timestamp'>21:01:23</td>
																	<td class='step-details'>Borrower Registration is failed</td>
																</tr>
																<tr>
																	<td class='status fail' title='fail' alt='fail'><i class='mdi-navigation-cancel'></i></td>
																	<td class='timestamp'>21:01:23</td>
																	<td class='step-details'>Test Case Failed is LOC_Payment_Gracedays_PayOff_Void_Txn</td>
																</tr>
																<tr>
																	<td class='status fail' title='fail' alt='fail'><i class='mdi-navigation-cancel'></i></td>
																	<td class='timestamp'>21:01:23</td>
																	<td class='step-details'><a href='C:\Copy of QC_Batch1\QC_Batch\QC_LOC/ExecutionReports/QCStore/LOC/FailedTestsScreenshots/LOC_Payment_Gracedays_PayOff_Void_Txn2019.07.25.09.01.23.png' data-featherlight='image'><img class='report-img' src='file:///C:\Copy of QC_Batch1\QC_Batch\QC_LOC/ExecutionReports/QCStore/LOC/FailedTestsScreenshots/LOC_Payment_Gracedays_PayOff_Void_Txn2019.07.25.09.01.23.png' /></a></td>
																</tr>
														</tbody>
													</table>
													<ul class='collapsible node-list' data-collapsible='accordion'>
													</ul>
												</div>
											</div>
										</li>
										<li class='collection-item test displayed active fail ' extentid='3856d222-8ef1-476b-a003-2f1aafb163cf'>
											<div class='test-head'>
												<span class='test-name'>Payment_Void_PayOff_Void </span>
												<span class='test-status label right outline capitalize fail'>fail</span>
												<span class='category-assigned hide '></span>
											</div>
											<div class='test-body'>
												<div class='test-info'>
													<span title='Test started time' alt='Test started time' class='test-started-time label green lighten-1 text-white'>2019-07-25 21:01:29</span>
													<span title='Test ended time' alt='Test ended time' class='test-ended-time label red lighten-1 text-white'></span>
													<span title='Time taken to finish' alt='Time taken to finish' class='test-time-taken label blue-grey lighten-3 text-white'></span>
												</div>
												<div class='test-desc'>Login->Borrower Registratino->New LOC  Payment -> Void->Payoff-Void</div>
												<div class='test-attributes'>
												</div>
												<div class='test-steps'>
													<table class='bordered table-results'>
														<thead>
															<tr>
																<th>Status</th>
																<th>Timestamp</th>
																<th>Details</th>
															</tr>
														</thead>
														<tbody>
																<tr>
																	<td class='status info' title='info' alt='info'><i class='mdi-action-info-outline'></i></td>
																	<td class='timestamp'>21:01:33</td>
																	<td class='step-details'><FONT color=green style=Calibri > Opened the CSR URL https://qclocalreg/cc/demoIndex.do</td>
																</tr>
																<tr>
																	<td class='status info' title='info' alt='info'><i class='mdi-action-info-outline'></i></td>
																	<td class='timestamp'>21:01:33</td>
																	<td class='step-details'>CSR Application is launched</td>
																</tr>
																<tr>
																	<td class='status fail' title='fail' alt='fail'><i class='mdi-navigation-cancel'></i></td>
																	<td class='timestamp'>21:01:55</td>
																	<td class='step-details'>CSR login is failed</td>
																</tr>
																<tr>
																	<td class='status info' title='info' alt='info'><i class='mdi-action-info-outline'></i></td>
																	<td class='timestamp'>21:01:55</td>
																	<td class='step-details'>Borrower Registration has started</td>
																</tr>
																<tr>
																	<td class='status info' title='info' alt='info'><i class='mdi-action-info-outline'></i></td>
																	<td class='timestamp'>21:02:36</td>
																	<td class='step-details'>Exception occured org.openqa.selenium.NoSuchFrameException: No frame element found by name or id bottom
Build info: version: '3.14.0', revision: 'aacccce0', time: '2018-08-02T20:19:58.91Z'
System info: host: 'QTLSYS2-72PC', ip: '192.168.2.72', os.name: 'Windows 7', os</td>
																</tr>
																<tr>
																	<td class='status info' title='info' alt='info'><i class='mdi-action-info-outline'></i></td>
																	<td class='timestamp'>21:02:36</td>
																	<td class='step-details'><a href='C:\Copy of QC_Batch1\QC_Batch\QC_LOC/ExecutionReports/QCStore/LOC/FailedTestsScreenshots/ACHDeposit_EODs_Return_ReDeposit_Return2019.07.25.09.02.36.png' data-featherlight='image'><img class='report-img' src='file:///C:\Copy of QC_Batch1\QC_Batch\QC_LOC/ExecutionReports/QCStore/LOC/FailedTestsScreenshots/ACHDeposit_EODs_Return_ReDeposit_Return2019.07.25.09.02.36.png' /></a></td>
																</tr>
																<tr>
																	<td class='status info' title='info' alt='info'><i class='mdi-action-info-outline'></i></td>
																	<td class='timestamp'>21:02:36</td>
																	<td class='step-details'>Borrower Registration process is initiated again due to Application sync issue</td>
																</tr>
																<tr>
																	<td class='status info' title='info' alt='info'><i class='mdi-action-info-outline'></i></td>
																	<td class='timestamp'>21:02:37</td>
																	<td class='step-details'>Borrower Registration has started</td>
																</tr>
																<tr>
																	<td class='status info' title='info' alt='info'><i class='mdi-action-info-outline'></i></td>
																	<td class='timestamp'>21:02:58</td>
																	<td class='step-details'>Exception occured org.openqa.selenium.NoSuchElementException: Unable to find element with xpath == /html/body/blink/table/tbody/tr/td[4] (WARNING: The server did not provide any stacktrace information)
Command duration or timeout: 0 milliseconds
For documentation on t</td>
																</tr>
																<tr>
																	<td class='status info' title='info' alt='info'><i class='mdi-action-info-outline'></i></td>
																	<td class='timestamp'>21:02:58</td>
																	<td class='step-details'><a href='C:\Copy of QC_Batch1\QC_Batch\QC_LOC/ExecutionReports/QCStore/LOC/FailedTestsScreenshots/ACHDeposit_EODs_Return_ReDeposit_Return2019.07.25.09.02.58.png' data-featherlight='image'><img class='report-img' src='file:///C:\Copy of QC_Batch1\QC_Batch\QC_LOC/ExecutionReports/QCStore/LOC/FailedTestsScreenshots/ACHDeposit_EODs_Return_ReDeposit_Return2019.07.25.09.02.58.png' /></a></td>
																</tr>
																<tr>
																	<td class='status info' title='info' alt='info'><i class='mdi-action-info-outline'></i></td>
																	<td class='timestamp'>21:02:58</td>
																	<td class='step-details'>Borrower Registration process is initiated again due to Application sync issue</td>
																</tr>
																<tr>
																	<td class='status info' title='info' alt='info'><i class='mdi-action-info-outline'></i></td>
																	<td class='timestamp'>21:02:58</td>
																	<td class='step-details'>Borrower Registration has started</td>
																</tr>
																<tr>
																	<td class='status info' title='info' alt='info'><i class='mdi-action-info-outline'></i></td>
																	<td class='timestamp'>21:03:18</td>
																	<td class='step-details'>Exception occured org.openqa.selenium.NoSuchElementException: Unable to find element with xpath == /html/body/blink/table/tbody/tr/td[4] (WARNING: The server did not provide any stacktrace information)
Command duration or timeout: 0 milliseconds
For documentation on t</td>
																</tr>
																<tr>
																	<td class='status info' title='info' alt='info'><i class='mdi-action-info-outline'></i></td>
																	<td class='timestamp'>21:03:19</td>
																	<td class='step-details'><a href='C:\Copy of QC_Batch1\QC_Batch\QC_LOC/ExecutionReports/QCStore/LOC/FailedTestsScreenshots/ACHDeposit_EODs_Return_ReDeposit_Return2019.07.25.09.03.18.png' data-featherlight='image'><img class='report-img' src='file:///C:\Copy of QC_Batch1\QC_Batch\QC_LOC/ExecutionReports/QCStore/LOC/FailedTestsScreenshots/ACHDeposit_EODs_Return_ReDeposit_Return2019.07.25.09.03.18.png' /></a></td>
																</tr>
																<tr>
																	<td class='status info' title='info' alt='info'><i class='mdi-action-info-outline'></i></td>
																	<td class='timestamp'>21:03:19</td>
																	<td class='step-details'>Borrower Registration process is initiated again due to Application sync issue</td>
																</tr>
																<tr>
																	<td class='status fail' title='fail' alt='fail'><i class='mdi-navigation-cancel'></i></td>
																	<td class='timestamp'>21:03:19</td>
																	<td class='step-details'>Borrower Registration is failed</td>
																</tr>
																<tr>
																	<td class='status fail' title='fail' alt='fail'><i class='mdi-navigation-cancel'></i></td>
																	<td class='timestamp'>21:03:19</td>
																	<td class='step-details'>Test Case Failed is LOC_Payment_Void_PayOff_Void_Txn</td>
																</tr>
																<tr>
																	<td class='status fail' title='fail' alt='fail'><i class='mdi-navigation-cancel'></i></td>
																	<td class='timestamp'>21:03:19</td>
																	<td class='step-details'><a href='C:\Copy of QC_Batch1\QC_Batch\QC_LOC/ExecutionReports/QCStore/LOC/FailedTestsScreenshots/LOC_Payment_Void_PayOff_Void_Txn2019.07.25.09.03.19.png' data-featherlight='image'><img class='report-img' src='file:///C:\Copy of QC_Batch1\QC_Batch\QC_LOC/ExecutionReports/QCStore/LOC/FailedTestsScreenshots/LOC_Payment_Void_PayOff_Void_Txn2019.07.25.09.03.19.png' /></a></td>
																</tr>
														</tbody>
													</table>
													<ul class='collapsible node-list' data-collapsible='accordion'>
													</ul>
												</div>
											</div>
										</li>
										<li class='collection-item test displayed active fail ' extentid='9b6d50a9-cb13-4e44-817e-dc13ed71c772'>
											<div class='test-head'>
												<span class='test-name'>PayOff_Return </span>
												<span class='test-status label right outline capitalize fail'>fail</span>
												<span class='category-assigned hide '></span>
											</div>
											<div class='test-body'>
												<div class='test-info'>
													<span title='Test started time' alt='Test started time' class='test-started-time label green lighten-1 text-white'>2019-07-25 21:03:25</span>
													<span title='Test ended time' alt='Test ended time' class='test-ended-time label red lighten-1 text-white'></span>
													<span title='Time taken to finish' alt='Time taken to finish' class='test-time-taken label blue-grey lighten-3 text-white'></span>
												</div>
												<div class='test-desc'>Login->Borrower Registratino->New LOC >Grace days->PayOff check->Check Deposit->Internal transfer->Cash Managemnet->Return</div>
												<div class='test-attributes'>
												</div>
												<div class='test-steps'>
													<table class='bordered table-results'>
														<thead>
															<tr>
																<th>Status</th>
																<th>Timestamp</th>
																<th>Details</th>
															</tr>
														</thead>
														<tbody>
																<tr>
																	<td class='status info' title='info' alt='info'><i class='mdi-action-info-outline'></i></td>
																	<td class='timestamp'>21:03:29</td>
																	<td class='step-details'><FONT color=green style=Calibri > Opened the CSR URL https://qclocalreg/cc/demoIndex.do</td>
																</tr>
																<tr>
																	<td class='status info' title='info' alt='info'><i class='mdi-action-info-outline'></i></td>
																	<td class='timestamp'>21:03:29</td>
																	<td class='step-details'>CSR Application is launched</td>
																</tr>
																<tr>
																	<td class='status fail' title='fail' alt='fail'><i class='mdi-navigation-cancel'></i></td>
																	<td class='timestamp'>21:03:55</td>
																	<td class='step-details'>CSR login is failed</td>
																</tr>
																<tr>
																	<td class='status info' title='info' alt='info'><i class='mdi-action-info-outline'></i></td>
																	<td class='timestamp'>21:03:55</td>
																	<td class='step-details'>Borrower Registration has started</td>
																</tr>
																<tr>
																	<td class='status info' title='info' alt='info'><i class='mdi-action-info-outline'></i></td>
																	<td class='timestamp'>21:04:35</td>
																	<td class='step-details'>Exception occured org.openqa.selenium.NoSuchFrameException: No frame element found by name or id bottom
Build info: version: '3.14.0', revision: 'aacccce0', time: '2018-08-02T20:19:58.91Z'
System info: host: 'QTLSYS2-72PC', ip: '192.168.2.72', os.name: 'Windows 7', os</td>
																</tr>
																<tr>
																	<td class='status info' title='info' alt='info'><i class='mdi-action-info-outline'></i></td>
																	<td class='timestamp'>21:04:36</td>
																	<td class='step-details'><a href='C:\Copy of QC_Batch1\QC_Batch\QC_LOC/ExecutionReports/QCStore/LOC/FailedTestsScreenshots/ACHDeposit_EODs_Return_ReDeposit_Return2019.07.25.09.04.35.png' data-featherlight='image'><img class='report-img' src='file:///C:\Copy of QC_Batch1\QC_Batch\QC_LOC/ExecutionReports/QCStore/LOC/FailedTestsScreenshots/ACHDeposit_EODs_Return_ReDeposit_Return2019.07.25.09.04.35.png' /></a></td>
																</tr>
																<tr>
																	<td class='status info' title='info' alt='info'><i class='mdi-action-info-outline'></i></td>
																	<td class='timestamp'>21:04:36</td>
																	<td class='step-details'>Borrower Registration process is initiated again due to Application sync issue</td>
																</tr>
																<tr>
																	<td class='status info' title='info' alt='info'><i class='mdi-action-info-outline'></i></td>
																	<td class='timestamp'>21:04:37</td>
																	<td class='step-details'>Borrower Registration has started</td>
																</tr>
																<tr>
																	<td class='status info' title='info' alt='info'><i class='mdi-action-info-outline'></i></td>
																	<td class='timestamp'>21:04:58</td>
																	<td class='step-details'>Exception occured org.openqa.selenium.NoSuchElementException: Unable to find element with xpath == /html/body/blink/table/tbody/tr/td[4] (WARNING: The server did not provide any stacktrace information)
Command duration or timeout: 0 milliseconds
For documentation on t</td>
																</tr>
																<tr>
																	<td class='status info' title='info' alt='info'><i class='mdi-action-info-outline'></i></td>
																	<td class='timestamp'>21:04:58</td>
																	<td class='step-details'><a href='C:\Copy of QC_Batch1\QC_Batch\QC_LOC/ExecutionReports/QCStore/LOC/FailedTestsScreenshots/ACHDeposit_EODs_Return_ReDeposit_Return2019.07.25.09.04.58.png' data-featherlight='image'><img class='report-img' src='file:///C:\Copy of QC_Batch1\QC_Batch\QC_LOC/ExecutionReports/QCStore/LOC/FailedTestsScreenshots/ACHDeposit_EODs_Return_ReDeposit_Return2019.07.25.09.04.58.png' /></a></td>
																</tr>
																<tr>
																	<td class='status info' title='info' alt='info'><i class='mdi-action-info-outline'></i></td>
																	<td class='timestamp'>21:04:58</td>
																	<td class='step-details'>Borrower Registration process is initiated again due to Application sync issue</td>
																</tr>
																<tr>
																	<td class='status info' title='info' alt='info'><i class='mdi-action-info-outline'></i></td>
																	<td class='timestamp'>21:04:58</td>
																	<td class='step-details'>Borrower Registration has started</td>
																</tr>
																<tr>
																	<td class='status info' title='info' alt='info'><i class='mdi-action-info-outline'></i></td>
																	<td class='timestamp'>21:05:18</td>
																	<td class='step-details'>Exception occured org.openqa.selenium.NoSuchElementException: Unable to find element with xpath == /html/body/blink/table/tbody/tr/td[4] (WARNING: The server did not provide any stacktrace information)
Command duration or timeout: 0 milliseconds
For documentation on t</td>
																</tr>
																<tr>
																	<td class='status info' title='info' alt='info'><i class='mdi-action-info-outline'></i></td>
																	<td class='timestamp'>21:05:19</td>
																	<td class='step-details'><a href='C:\Copy of QC_Batch1\QC_Batch\QC_LOC/ExecutionReports/QCStore/LOC/FailedTestsScreenshots/ACHDeposit_EODs_Return_ReDeposit_Return2019.07.25.09.05.18.png' data-featherlight='image'><img class='report-img' src='file:///C:\Copy of QC_Batch1\QC_Batch\QC_LOC/ExecutionReports/QCStore/LOC/FailedTestsScreenshots/ACHDeposit_EODs_Return_ReDeposit_Return2019.07.25.09.05.18.png' /></a></td>
																</tr>
																<tr>
																	<td class='status info' title='info' alt='info'><i class='mdi-action-info-outline'></i></td>
																	<td class='timestamp'>21:05:19</td>
																	<td class='step-details'>Borrower Registration process is initiated again due to Application sync issue</td>
																</tr>
																<tr>
																	<td class='status fail' title='fail' alt='fail'><i class='mdi-navigation-cancel'></i></td>
																	<td class='timestamp'>21:05:19</td>
																	<td class='step-details'>Borrower Registration is failed</td>
																</tr>
																<tr>
																	<td class='status fail' title='fail' alt='fail'><i class='mdi-navigation-cancel'></i></td>
																	<td class='timestamp'>21:05:19</td>
																	<td class='step-details'>Test Case Failed is LOC_PayOff_Return_Txn</td>
																</tr>
																<tr>
																	<td class='status fail' title='fail' alt='fail'><i class='mdi-navigation-cancel'></i></td>
																	<td class='timestamp'>21:05:19</td>
																	<td class='step-details'><a href='C:\Copy of QC_Batch1\QC_Batch\QC_LOC/ExecutionReports/QCStore/LOC/FailedTestsScreenshots/LOC_PayOff_Return_Txn2019.07.25.09.05.19.png' data-featherlight='image'><img class='report-img' src='file:///C:\Copy of QC_Batch1\QC_Batch\QC_LOC/ExecutionReports/QCStore/LOC/FailedTestsScreenshots/LOC_PayOff_Return_Txn2019.07.25.09.05.19.png' /></a></td>
																</tr>
														</tbody>
													</table>
													<ul class='collapsible node-list' data-collapsible='accordion'>
													</ul>
												</div>
											</div>
										</li>
										<li class='collection-item test displayed active fail ' extentid='c99df0dd-b837-40f3-95f2-8297b839c429'>
											<div class='test-head'>
												<span class='test-name'>Payment_PayOff_Return </span>
												<span class='test-status label right outline capitalize fail'>fail</span>
												<span class='category-assigned hide '></span>
											</div>
											<div class='test-body'>
												<div class='test-info'>
													<span title='Test started time' alt='Test started time' class='test-started-time label green lighten-1 text-white'>2019-07-25 21:05:25</span>
													<span title='Test ended time' alt='Test ended time' class='test-ended-time label red lighten-1 text-white'></span>
													<span title='Time taken to finish' alt='Time taken to finish' class='test-time-taken label blue-grey lighten-3 text-white'></span>
												</div>
												<div class='test-desc'>Login->Borrower Registratino->New LOC Grace days->Payment check->->Payoff->Check Deposit->Internal transfer->Cash Managemnet->Return</div>
												<div class='test-attributes'>
												</div>
												<div class='test-steps'>
													<table class='bordered table-results'>
														<thead>
															<tr>
																<th>Status</th>
																<th>Timestamp</th>
																<th>Details</th>
															</tr>
														</thead>
														<tbody>
																<tr>
																	<td class='status info' title='info' alt='info'><i class='mdi-action-info-outline'></i></td>
																	<td class='timestamp'>21:05:29</td>
																	<td class='step-details'><FONT color=green style=Calibri > Opened the CSR URL https://qclocalreg/cc/demoIndex.do</td>
																</tr>
																<tr>
																	<td class='status info' title='info' alt='info'><i class='mdi-action-info-outline'></i></td>
																	<td class='timestamp'>21:05:29</td>
																	<td class='step-details'>CSR Application is launched</td>
																</tr>
																<tr>
																	<td class='status fail' title='fail' alt='fail'><i class='mdi-navigation-cancel'></i></td>
																	<td class='timestamp'>21:05:51</td>
																	<td class='step-details'>CSR login is failed</td>
																</tr>
																<tr>
																	<td class='status info' title='info' alt='info'><i class='mdi-action-info-outline'></i></td>
																	<td class='timestamp'>21:05:51</td>
																	<td class='step-details'>Borrower Registration has started</td>
																</tr>
																<tr>
																	<td class='status info' title='info' alt='info'><i class='mdi-action-info-outline'></i></td>
																	<td class='timestamp'>21:06:32</td>
																	<td class='step-details'>Exception occured org.openqa.selenium.NoSuchFrameException: No frame element found by name or id bottom
Build info: version: '3.14.0', revision: 'aacccce0', time: '2018-08-02T20:19:58.91Z'
System info: host: 'QTLSYS2-72PC', ip: '192.168.2.72', os.name: 'Windows 7', os</td>
																</tr>
																<tr>
																	<td class='status info' title='info' alt='info'><i class='mdi-action-info-outline'></i></td>
																	<td class='timestamp'>21:06:32</td>
																	<td class='step-details'><a href='C:\Copy of QC_Batch1\QC_Batch\QC_LOC/ExecutionReports/QCStore/LOC/FailedTestsScreenshots/ACHDeposit_EODs_Return_ReDeposit_Return2019.07.25.09.06.32.png' data-featherlight='image'><img class='report-img' src='file:///C:\Copy of QC_Batch1\QC_Batch\QC_LOC/ExecutionReports/QCStore/LOC/FailedTestsScreenshots/ACHDeposit_EODs_Return_ReDeposit_Return2019.07.25.09.06.32.png' /></a></td>
																</tr>
																<tr>
																	<td class='status info' title='info' alt='info'><i class='mdi-action-info-outline'></i></td>
																	<td class='timestamp'>21:06:32</td>
																	<td class='step-details'>Borrower Registration process is initiated again due to Application sync issue</td>
																</tr>
																<tr>
																	<td class='status info' title='info' alt='info'><i class='mdi-action-info-outline'></i></td>
																	<td class='timestamp'>21:06:34</td>
																	<td class='step-details'>Borrower Registration has started</td>
																</tr>
																<tr>
																	<td class='status info' title='info' alt='info'><i class='mdi-action-info-outline'></i></td>
																	<td class='timestamp'>21:06:54</td>
																	<td class='step-details'>Exception occured org.openqa.selenium.NoSuchElementException: Unable to find element with xpath == /html/body/blink/table/tbody/tr/td[4] (WARNING: The server did not provide any stacktrace information)
Command duration or timeout: 0 milliseconds
For documentation on t</td>
																</tr>
																<tr>
																	<td class='status info' title='info' alt='info'><i class='mdi-action-info-outline'></i></td>
																	<td class='timestamp'>21:06:54</td>
																	<td class='step-details'><a href='C:\Copy of QC_Batch1\QC_Batch\QC_LOC/ExecutionReports/QCStore/LOC/FailedTestsScreenshots/ACHDeposit_EODs_Return_ReDeposit_Return2019.07.25.09.06.54.png' data-featherlight='image'><img class='report-img' src='file:///C:\Copy of QC_Batch1\QC_Batch\QC_LOC/ExecutionReports/QCStore/LOC/FailedTestsScreenshots/ACHDeposit_EODs_Return_ReDeposit_Return2019.07.25.09.06.54.png' /></a></td>
																</tr>
																<tr>
																	<td class='status info' title='info' alt='info'><i class='mdi-action-info-outline'></i></td>
																	<td class='timestamp'>21:06:54</td>
																	<td class='step-details'>Borrower Registration process is initiated again due to Application sync issue</td>
																</tr>
																<tr>
																	<td class='status info' title='info' alt='info'><i class='mdi-action-info-outline'></i></td>
																	<td class='timestamp'>21:06:55</td>
																	<td class='step-details'>Borrower Registration has started</td>
																</tr>
																<tr>
																	<td class='status info' title='info' alt='info'><i class='mdi-action-info-outline'></i></td>
																	<td class='timestamp'>21:07:15</td>
																	<td class='step-details'>Exception occured org.openqa.selenium.NoSuchElementException: Unable to find element with xpath == /html/body/blink/table/tbody/tr/td[4] (WARNING: The server did not provide any stacktrace information)
Command duration or timeout: 0 milliseconds
For documentation on t</td>
																</tr>
																<tr>
																	<td class='status info' title='info' alt='info'><i class='mdi-action-info-outline'></i></td>
																	<td class='timestamp'>21:07:15</td>
																	<td class='step-details'><a href='C:\Copy of QC_Batch1\QC_Batch\QC_LOC/ExecutionReports/QCStore/LOC/FailedTestsScreenshots/ACHDeposit_EODs_Return_ReDeposit_Return2019.07.25.09.07.15.png' data-featherlight='image'><img class='report-img' src='file:///C:\Copy of QC_Batch1\QC_Batch\QC_LOC/ExecutionReports/QCStore/LOC/FailedTestsScreenshots/ACHDeposit_EODs_Return_ReDeposit_Return2019.07.25.09.07.15.png' /></a></td>
																</tr>
																<tr>
																	<td class='status info' title='info' alt='info'><i class='mdi-action-info-outline'></i></td>
																	<td class='timestamp'>21:07:15</td>
																	<td class='step-details'>Borrower Registration process is initiated again due to Application sync issue</td>
																</tr>
																<tr>
																	<td class='status fail' title='fail' alt='fail'><i class='mdi-navigation-cancel'></i></td>
																	<td class='timestamp'>21:07:16</td>
																	<td class='step-details'>Borrower Registration is failed</td>
																</tr>
																<tr>
																	<td class='status fail' title='fail' alt='fail'><i class='mdi-navigation-cancel'></i></td>
																	<td class='timestamp'>21:07:16</td>
																	<td class='step-details'>Test Case Failed is LOC_Payment_PayOff_Return_Txn</td>
																</tr>
																<tr>
																	<td class='status fail' title='fail' alt='fail'><i class='mdi-navigation-cancel'></i></td>
																	<td class='timestamp'>21:07:16</td>
																	<td class='step-details'><a href='C:\Copy of QC_Batch1\QC_Batch\QC_LOC/ExecutionReports/QCStore/LOC/FailedTestsScreenshots/LOC_Payment_PayOff_Return_Txn2019.07.25.09.07.16.png' data-featherlight='image'><img class='report-img' src='file:///C:\Copy of QC_Batch1\QC_Batch\QC_LOC/ExecutionReports/QCStore/LOC/FailedTestsScreenshots/LOC_Payment_PayOff_Return_Txn2019.07.25.09.07.16.png' /></a></td>
																</tr>
														</tbody>
													</table>
													<ul class='collapsible node-list' data-collapsible='accordion'>
													</ul>
												</div>
											</div>
										</li>
										<li class='collection-item test displayed active fail ' extentid='becdb7e5-2deb-4ac7-8274-b313b191a42f'>
											<div class='test-head'>
												<span class='test-name'>Draw </span>
												<span class='test-status label right outline capitalize fail'>fail</span>
												<span class='category-assigned hide '></span>
											</div>
											<div class='test-body'>
												<div class='test-info'>
													<span title='Test started time' alt='Test started time' class='test-started-time label green lighten-1 text-white'>2019-07-25 21:07:21</span>
													<span title='Test ended time' alt='Test ended time' class='test-ended-time label red lighten-1 text-white'></span>
													<span title='Time taken to finish' alt='Time taken to finish' class='test-time-taken label blue-grey lighten-3 text-white'></span>
												</div>
												<div class='test-desc'>Login->Borrower Registratino->New LOC >Draw</div>
												<div class='test-attributes'>
												</div>
												<div class='test-steps'>
													<table class='bordered table-results'>
														<thead>
															<tr>
																<th>Status</th>
																<th>Timestamp</th>
																<th>Details</th>
															</tr>
														</thead>
														<tbody>
																<tr>
																	<td class='status info' title='info' alt='info'><i class='mdi-action-info-outline'></i></td>
																	<td class='timestamp'>21:07:25</td>
																	<td class='step-details'><FONT color=green style=Calibri > Opened the CSR URL https://qclocalreg/cc/demoIndex.do</td>
																</tr>
																<tr>
																	<td class='status info' title='info' alt='info'><i class='mdi-action-info-outline'></i></td>
																	<td class='timestamp'>21:07:25</td>
																	<td class='step-details'>CSR Application is launched</td>
																</tr>
																<tr>
																	<td class='status fail' title='fail' alt='fail'><i class='mdi-navigation-cancel'></i></td>
																	<td class='timestamp'>21:07:48</td>
																	<td class='step-details'>CSR login is failed</td>
																</tr>
																<tr>
																	<td class='status info' title='info' alt='info'><i class='mdi-action-info-outline'></i></td>
																	<td class='timestamp'>21:07:48</td>
																	<td class='step-details'>Borrower Registration has started</td>
																</tr>
																<tr>
																	<td class='status info' title='info' alt='info'><i class='mdi-action-info-outline'></i></td>
																	<td class='timestamp'>21:08:28</td>
																	<td class='step-details'>Exception occured org.openqa.selenium.NoSuchFrameException: No frame element found by name or id bottom
Build info: version: '3.14.0', revision: 'aacccce0', time: '2018-08-02T20:19:58.91Z'
System info: host: 'QTLSYS2-72PC', ip: '192.168.2.72', os.name: 'Windows 7', os</td>
																</tr>
																<tr>
																	<td class='status info' title='info' alt='info'><i class='mdi-action-info-outline'></i></td>
																	<td class='timestamp'>21:08:29</td>
																	<td class='step-details'><a href='C:\Copy of QC_Batch1\QC_Batch\QC_LOC/ExecutionReports/QCStore/LOC/FailedTestsScreenshots/ACHDeposit_EODs_Return_ReDeposit_Return2019.07.25.09.08.28.png' data-featherlight='image'><img class='report-img' src='file:///C:\Copy of QC_Batch1\QC_Batch\QC_LOC/ExecutionReports/QCStore/LOC/FailedTestsScreenshots/ACHDeposit_EODs_Return_ReDeposit_Return2019.07.25.09.08.28.png' /></a></td>
																</tr>
																<tr>
																	<td class='status info' title='info' alt='info'><i class='mdi-action-info-outline'></i></td>
																	<td class='timestamp'>21:08:29</td>
																	<td class='step-details'>Borrower Registration process is initiated again due to Application sync issue</td>
																</tr>
																<tr>
																	<td class='status info' title='info' alt='info'><i class='mdi-action-info-outline'></i></td>
																	<td class='timestamp'>21:08:30</td>
																	<td class='step-details'>Borrower Registration has started</td>
																</tr>
																<tr>
																	<td class='status info' title='info' alt='info'><i class='mdi-action-info-outline'></i></td>
																	<td class='timestamp'>21:08:51</td>
																	<td class='step-details'>Exception occured org.openqa.selenium.NoSuchElementException: Unable to find element with xpath == /html/body/blink/table/tbody/tr/td[4] (WARNING: The server did not provide any stacktrace information)
Command duration or timeout: 0 milliseconds
For documentation on t</td>
																</tr>
																<tr>
																	<td class='status info' title='info' alt='info'><i class='mdi-action-info-outline'></i></td>
																	<td class='timestamp'>21:08:51</td>
																	<td class='step-details'><a href='C:\Copy of QC_Batch1\QC_Batch\QC_LOC/ExecutionReports/QCStore/LOC/FailedTestsScreenshots/ACHDeposit_EODs_Return_ReDeposit_Return2019.07.25.09.08.51.png' data-featherlight='image'><img class='report-img' src='file:///C:\Copy of QC_Batch1\QC_Batch\QC_LOC/ExecutionReports/QCStore/LOC/FailedTestsScreenshots/ACHDeposit_EODs_Return_ReDeposit_Return2019.07.25.09.08.51.png' /></a></td>
																</tr>
																<tr>
																	<td class='status info' title='info' alt='info'><i class='mdi-action-info-outline'></i></td>
																	<td class='timestamp'>21:08:51</td>
																	<td class='step-details'>Borrower Registration process is initiated again due to Application sync issue</td>
																</tr>
																<tr>
																	<td class='status info' title='info' alt='info'><i class='mdi-action-info-outline'></i></td>
																	<td class='timestamp'>21:08:52</td>
																	<td class='step-details'>Borrower Registration has started</td>
																</tr>
																<tr>
																	<td class='status info' title='info' alt='info'><i class='mdi-action-info-outline'></i></td>
																	<td class='timestamp'>21:09:12</td>
																	<td class='step-details'>Exception occured org.openqa.selenium.NoSuchElementException: Unable to find element with xpath == /html/body/blink/table/tbody/tr/td[4] (WARNING: The server did not provide any stacktrace information)
Command duration or timeout: 0 milliseconds
For documentation on t</td>
																</tr>
																<tr>
																	<td class='status info' title='info' alt='info'><i class='mdi-action-info-outline'></i></td>
																	<td class='timestamp'>21:09:12</td>
																	<td class='step-details'><a href='C:\Copy of QC_Batch1\QC_Batch\QC_LOC/ExecutionReports/QCStore/LOC/FailedTestsScreenshots/ACHDeposit_EODs_Return_ReDeposit_Return2019.07.25.09.09.12.png' data-featherlight='image'><img class='report-img' src='file:///C:\Copy of QC_Batch1\QC_Batch\QC_LOC/ExecutionReports/QCStore/LOC/FailedTestsScreenshots/ACHDeposit_EODs_Return_ReDeposit_Return2019.07.25.09.09.12.png' /></a></td>
																</tr>
																<tr>
																	<td class='status info' title='info' alt='info'><i class='mdi-action-info-outline'></i></td>
																	<td class='timestamp'>21:09:12</td>
																	<td class='step-details'>Borrower Registration process is initiated again due to Application sync issue</td>
																</tr>
																<tr>
																	<td class='status fail' title='fail' alt='fail'><i class='mdi-navigation-cancel'></i></td>
																	<td class='timestamp'>21:09:12</td>
																	<td class='step-details'>Borrower Registration is failed</td>
																</tr>
																<tr>
																	<td class='status fail' title='fail' alt='fail'><i class='mdi-navigation-cancel'></i></td>
																	<td class='timestamp'>21:09:12</td>
																	<td class='step-details'>Test Case Failed is LOC_Draw_Txn</td>
																</tr>
																<tr>
																	<td class='status fail' title='fail' alt='fail'><i class='mdi-navigation-cancel'></i></td>
																	<td class='timestamp'>21:09:13</td>
																	<td class='step-details'><a href='C:\Copy of QC_Batch1\QC_Batch\QC_LOC/ExecutionReports/QCStore/LOC/FailedTestsScreenshots/LOC_Draw_Txn2019.07.25.09.09.12.png' data-featherlight='image'><img class='report-img' src='file:///C:\Copy of QC_Batch1\QC_Batch\QC_LOC/ExecutionReports/QCStore/LOC/FailedTestsScreenshots/LOC_Draw_Txn2019.07.25.09.09.12.png' /></a></td>
																</tr>
														</tbody>
													</table>
													<ul class='collapsible node-list' data-collapsible='accordion'>
													</ul>
												</div>
											</div>
										</li>
										<li class='collection-item test displayed active fail ' extentid='55bcf12a-60b1-41a8-9e7a-f4e87b70ee0f'>
											<div class='test-head'>
												<span class='test-name'>Payment_Draw </span>
												<span class='test-status label right outline capitalize fail'>fail</span>
												<span class='category-assigned hide '></span>
											</div>
											<div class='test-body'>
												<div class='test-info'>
													<span title='Test started time' alt='Test started time' class='test-started-time label green lighten-1 text-white'>2019-07-25 21:09:18</span>
													<span title='Test ended time' alt='Test ended time' class='test-ended-time label red lighten-1 text-white'></span>
													<span title='Time taken to finish' alt='Time taken to finish' class='test-time-taken label blue-grey lighten-3 text-white'></span>
												</div>
												<div class='test-desc'>Login->Borrower Registratino->New LOC >Payment->Draw</div>
												<div class='test-attributes'>
												</div>
												<div class='test-steps'>
													<table class='bordered table-results'>
														<thead>
															<tr>
																<th>Status</th>
																<th>Timestamp</th>
																<th>Details</th>
															</tr>
														</thead>
														<tbody>
																<tr>
																	<td class='status info' title='info' alt='info'><i class='mdi-action-info-outline'></i></td>
																	<td class='timestamp'>21:09:22</td>
																	<td class='step-details'><FONT color=green style=Calibri > Opened the CSR URL https://qclocalreg/cc/demoIndex.do</td>
																</tr>
																<tr>
																	<td class='status info' title='info' alt='info'><i class='mdi-action-info-outline'></i></td>
																	<td class='timestamp'>21:09:22</td>
																	<td class='step-details'>CSR Application is launched</td>
																</tr>
																<tr>
																	<td class='status fail' title='fail' alt='fail'><i class='mdi-navigation-cancel'></i></td>
																	<td class='timestamp'>21:09:45</td>
																	<td class='step-details'>CSR login is failed</td>
																</tr>
																<tr>
																	<td class='status info' title='info' alt='info'><i class='mdi-action-info-outline'></i></td>
																	<td class='timestamp'>21:09:45</td>
																	<td class='step-details'>Borrower Registration has started</td>
																</tr>
																<tr>
																	<td class='status info' title='info' alt='info'><i class='mdi-action-info-outline'></i></td>
																	<td class='timestamp'>21:10:25</td>
																	<td class='step-details'>Exception occured org.openqa.selenium.NoSuchFrameException: No frame element found by name or id bottom
Build info: version: '3.14.0', revision: 'aacccce0', time: '2018-08-02T20:19:58.91Z'
System info: host: 'QTLSYS2-72PC', ip: '192.168.2.72', os.name: 'Windows 7', os</td>
																</tr>
																<tr>
																	<td class='status info' title='info' alt='info'><i class='mdi-action-info-outline'></i></td>
																	<td class='timestamp'>21:10:25</td>
																	<td class='step-details'><a href='C:\Copy of QC_Batch1\QC_Batch\QC_LOC/ExecutionReports/QCStore/LOC/FailedTestsScreenshots/ACHDeposit_EODs_Return_ReDeposit_Return2019.07.25.09.10.25.png' data-featherlight='image'><img class='report-img' src='file:///C:\Copy of QC_Batch1\QC_Batch\QC_LOC/ExecutionReports/QCStore/LOC/FailedTestsScreenshots/ACHDeposit_EODs_Return_ReDeposit_Return2019.07.25.09.10.25.png' /></a></td>
																</tr>
																<tr>
																	<td class='status info' title='info' alt='info'><i class='mdi-action-info-outline'></i></td>
																	<td class='timestamp'>21:10:25</td>
																	<td class='step-details'>Borrower Registration process is initiated again due to Application sync issue</td>
																</tr>
																<tr>
																	<td class='status info' title='info' alt='info'><i class='mdi-action-info-outline'></i></td>
																	<td class='timestamp'>21:10:27</td>
																	<td class='step-details'>Borrower Registration has started</td>
																</tr>
																<tr>
																	<td class='status info' title='info' alt='info'><i class='mdi-action-info-outline'></i></td>
																	<td class='timestamp'>21:10:48</td>
																	<td class='step-details'>Exception occured org.openqa.selenium.NoSuchElementException: Unable to find element with xpath == /html/body/blink/table/tbody/tr/td[4] (WARNING: The server did not provide any stacktrace information)
Command duration or timeout: 0 milliseconds
For documentation on t</td>
																</tr>
																<tr>
																	<td class='status info' title='info' alt='info'><i class='mdi-action-info-outline'></i></td>
																	<td class='timestamp'>21:10:48</td>
																	<td class='step-details'><a href='C:\Copy of QC_Batch1\QC_Batch\QC_LOC/ExecutionReports/QCStore/LOC/FailedTestsScreenshots/ACHDeposit_EODs_Return_ReDeposit_Return2019.07.25.09.10.48.png' data-featherlight='image'><img class='report-img' src='file:///C:\Copy of QC_Batch1\QC_Batch\QC_LOC/ExecutionReports/QCStore/LOC/FailedTestsScreenshots/ACHDeposit_EODs_Return_ReDeposit_Return2019.07.25.09.10.48.png' /></a></td>
																</tr>
																<tr>
																	<td class='status info' title='info' alt='info'><i class='mdi-action-info-outline'></i></td>
																	<td class='timestamp'>21:10:48</td>
																	<td class='step-details'>Borrower Registration process is initiated again due to Application sync issue</td>
																</tr>
																<tr>
																	<td class='status info' title='info' alt='info'><i class='mdi-action-info-outline'></i></td>
																	<td class='timestamp'>21:10:48</td>
																	<td class='step-details'>Borrower Registration has started</td>
																</tr>
																<tr>
																	<td class='status info' title='info' alt='info'><i class='mdi-action-info-outline'></i></td>
																	<td class='timestamp'>21:11:09</td>
																	<td class='step-details'>Exception occured org.openqa.selenium.NoSuchElementException: Unable to find element with xpath == /html/body/blink/table/tbody/tr/td[4] (WARNING: The server did not provide any stacktrace information)
Command duration or timeout: 0 milliseconds
For documentation on t</td>
																</tr>
																<tr>
																	<td class='status info' title='info' alt='info'><i class='mdi-action-info-outline'></i></td>
																	<td class='timestamp'>21:11:09</td>
																	<td class='step-details'><a href='C:\Copy of QC_Batch1\QC_Batch\QC_LOC/ExecutionReports/QCStore/LOC/FailedTestsScreenshots/ACHDeposit_EODs_Return_ReDeposit_Return2019.07.25.09.11.09.png' data-featherlight='image'><img class='report-img' src='file:///C:\Copy of QC_Batch1\QC_Batch\QC_LOC/ExecutionReports/QCStore/LOC/FailedTestsScreenshots/ACHDeposit_EODs_Return_ReDeposit_Return2019.07.25.09.11.09.png' /></a></td>
																</tr>
																<tr>
																	<td class='status info' title='info' alt='info'><i class='mdi-action-info-outline'></i></td>
																	<td class='timestamp'>21:11:09</td>
																	<td class='step-details'>Borrower Registration process is initiated again due to Application sync issue</td>
																</tr>
																<tr>
																	<td class='status fail' title='fail' alt='fail'><i class='mdi-navigation-cancel'></i></td>
																	<td class='timestamp'>21:11:09</td>
																	<td class='step-details'>Borrower Registration is failed</td>
																</tr>
																<tr>
																	<td class='status fail' title='fail' alt='fail'><i class='mdi-navigation-cancel'></i></td>
																	<td class='timestamp'>21:11:09</td>
																	<td class='step-details'>Test Case Failed is LOC_Payment_Draw_Txn</td>
																</tr>
																<tr>
																	<td class='status fail' title='fail' alt='fail'><i class='mdi-navigation-cancel'></i></td>
																	<td class='timestamp'>21:11:10</td>
																	<td class='step-details'><a href='C:\Copy of QC_Batch1\QC_Batch\QC_LOC/ExecutionReports/QCStore/LOC/FailedTestsScreenshots/LOC_Payment_Draw_Txn2019.07.25.09.11.09.png' data-featherlight='image'><img class='report-img' src='file:///C:\Copy of QC_Batch1\QC_Batch\QC_LOC/ExecutionReports/QCStore/LOC/FailedTestsScreenshots/LOC_Payment_Draw_Txn2019.07.25.09.11.09.png' /></a></td>
																</tr>
														</tbody>
													</table>
													<ul class='collapsible node-list' data-collapsible='accordion'>
													</ul>
												</div>
											</div>
										</li>
										<li class='collection-item test displayed active fail ' extentid='71a9895e-1648-44f6-b8c6-e6e9ebf82221'>
											<div class='test-head'>
												<span class='test-name'>PayOff_Draw </span>
												<span class='test-status label right outline capitalize fail'>fail</span>
												<span class='category-assigned hide '></span>
											</div>
											<div class='test-body'>
												<div class='test-info'>
													<span title='Test started time' alt='Test started time' class='test-started-time label green lighten-1 text-white'>2019-07-25 21:11:15</span>
													<span title='Test ended time' alt='Test ended time' class='test-ended-time label red lighten-1 text-white'></span>
													<span title='Time taken to finish' alt='Time taken to finish' class='test-time-taken label blue-grey lighten-3 text-white'></span>
												</div>
												<div class='test-desc'>Login->Borrower Registratino->New LOC >PayOff->Draw</div>
												<div class='test-attributes'>
												</div>
												<div class='test-steps'>
													<table class='bordered table-results'>
														<thead>
															<tr>
																<th>Status</th>
																<th>Timestamp</th>
																<th>Details</th>
															</tr>
														</thead>
														<tbody>
																<tr>
																	<td class='status info' title='info' alt='info'><i class='mdi-action-info-outline'></i></td>
																	<td class='timestamp'>21:11:19</td>
																	<td class='step-details'><FONT color=green style=Calibri > Opened the CSR URL https://qclocalreg/cc/demoIndex.do</td>
																</tr>
																<tr>
																	<td class='status info' title='info' alt='info'><i class='mdi-action-info-outline'></i></td>
																	<td class='timestamp'>21:11:19</td>
																	<td class='step-details'>CSR Application is launched</td>
																</tr>
																<tr>
																	<td class='status fail' title='fail' alt='fail'><i class='mdi-navigation-cancel'></i></td>
																	<td class='timestamp'>21:11:42</td>
																	<td class='step-details'>CSR login is failed</td>
																</tr>
																<tr>
																	<td class='status info' title='info' alt='info'><i class='mdi-action-info-outline'></i></td>
																	<td class='timestamp'>21:11:42</td>
																	<td class='step-details'>Borrower Registration has started</td>
																</tr>
																<tr>
																	<td class='status info' title='info' alt='info'><i class='mdi-action-info-outline'></i></td>
																	<td class='timestamp'>21:12:22</td>
																	<td class='step-details'>Exception occured org.openqa.selenium.NoSuchFrameException: No frame element found by name or id bottom
Build info: version: '3.14.0', revision: 'aacccce0', time: '2018-08-02T20:19:58.91Z'
System info: host: 'QTLSYS2-72PC', ip: '192.168.2.72', os.name: 'Windows 7', os</td>
																</tr>
																<tr>
																	<td class='status info' title='info' alt='info'><i class='mdi-action-info-outline'></i></td>
																	<td class='timestamp'>21:12:23</td>
																	<td class='step-details'><a href='C:\Copy of QC_Batch1\QC_Batch\QC_LOC/ExecutionReports/QCStore/LOC/FailedTestsScreenshots/ACHDeposit_EODs_Return_ReDeposit_Return2019.07.25.09.12.22.png' data-featherlight='image'><img class='report-img' src='file:///C:\Copy of QC_Batch1\QC_Batch\QC_LOC/ExecutionReports/QCStore/LOC/FailedTestsScreenshots/ACHDeposit_EODs_Return_ReDeposit_Return2019.07.25.09.12.22.png' /></a></td>
																</tr>
																<tr>
																	<td class='status info' title='info' alt='info'><i class='mdi-action-info-outline'></i></td>
																	<td class='timestamp'>21:12:23</td>
																	<td class='step-details'>Borrower Registration process is initiated again due to Application sync issue</td>
																</tr>
																<tr>
																	<td class='status info' title='info' alt='info'><i class='mdi-action-info-outline'></i></td>
																	<td class='timestamp'>21:12:25</td>
																	<td class='step-details'>Borrower Registration has started</td>
																</tr>
																<tr>
																	<td class='status info' title='info' alt='info'><i class='mdi-action-info-outline'></i></td>
																	<td class='timestamp'>21:12:45</td>
																	<td class='step-details'>Exception occured org.openqa.selenium.NoSuchElementException: Unable to find element with xpath == /html/body/blink/table/tbody/tr/td[4] (WARNING: The server did not provide any stacktrace information)
Command duration or timeout: 0 milliseconds
For documentation on t</td>
																</tr>
																<tr>
																	<td class='status info' title='info' alt='info'><i class='mdi-action-info-outline'></i></td>
																	<td class='timestamp'>21:12:45</td>
																	<td class='step-details'><a href='C:\Copy of QC_Batch1\QC_Batch\QC_LOC/ExecutionReports/QCStore/LOC/FailedTestsScreenshots/ACHDeposit_EODs_Return_ReDeposit_Return2019.07.25.09.12.45.png' data-featherlight='image'><img class='report-img' src='file:///C:\Copy of QC_Batch1\QC_Batch\QC_LOC/ExecutionReports/QCStore/LOC/FailedTestsScreenshots/ACHDeposit_EODs_Return_ReDeposit_Return2019.07.25.09.12.45.png' /></a></td>
																</tr>
																<tr>
																	<td class='status info' title='info' alt='info'><i class='mdi-action-info-outline'></i></td>
																	<td class='timestamp'>21:12:45</td>
																	<td class='step-details'>Borrower Registration process is initiated again due to Application sync issue</td>
																</tr>
																<tr>
																	<td class='status info' title='info' alt='info'><i class='mdi-action-info-outline'></i></td>
																	<td class='timestamp'>21:12:46</td>
																	<td class='step-details'>Borrower Registration has started</td>
																</tr>
																<tr>
																	<td class='status info' title='info' alt='info'><i class='mdi-action-info-outline'></i></td>
																	<td class='timestamp'>21:13:06</td>
																	<td class='step-details'>Exception occured org.openqa.selenium.NoSuchElementException: Unable to find element with xpath == /html/body/blink/table/tbody/tr/td[4] (WARNING: The server did not provide any stacktrace information)
Command duration or timeout: 0 milliseconds
For documentation on t</td>
																</tr>
																<tr>
																	<td class='status info' title='info' alt='info'><i class='mdi-action-info-outline'></i></td>
																	<td class='timestamp'>21:13:06</td>
																	<td class='step-details'><a href='C:\Copy of QC_Batch1\QC_Batch\QC_LOC/ExecutionReports/QCStore/LOC/FailedTestsScreenshots/ACHDeposit_EODs_Return_ReDeposit_Return2019.07.25.09.13.06.png' data-featherlight='image'><img class='report-img' src='file:///C:\Copy of QC_Batch1\QC_Batch\QC_LOC/ExecutionReports/QCStore/LOC/FailedTestsScreenshots/ACHDeposit_EODs_Return_ReDeposit_Return2019.07.25.09.13.06.png' /></a></td>
																</tr>
																<tr>
																	<td class='status info' title='info' alt='info'><i class='mdi-action-info-outline'></i></td>
																	<td class='timestamp'>21:13:06</td>
																	<td class='step-details'>Borrower Registration process is initiated again due to Application sync issue</td>
																</tr>
																<tr>
																	<td class='status fail' title='fail' alt='fail'><i class='mdi-navigation-cancel'></i></td>
																	<td class='timestamp'>21:13:07</td>
																	<td class='step-details'>Borrower Registration is failed</td>
																</tr>
																<tr>
																	<td class='status fail' title='fail' alt='fail'><i class='mdi-navigation-cancel'></i></td>
																	<td class='timestamp'>21:13:07</td>
																	<td class='step-details'>Test Case Failed is LOC_PayOff_Draw_Txn</td>
																</tr>
																<tr>
																	<td class='status fail' title='fail' alt='fail'><i class='mdi-navigation-cancel'></i></td>
																	<td class='timestamp'>21:13:07</td>
																	<td class='step-details'><a href='C:\Copy of QC_Batch1\QC_Batch\QC_LOC/ExecutionReports/QCStore/LOC/FailedTestsScreenshots/LOC_PayOff_Draw_Txn2019.07.25.09.13.07.png' data-featherlight='image'><img class='report-img' src='file:///C:\Copy of QC_Batch1\QC_Batch\QC_LOC/ExecutionReports/QCStore/LOC/FailedTestsScreenshots/LOC_PayOff_Draw_Txn2019.07.25.09.13.07.png' /></a></td>
																</tr>
														</tbody>
													</table>
													<ul class='collapsible node-list' data-collapsible='accordion'>
													</ul>
												</div>
											</div>
										</li>
										<li class='collection-item test displayed active fail ' extentid='f04e9565-1db0-40cb-a64c-5775488aa8c1'>
											<div class='test-head'>
												<span class='test-name'>Draw_Void </span>
												<span class='test-status label right outline capitalize fail'>fail</span>
												<span class='category-assigned hide '></span>
											</div>
											<div class='test-body'>
												<div class='test-info'>
													<span title='Test started time' alt='Test started time' class='test-started-time label green lighten-1 text-white'>2019-07-25 21:13:12</span>
													<span title='Test ended time' alt='Test ended time' class='test-ended-time label red lighten-1 text-white'></span>
													<span title='Time taken to finish' alt='Time taken to finish' class='test-time-taken label blue-grey lighten-3 text-white'></span>
												</div>
												<div class='test-desc'>Login->Borrower Registratino->New LOC >Draw ->Void</div>
												<div class='test-attributes'>
												</div>
												<div class='test-steps'>
													<table class='bordered table-results'>
														<thead>
															<tr>
																<th>Status</th>
																<th>Timestamp</th>
																<th>Details</th>
															</tr>
														</thead>
														<tbody>
																<tr>
																	<td class='status info' title='info' alt='info'><i class='mdi-action-info-outline'></i></td>
																	<td class='timestamp'>21:13:16</td>
																	<td class='step-details'><FONT color=green style=Calibri > Opened the CSR URL https://qclocalreg/cc/demoIndex.do</td>
																</tr>
																<tr>
																	<td class='status info' title='info' alt='info'><i class='mdi-action-info-outline'></i></td>
																	<td class='timestamp'>21:13:16</td>
																	<td class='step-details'>CSR Application is launched</td>
																</tr>
																<tr>
																	<td class='status fail' title='fail' alt='fail'><i class='mdi-navigation-cancel'></i></td>
																	<td class='timestamp'>21:13:39</td>
																	<td class='step-details'>CSR login is failed</td>
																</tr>
																<tr>
																	<td class='status info' title='info' alt='info'><i class='mdi-action-info-outline'></i></td>
																	<td class='timestamp'>21:13:39</td>
																	<td class='step-details'>Borrower Registration has started</td>
																</tr>
																<tr>
																	<td class='status info' title='info' alt='info'><i class='mdi-action-info-outline'></i></td>
																	<td class='timestamp'>21:14:19</td>
																	<td class='step-details'>Exception occured org.openqa.selenium.NoSuchFrameException: No frame element found by name or id bottom
Build info: version: '3.14.0', revision: 'aacccce0', time: '2018-08-02T20:19:58.91Z'
System info: host: 'QTLSYS2-72PC', ip: '192.168.2.72', os.name: 'Windows 7', os</td>
																</tr>
																<tr>
																	<td class='status info' title='info' alt='info'><i class='mdi-action-info-outline'></i></td>
																	<td class='timestamp'>21:14:20</td>
																	<td class='step-details'><a href='C:\Copy of QC_Batch1\QC_Batch\QC_LOC/ExecutionReports/QCStore/LOC/FailedTestsScreenshots/ACHDeposit_EODs_Return_ReDeposit_Return2019.07.25.09.14.19.png' data-featherlight='image'><img class='report-img' src='file:///C:\Copy of QC_Batch1\QC_Batch\QC_LOC/ExecutionReports/QCStore/LOC/FailedTestsScreenshots/ACHDeposit_EODs_Return_ReDeposit_Return2019.07.25.09.14.19.png' /></a></td>
																</tr>
																<tr>
																	<td class='status info' title='info' alt='info'><i class='mdi-action-info-outline'></i></td>
																	<td class='timestamp'>21:14:20</td>
																	<td class='step-details'>Borrower Registration process is initiated again due to Application sync issue</td>
																</tr>
																<tr>
																	<td class='status info' title='info' alt='info'><i class='mdi-action-info-outline'></i></td>
																	<td class='timestamp'>21:14:23</td>
																	<td class='step-details'>Borrower Registration has started</td>
																</tr>
																<tr>
																	<td class='status info' title='info' alt='info'><i class='mdi-action-info-outline'></i></td>
																	<td class='timestamp'>21:14:43</td>
																	<td class='step-details'>Exception occured org.openqa.selenium.NoSuchElementException: Unable to find element with xpath == /html/body/blink/table/tbody/tr/td[4] (WARNING: The server did not provide any stacktrace information)
Command duration or timeout: 0 milliseconds
For documentation on t</td>
																</tr>
																<tr>
																	<td class='status info' title='info' alt='info'><i class='mdi-action-info-outline'></i></td>
																	<td class='timestamp'>21:14:43</td>
																	<td class='step-details'><a href='C:\Copy of QC_Batch1\QC_Batch\QC_LOC/ExecutionReports/QCStore/LOC/FailedTestsScreenshots/ACHDeposit_EODs_Return_ReDeposit_Return2019.07.25.09.14.43.png' data-featherlight='image'><img class='report-img' src='file:///C:\Copy of QC_Batch1\QC_Batch\QC_LOC/ExecutionReports/QCStore/LOC/FailedTestsScreenshots/ACHDeposit_EODs_Return_ReDeposit_Return2019.07.25.09.14.43.png' /></a></td>
																</tr>
																<tr>
																	<td class='status info' title='info' alt='info'><i class='mdi-action-info-outline'></i></td>
																	<td class='timestamp'>21:14:43</td>
																	<td class='step-details'>Borrower Registration process is initiated again due to Application sync issue</td>
																</tr>
																<tr>
																	<td class='status info' title='info' alt='info'><i class='mdi-action-info-outline'></i></td>
																	<td class='timestamp'>21:14:44</td>
																	<td class='step-details'>Borrower Registration has started</td>
																</tr>
																<tr>
																	<td class='status info' title='info' alt='info'><i class='mdi-action-info-outline'></i></td>
																	<td class='timestamp'>21:15:04</td>
																	<td class='step-details'>Exception occured org.openqa.selenium.NoSuchElementException: Unable to find element with xpath == /html/body/blink/table/tbody/tr/td[4] (WARNING: The server did not provide any stacktrace information)
Command duration or timeout: 0 milliseconds
For documentation on t</td>
																</tr>
																<tr>
																	<td class='status info' title='info' alt='info'><i class='mdi-action-info-outline'></i></td>
																	<td class='timestamp'>21:15:04</td>
																	<td class='step-details'><a href='C:\Copy of QC_Batch1\QC_Batch\QC_LOC/ExecutionReports/QCStore/LOC/FailedTestsScreenshots/ACHDeposit_EODs_Return_ReDeposit_Return2019.07.25.09.15.04.png' data-featherlight='image'><img class='report-img' src='file:///C:\Copy of QC_Batch1\QC_Batch\QC_LOC/ExecutionReports/QCStore/LOC/FailedTestsScreenshots/ACHDeposit_EODs_Return_ReDeposit_Return2019.07.25.09.15.04.png' /></a></td>
																</tr>
																<tr>
																	<td class='status info' title='info' alt='info'><i class='mdi-action-info-outline'></i></td>
																	<td class='timestamp'>21:15:04</td>
																	<td class='step-details'>Borrower Registration process is initiated again due to Application sync issue</td>
																</tr>
																<tr>
																	<td class='status fail' title='fail' alt='fail'><i class='mdi-navigation-cancel'></i></td>
																	<td class='timestamp'>21:15:05</td>
																	<td class='step-details'>Borrower Registration is failed</td>
																</tr>
																<tr>
																	<td class='status fail' title='fail' alt='fail'><i class='mdi-navigation-cancel'></i></td>
																	<td class='timestamp'>21:15:05</td>
																	<td class='step-details'>Test Case Failed is LOC_Draw_Void_Txn</td>
																</tr>
																<tr>
																	<td class='status fail' title='fail' alt='fail'><i class='mdi-navigation-cancel'></i></td>
																	<td class='timestamp'>21:15:05</td>
																	<td class='step-details'><a href='C:\Copy of QC_Batch1\QC_Batch\QC_LOC/ExecutionReports/QCStore/LOC/FailedTestsScreenshots/LOC_Draw_Void_Txn2019.07.25.09.15.05.png' data-featherlight='image'><img class='report-img' src='file:///C:\Copy of QC_Batch1\QC_Batch\QC_LOC/ExecutionReports/QCStore/LOC/FailedTestsScreenshots/LOC_Draw_Void_Txn2019.07.25.09.15.05.png' /></a></td>
																</tr>
														</tbody>
													</table>
													<ul class='collapsible node-list' data-collapsible='accordion'>
													</ul>
												</div>
											</div>
										</li>
										<li class='collection-item test displayed active fail ' extentid='56cf00f7-8792-4710-932f-dceef30fb966'>
											<div class='test-head'>
												<span class='test-name'>Payment_Draw_Void </span>
												<span class='test-status label right outline capitalize fail'>fail</span>
												<span class='category-assigned hide '></span>
											</div>
											<div class='test-body'>
												<div class='test-info'>
													<span title='Test started time' alt='Test started time' class='test-started-time label green lighten-1 text-white'>2019-07-25 21:15:10</span>
													<span title='Test ended time' alt='Test ended time' class='test-ended-time label red lighten-1 text-white'></span>
													<span title='Time taken to finish' alt='Time taken to finish' class='test-time-taken label blue-grey lighten-3 text-white'></span>
												</div>
												<div class='test-desc'>Login->Borrower Registratino->New LOC >Payment->Draw -Void</div>
												<div class='test-attributes'>
												</div>
												<div class='test-steps'>
													<table class='bordered table-results'>
														<thead>
															<tr>
																<th>Status</th>
																<th>Timestamp</th>
																<th>Details</th>
															</tr>
														</thead>
														<tbody>
																<tr>
																	<td class='status info' title='info' alt='info'><i class='mdi-action-info-outline'></i></td>
																	<td class='timestamp'>21:15:14</td>
																	<td class='step-details'><FONT color=green style=Calibri > Opened the CSR URL https://qclocalreg/cc/demoIndex.do</td>
																</tr>
																<tr>
																	<td class='status info' title='info' alt='info'><i class='mdi-action-info-outline'></i></td>
																	<td class='timestamp'>21:15:14</td>
																	<td class='step-details'>CSR Application is launched</td>
																</tr>
																<tr>
																	<td class='status fail' title='fail' alt='fail'><i class='mdi-navigation-cancel'></i></td>
																	<td class='timestamp'>21:15:37</td>
																	<td class='step-details'>CSR login is failed</td>
																</tr>
																<tr>
																	<td class='status info' title='info' alt='info'><i class='mdi-action-info-outline'></i></td>
																	<td class='timestamp'>21:15:37</td>
																	<td class='step-details'>Borrower Registration has started</td>
																</tr>
																<tr>
																	<td class='status info' title='info' alt='info'><i class='mdi-action-info-outline'></i></td>
																	<td class='timestamp'>21:16:17</td>
																	<td class='step-details'>Exception occured org.openqa.selenium.NoSuchFrameException: No frame element found by name or id bottom
Build info: version: '3.14.0', revision: 'aacccce0', time: '2018-08-02T20:19:58.91Z'
System info: host: 'QTLSYS2-72PC', ip: '192.168.2.72', os.name: 'Windows 7', os</td>
																</tr>
																<tr>
																	<td class='status info' title='info' alt='info'><i class='mdi-action-info-outline'></i></td>
																	<td class='timestamp'>21:16:18</td>
																	<td class='step-details'><a href='C:\Copy of QC_Batch1\QC_Batch\QC_LOC/ExecutionReports/QCStore/LOC/FailedTestsScreenshots/ACHDeposit_EODs_Return_ReDeposit_Return2019.07.25.09.16.17.png' data-featherlight='image'><img class='report-img' src='file:///C:\Copy of QC_Batch1\QC_Batch\QC_LOC/ExecutionReports/QCStore/LOC/FailedTestsScreenshots/ACHDeposit_EODs_Return_ReDeposit_Return2019.07.25.09.16.17.png' /></a></td>
																</tr>
																<tr>
																	<td class='status info' title='info' alt='info'><i class='mdi-action-info-outline'></i></td>
																	<td class='timestamp'>21:16:18</td>
																	<td class='step-details'>Borrower Registration process is initiated again due to Application sync issue</td>
																</tr>
																<tr>
																	<td class='status info' title='info' alt='info'><i class='mdi-action-info-outline'></i></td>
																	<td class='timestamp'>21:16:19</td>
																	<td class='step-details'>Borrower Registration has started</td>
																</tr>
																<tr>
																	<td class='status info' title='info' alt='info'><i class='mdi-action-info-outline'></i></td>
																	<td class='timestamp'>21:16:40</td>
																	<td class='step-details'>Exception occured org.openqa.selenium.NoSuchElementException: Unable to find element with xpath == /html/body/blink/table/tbody/tr/td[4] (WARNING: The server did not provide any stacktrace information)
Command duration or timeout: 0 milliseconds
For documentation on t</td>
																</tr>
																<tr>
																	<td class='status info' title='info' alt='info'><i class='mdi-action-info-outline'></i></td>
																	<td class='timestamp'>21:16:40</td>
																	<td class='step-details'><a href='C:\Copy of QC_Batch1\QC_Batch\QC_LOC/ExecutionReports/QCStore/LOC/FailedTestsScreenshots/ACHDeposit_EODs_Return_ReDeposit_Return2019.07.25.09.16.40.png' data-featherlight='image'><img class='report-img' src='file:///C:\Copy of QC_Batch1\QC_Batch\QC_LOC/ExecutionReports/QCStore/LOC/FailedTestsScreenshots/ACHDeposit_EODs_Return_ReDeposit_Return2019.07.25.09.16.40.png' /></a></td>
																</tr>
																<tr>
																	<td class='status info' title='info' alt='info'><i class='mdi-action-info-outline'></i></td>
																	<td class='timestamp'>21:16:40</td>
																	<td class='step-details'>Borrower Registration process is initiated again due to Application sync issue</td>
																</tr>
																<tr>
																	<td class='status info' title='info' alt='info'><i class='mdi-action-info-outline'></i></td>
																	<td class='timestamp'>21:16:40</td>
																	<td class='step-details'>Borrower Registration has started</td>
																</tr>
																<tr>
																	<td class='status info' title='info' alt='info'><i class='mdi-action-info-outline'></i></td>
																	<td class='timestamp'>21:17:01</td>
																	<td class='step-details'>Exception occured org.openqa.selenium.NoSuchElementException: Unable to find element with xpath == /html/body/blink/table/tbody/tr/td[4] (WARNING: The server did not provide any stacktrace information)
Command duration or timeout: 0 milliseconds
For documentation on t</td>
																</tr>
																<tr>
																	<td class='status info' title='info' alt='info'><i class='mdi-action-info-outline'></i></td>
																	<td class='timestamp'>21:17:01</td>
																	<td class='step-details'><a href='C:\Copy of QC_Batch1\QC_Batch\QC_LOC/ExecutionReports/QCStore/LOC/FailedTestsScreenshots/ACHDeposit_EODs_Return_ReDeposit_Return2019.07.25.09.17.01.png' data-featherlight='image'><img class='report-img' src='file:///C:\Copy of QC_Batch1\QC_Batch\QC_LOC/ExecutionReports/QCStore/LOC/FailedTestsScreenshots/ACHDeposit_EODs_Return_ReDeposit_Return2019.07.25.09.17.01.png' /></a></td>
																</tr>
																<tr>
																	<td class='status info' title='info' alt='info'><i class='mdi-action-info-outline'></i></td>
																	<td class='timestamp'>21:17:01</td>
																	<td class='step-details'>Borrower Registration process is initiated again due to Application sync issue</td>
																</tr>
																<tr>
																	<td class='status fail' title='fail' alt='fail'><i class='mdi-navigation-cancel'></i></td>
																	<td class='timestamp'>21:17:01</td>
																	<td class='step-details'>Borrower Registration is failed</td>
																</tr>
																<tr>
																	<td class='status fail' title='fail' alt='fail'><i class='mdi-navigation-cancel'></i></td>
																	<td class='timestamp'>21:17:01</td>
																	<td class='step-details'>Test Case Failed is LOC_Payment_Draw_Void_Txn</td>
																</tr>
																<tr>
																	<td class='status fail' title='fail' alt='fail'><i class='mdi-navigation-cancel'></i></td>
																	<td class='timestamp'>21:17:01</td>
																	<td class='step-details'><a href='C:\Copy of QC_Batch1\QC_Batch\QC_LOC/ExecutionReports/QCStore/LOC/FailedTestsScreenshots/LOC_Payment_Draw_Void_Txn2019.07.25.09.17.01.png' data-featherlight='image'><img class='report-img' src='file:///C:\Copy of QC_Batch1\QC_Batch\QC_LOC/ExecutionReports/QCStore/LOC/FailedTestsScreenshots/LOC_Payment_Draw_Void_Txn2019.07.25.09.17.01.png' /></a></td>
																</tr>
														</tbody>
													</table>
													<ul class='collapsible node-list' data-collapsible='accordion'>
													</ul>
												</div>
											</div>
										</li>
										<li class='collection-item test displayed active fail ' extentid='9fe680e5-96cd-426a-969c-7b3b545a9336'>
											<div class='test-head'>
												<span class='test-name'>PayOff_Draw_Void </span>
												<span class='test-status label right outline capitalize fail'>fail</span>
												<span class='category-assigned hide '></span>
											</div>
											<div class='test-body'>
												<div class='test-info'>
													<span title='Test started time' alt='Test started time' class='test-started-time label green lighten-1 text-white'>2019-07-25 21:17:07</span>
													<span title='Test ended time' alt='Test ended time' class='test-ended-time label red lighten-1 text-white'></span>
													<span title='Time taken to finish' alt='Time taken to finish' class='test-time-taken label blue-grey lighten-3 text-white'></span>
												</div>
												<div class='test-desc'>Login->Borrower Registratino->New LOC >PayOff->Draw->Void</div>
												<div class='test-attributes'>
												</div>
												<div class='test-steps'>
													<table class='bordered table-results'>
														<thead>
															<tr>
																<th>Status</th>
																<th>Timestamp</th>
																<th>Details</th>
															</tr>
														</thead>
														<tbody>
																<tr>
																	<td class='status info' title='info' alt='info'><i class='mdi-action-info-outline'></i></td>
																	<td class='timestamp'>21:17:11</td>
																	<td class='step-details'><FONT color=green style=Calibri > Opened the CSR URL https://qclocalreg/cc/demoIndex.do</td>
																</tr>
																<tr>
																	<td class='status info' title='info' alt='info'><i class='mdi-action-info-outline'></i></td>
																	<td class='timestamp'>21:17:11</td>
																	<td class='step-details'>CSR Application is launched</td>
																</tr>
																<tr>
																	<td class='status fail' title='fail' alt='fail'><i class='mdi-navigation-cancel'></i></td>
																	<td class='timestamp'>21:17:34</td>
																	<td class='step-details'>CSR login is failed</td>
																</tr>
																<tr>
																	<td class='status info' title='info' alt='info'><i class='mdi-action-info-outline'></i></td>
																	<td class='timestamp'>21:17:34</td>
																	<td class='step-details'>Borrower Registration has started</td>
																</tr>
																<tr>
																	<td class='status info' title='info' alt='info'><i class='mdi-action-info-outline'></i></td>
																	<td class='timestamp'>21:18:14</td>
																	<td class='step-details'>Exception occured org.openqa.selenium.NoSuchFrameException: No frame element found by name or id bottom
Build info: version: '3.14.0', revision: 'aacccce0', time: '2018-08-02T20:19:58.91Z'
System info: host: 'QTLSYS2-72PC', ip: '192.168.2.72', os.name: 'Windows 7', os</td>
																</tr>
																<tr>
																	<td class='status info' title='info' alt='info'><i class='mdi-action-info-outline'></i></td>
																	<td class='timestamp'>21:18:14</td>
																	<td class='step-details'><a href='C:\Copy of QC_Batch1\QC_Batch\QC_LOC/ExecutionReports/QCStore/LOC/FailedTestsScreenshots/ACHDeposit_EODs_Return_ReDeposit_Return2019.07.25.09.18.14.png' data-featherlight='image'><img class='report-img' src='file:///C:\Copy of QC_Batch1\QC_Batch\QC_LOC/ExecutionReports/QCStore/LOC/FailedTestsScreenshots/ACHDeposit_EODs_Return_ReDeposit_Return2019.07.25.09.18.14.png' /></a></td>
																</tr>
																<tr>
																	<td class='status info' title='info' alt='info'><i class='mdi-action-info-outline'></i></td>
																	<td class='timestamp'>21:18:14</td>
																	<td class='step-details'>Borrower Registration process is initiated again due to Application sync issue</td>
																</tr>
																<tr>
																	<td class='status info' title='info' alt='info'><i class='mdi-action-info-outline'></i></td>
																	<td class='timestamp'>21:18:16</td>
																	<td class='step-details'>Borrower Registration has started</td>
																</tr>
																<tr>
																	<td class='status info' title='info' alt='info'><i class='mdi-action-info-outline'></i></td>
																	<td class='timestamp'>21:18:37</td>
																	<td class='step-details'>Exception occured org.openqa.selenium.NoSuchElementException: Unable to find element with xpath == /html/body/blink/table/tbody/tr/td[4] (WARNING: The server did not provide any stacktrace information)
Command duration or timeout: 0 milliseconds
For documentation on t</td>
																</tr>
																<tr>
																	<td class='status info' title='info' alt='info'><i class='mdi-action-info-outline'></i></td>
																	<td class='timestamp'>21:18:37</td>
																	<td class='step-details'><a href='C:\Copy of QC_Batch1\QC_Batch\QC_LOC/ExecutionReports/QCStore/LOC/FailedTestsScreenshots/ACHDeposit_EODs_Return_ReDeposit_Return2019.07.25.09.18.37.png' data-featherlight='image'><img class='report-img' src='file:///C:\Copy of QC_Batch1\QC_Batch\QC_LOC/ExecutionReports/QCStore/LOC/FailedTestsScreenshots/ACHDeposit_EODs_Return_ReDeposit_Return2019.07.25.09.18.37.png' /></a></td>
																</tr>
																<tr>
																	<td class='status info' title='info' alt='info'><i class='mdi-action-info-outline'></i></td>
																	<td class='timestamp'>21:18:37</td>
																	<td class='step-details'>Borrower Registration process is initiated again due to Application sync issue</td>
																</tr>
																<tr>
																	<td class='status info' title='info' alt='info'><i class='mdi-action-info-outline'></i></td>
																	<td class='timestamp'>21:18:37</td>
																	<td class='step-details'>Borrower Registration has started</td>
																</tr>
																<tr>
																	<td class='status info' title='info' alt='info'><i class='mdi-action-info-outline'></i></td>
																	<td class='timestamp'>21:18:57</td>
																	<td class='step-details'>Exception occured org.openqa.selenium.NoSuchElementException: Unable to find element with xpath == /html/body/blink/table/tbody/tr/td[4] (WARNING: The server did not provide any stacktrace information)
Command duration or timeout: 0 milliseconds
For documentation on t</td>
																</tr>
																<tr>
																	<td class='status info' title='info' alt='info'><i class='mdi-action-info-outline'></i></td>
																	<td class='timestamp'>21:18:58</td>
																	<td class='step-details'><a href='C:\Copy of QC_Batch1\QC_Batch\QC_LOC/ExecutionReports/QCStore/LOC/FailedTestsScreenshots/ACHDeposit_EODs_Return_ReDeposit_Return2019.07.25.09.18.57.png' data-featherlight='image'><img class='report-img' src='file:///C:\Copy of QC_Batch1\QC_Batch\QC_LOC/ExecutionReports/QCStore/LOC/FailedTestsScreenshots/ACHDeposit_EODs_Return_ReDeposit_Return2019.07.25.09.18.57.png' /></a></td>
																</tr>
																<tr>
																	<td class='status info' title='info' alt='info'><i class='mdi-action-info-outline'></i></td>
																	<td class='timestamp'>21:18:58</td>
																	<td class='step-details'>Borrower Registration process is initiated again due to Application sync issue</td>
																</tr>
																<tr>
																	<td class='status fail' title='fail' alt='fail'><i class='mdi-navigation-cancel'></i></td>
																	<td class='timestamp'>21:18:58</td>
																	<td class='step-details'>Borrower Registration is failed</td>
																</tr>
																<tr>
																	<td class='status fail' title='fail' alt='fail'><i class='mdi-navigation-cancel'></i></td>
																	<td class='timestamp'>21:18:58</td>
																	<td class='step-details'>Test Case Failed is LOC_PayOff_Draw_Void_Txn</td>
																</tr>
																<tr>
																	<td class='status fail' title='fail' alt='fail'><i class='mdi-navigation-cancel'></i></td>
																	<td class='timestamp'>21:18:58</td>
																	<td class='step-details'><a href='C:\Copy of QC_Batch1\QC_Batch\QC_LOC/ExecutionReports/QCStore/LOC/FailedTestsScreenshots/LOC_PayOff_Draw_Void_Txn2019.07.25.09.18.58.png' data-featherlight='image'><img class='report-img' src='file:///C:\Copy of QC_Batch1\QC_Batch\QC_LOC/ExecutionReports/QCStore/LOC/FailedTestsScreenshots/LOC_PayOff_Draw_Void_Txn2019.07.25.09.18.58.png' /></a></td>
																</tr>
														</tbody>
													</table>
													<ul class='collapsible node-list' data-collapsible='accordion'>
													</ul>
												</div>
											</div>
										</li>
										<li class='collection-item test displayed active fail ' extentid='a3f3e2f5-ea48-4667-a282-77e5dddbb5ac'>
											<div class='test-head'>
												<span class='test-name'>Deposit_Return_PayOff </span>
												<span class='test-status label right outline capitalize fail'>fail</span>
												<span class='category-assigned hide '></span>
											</div>
											<div class='test-body'>
												<div class='test-info'>
													<span title='Test started time' alt='Test started time' class='test-started-time label green lighten-1 text-white'>2019-07-25 21:19:04</span>
													<span title='Test ended time' alt='Test ended time' class='test-ended-time label red lighten-1 text-white'></span>
													<span title='Time taken to finish' alt='Time taken to finish' class='test-time-taken label blue-grey lighten-3 text-white'></span>
												</div>
												<div class='test-desc'>Login->Borrower Registratino->New LOC=> Due Date-> ACH deposit->ACH return</div>
												<div class='test-attributes'>
												</div>
												<div class='test-steps'>
													<table class='bordered table-results'>
														<thead>
															<tr>
																<th>Status</th>
																<th>Timestamp</th>
																<th>Details</th>
															</tr>
														</thead>
														<tbody>
																<tr>
																	<td class='status info' title='info' alt='info'><i class='mdi-action-info-outline'></i></td>
																	<td class='timestamp'>21:19:08</td>
																	<td class='step-details'><FONT color=green style=Calibri > Opened the CSR URL https://qclocalreg/cc/demoIndex.do</td>
																</tr>
																<tr>
																	<td class='status info' title='info' alt='info'><i class='mdi-action-info-outline'></i></td>
																	<td class='timestamp'>21:19:08</td>
																	<td class='step-details'>CSR Application is launched</td>
																</tr>
																<tr>
																	<td class='status fail' title='fail' alt='fail'><i class='mdi-navigation-cancel'></i></td>
																	<td class='timestamp'>21:19:30</td>
																	<td class='step-details'>CSR login is failed</td>
																</tr>
																<tr>
																	<td class='status info' title='info' alt='info'><i class='mdi-action-info-outline'></i></td>
																	<td class='timestamp'>21:19:30</td>
																	<td class='step-details'>Borrower Registration has started</td>
																</tr>
																<tr>
																	<td class='status info' title='info' alt='info'><i class='mdi-action-info-outline'></i></td>
																	<td class='timestamp'>21:20:11</td>
																	<td class='step-details'>Exception occured org.openqa.selenium.NoSuchFrameException: No frame element found by name or id bottom
Build info: version: '3.14.0', revision: 'aacccce0', time: '2018-08-02T20:19:58.91Z'
System info: host: 'QTLSYS2-72PC', ip: '192.168.2.72', os.name: 'Windows 7', os</td>
																</tr>
																<tr>
																	<td class='status info' title='info' alt='info'><i class='mdi-action-info-outline'></i></td>
																	<td class='timestamp'>21:20:11</td>
																	<td class='step-details'><a href='C:\Copy of QC_Batch1\QC_Batch\QC_LOC/ExecutionReports/QCStore/LOC/FailedTestsScreenshots/ACHDeposit_EODs_Return_ReDeposit_Return2019.07.25.09.20.11.png' data-featherlight='image'><img class='report-img' src='file:///C:\Copy of QC_Batch1\QC_Batch\QC_LOC/ExecutionReports/QCStore/LOC/FailedTestsScreenshots/ACHDeposit_EODs_Return_ReDeposit_Return2019.07.25.09.20.11.png' /></a></td>
																</tr>
																<tr>
																	<td class='status info' title='info' alt='info'><i class='mdi-action-info-outline'></i></td>
																	<td class='timestamp'>21:20:11</td>
																	<td class='step-details'>Borrower Registration process is initiated again due to Application sync issue</td>
																</tr>
																<tr>
																	<td class='status info' title='info' alt='info'><i class='mdi-action-info-outline'></i></td>
																	<td class='timestamp'>21:20:14</td>
																	<td class='step-details'>Borrower Registration has started</td>
																</tr>
																<tr>
																	<td class='status info' title='info' alt='info'><i class='mdi-action-info-outline'></i></td>
																	<td class='timestamp'>21:20:35</td>
																	<td class='step-details'>Exception occured org.openqa.selenium.NoSuchElementException: Unable to find element with xpath == /html/body/blink/table/tbody/tr/td[4] (WARNING: The server did not provide any stacktrace information)
Command duration or timeout: 0 milliseconds
For documentation on t</td>
																</tr>
																<tr>
																	<td class='status info' title='info' alt='info'><i class='mdi-action-info-outline'></i></td>
																	<td class='timestamp'>21:20:35</td>
																	<td class='step-details'><a href='C:\Copy of QC_Batch1\QC_Batch\QC_LOC/ExecutionReports/QCStore/LOC/FailedTestsScreenshots/ACHDeposit_EODs_Return_ReDeposit_Return2019.07.25.09.20.35.png' data-featherlight='image'><img class='report-img' src='file:///C:\Copy of QC_Batch1\QC_Batch\QC_LOC/ExecutionReports/QCStore/LOC/FailedTestsScreenshots/ACHDeposit_EODs_Return_ReDeposit_Return2019.07.25.09.20.35.png' /></a></td>
																</tr>
																<tr>
																	<td class='status info' title='info' alt='info'><i class='mdi-action-info-outline'></i></td>
																	<td class='timestamp'>21:20:35</td>
																	<td class='step-details'>Borrower Registration process is initiated again due to Application sync issue</td>
																</tr>
																<tr>
																	<td class='status info' title='info' alt='info'><i class='mdi-action-info-outline'></i></td>
																	<td class='timestamp'>21:20:35</td>
																	<td class='step-details'>Borrower Registration has started</td>
																</tr>
																<tr>
																	<td class='status info' title='info' alt='info'><i class='mdi-action-info-outline'></i></td>
																	<td class='timestamp'>21:20:56</td>
																	<td class='step-details'>Exception occured org.openqa.selenium.NoSuchElementException: Unable to find element with xpath == /html/body/blink/table/tbody/tr/td[4] (WARNING: The server did not provide any stacktrace information)
Command duration or timeout: 0 milliseconds
For documentation on t</td>
																</tr>
																<tr>
																	<td class='status info' title='info' alt='info'><i class='mdi-action-info-outline'></i></td>
																	<td class='timestamp'>21:20:56</td>
																	<td class='step-details'><a href='C:\Copy of QC_Batch1\QC_Batch\QC_LOC/ExecutionReports/QCStore/LOC/FailedTestsScreenshots/ACHDeposit_EODs_Return_ReDeposit_Return2019.07.25.09.20.56.png' data-featherlight='image'><img class='report-img' src='file:///C:\Copy of QC_Batch1\QC_Batch\QC_LOC/ExecutionReports/QCStore/LOC/FailedTestsScreenshots/ACHDeposit_EODs_Return_ReDeposit_Return2019.07.25.09.20.56.png' /></a></td>
																</tr>
																<tr>
																	<td class='status info' title='info' alt='info'><i class='mdi-action-info-outline'></i></td>
																	<td class='timestamp'>21:20:56</td>
																	<td class='step-details'>Borrower Registration process is initiated again due to Application sync issue</td>
																</tr>
																<tr>
																	<td class='status fail' title='fail' alt='fail'><i class='mdi-navigation-cancel'></i></td>
																	<td class='timestamp'>21:20:56</td>
																	<td class='step-details'>Borrower Registration is failed</td>
																</tr>
																<tr>
																	<td class='status fail' title='fail' alt='fail'><i class='mdi-navigation-cancel'></i></td>
																	<td class='timestamp'>21:20:56</td>
																	<td class='step-details'>Test Case Failed is LOC_Deposit_Return_PayOff_Txn</td>
																</tr>
																<tr>
																	<td class='status fail' title='fail' alt='fail'><i class='mdi-navigation-cancel'></i></td>
																	<td class='timestamp'>21:20:56</td>
																	<td class='step-details'><a href='C:\Copy of QC_Batch1\QC_Batch\QC_LOC/ExecutionReports/QCStore/LOC/FailedTestsScreenshots/LOC_Deposit_Return_PayOff_Txn2019.07.25.09.20.56.png' data-featherlight='image'><img class='report-img' src='file:///C:\Copy of QC_Batch1\QC_Batch\QC_LOC/ExecutionReports/QCStore/LOC/FailedTestsScreenshots/LOC_Deposit_Return_PayOff_Txn2019.07.25.09.20.56.png' /></a></td>
																</tr>
														</tbody>
													</table>
													<ul class='collapsible node-list' data-collapsible='accordion'>
													</ul>
												</div>
											</div>
										</li>
								</ul>
							</div>
						</div>
					</div>
				</div>
				<div id='test-details-wrapper' class='col _addedCell2'>
					<div class='contents'>
						<div class='card-panel details-view'>
							<h5 class='details-name'></h5>
							<div class='step-filters right'>
								<span class='btn-floating btn-small waves-effect waves-light blue' status='info' alt='info' title='info'><i class='mdi-action-info-outline'></i></span>
								<span class='btn-floating btn-small waves-effect waves-light green' status='pass' alt='pass' title='pass'><i class='mdi-action-check-circle'></i></span>
								<span class='btn-floating btn-small waves-effect waves-light red' status='fail' alt='fail' title='fail'><i class='mdi-navigation-cancel'></i></span>
								<span class='btn-floating btn-small waves-effect waves-light red darken-4' status='fatal' alt='fatal' title='fatal'><i class='mdi-navigation-cancel'></i></span>
								<span class='btn-floating btn-small waves-effect waves-light red lighten-2' status='error' alt='error' title='error'><i class='mdi-alert-error'></i></span>
								<span class='btn-floating btn-small waves-effect waves-light orange' alt='warning' status='warning' title='warning'><i class='mdi-alert-warning'></i></span>
								<span class='btn-floating btn-small waves-effect waves-light cyan' status='skip' alt='skip' title='skip'><i class='mdi-content-redo'></i></span>
								<span class='btn-floating btn-small waves-effect waves-light grey darken-2' status='clear-step-filter' alt='Clear filters' title='Clear filters'><i class='mdi-content-clear'></i></span>
							</div>
							<div class='details-container'>
							</div>
						</div>
					</div>
				</div>
			</div>
			<!-- /tests -->
			
			<!-- categories -->
			<!-- /categories -->
			
			<!-- exceptions -->
			<!-- /exceptions -->
			
			<!-- testrunner logs -->
			<!-- /testrunner logs -->
			
		</div>
		<!-- /container -->
		
		<!-- test dashboard counts setting -->
		<div id='test-count-setting' class='modal bottom-sheet'> 
			<div class='modal-content'> 
				<h5>Configure Tests Count Setting</h5> 
				<input name='test-count-setting' type='radio' id='parentWithoutNodes' class='with-gap'> 
				<label for='parentWithoutNodes'>Parent Tests Only (Does not include child nodes in counts)</label> 
				<br> 
				<input name='test-count-setting' type='radio' id='parentWithoutNodesAndNodes' class='with-gap'> 
				<label for='parentWithoutNodesAndNodes'>Parent Tests Without Child Tests + Child Tests</label> 
				<br> 
				<input name='test-count-setting' type='radio' id='childNodes' class='with-gap'> 
				<label for='childNodes'>Child Tests Only</label> 
			</div> 
			<div class='modal-footer'> 
				<a href='#!' class='modal-action modal-close waves-effect waves-green btn'>Save</a> 
			</div> 
		</div>
		<!-- /test dashboard counts setting -->
		
		<!-- filter for step status -->
		<div id='step-status-filter' class='modal bottom-sheet'> 
			<div class='modal-content'> 
				<h5>Select status</h5> 
				<input checked class='filled-in' type='checkbox' id='step-dashboard-filter-pass'> 
				<label for='step-dashboard-filter-pass'>Pass</label> 
				<br> 
				<input checked class='filled-in' type='checkbox' id='step-dashboard-filter-fail'> 
				<label for='step-dashboard-filter-fail'>Fail</label> 
				<br> 
				<input checked class='filled-in' type='checkbox' id='step-dashboard-filter-fatal'> 
				<label for='step-dashboard-filter-fatal'>Fatal</label> 
				<br> 
				<input checked class='filled-in' type='checkbox' id='step-dashboard-filter-error'> 
				<label for='step-dashboard-filter-error'>Error</label> 
				<br> 
				<input checked class='filled-in' type='checkbox' id='step-dashboard-filter-warning'> 
				<label for='step-dashboard-filter-warning'>Warning</label> 
				<br> 
				<input checked class='filled-in' type='checkbox' id='step-dashboard-filter-skip'> 
				<label for='step-dashboard-filter-skip'>Skipped</label> 
				<br> 
				<input checked class='filled-in' type='checkbox' id='step-dashboard-filter-info'> 
				<label for='step-dashboard-filter-info'>Info</label> 
				<br> 
				<input checked class='filled-in' type='checkbox' id='step-dashboard-filter-unknown'> 
				<label for='step-dashboard-filter-unknown'>Unknown</label> 
			</div>
			<div class='modal-footer'> 
				<a href='#!' class='modal-action modal-close waves-effect waves-green btn'>Save</a> 
			</div> 
		</div>
		<!-- /filter for step status -->
		
		<script src='https://cdn.rawgit.com/anshooarora/extentreports/6032d73243ba4fe4fb8769eb9c315d4fdf16fe68/cdn/extent.js' type='text/javascript'></script>

		<script>$(document).ready(function() { $('.logo span').html('ExtentReports'); });</script>
		<script>
				
            
                $(document).ready(function() {
                    
                });
            
        
		</script>
	</body>
</html>
